\BOOKMARK [1][-]{section.1}{Preface to version 4}{}
\BOOKMARK [1][-]{section.2}{Preface to version 3}{}
\BOOKMARK [1][-]{section.3}{Introduction}{}
\BOOKMARK [1][-]{section.4}{Page geometry}{}
\BOOKMARK [2][-]{subsection.4.1}{Layout dimensions}{section.4}
\BOOKMARK [2][-]{subsection.4.2}{Auto-completion scheme}{section.4}
\BOOKMARK [1][-]{section.5}{User interface}{}
\BOOKMARK [2][-]{subsection.5.1}{General features}{section.5}
\BOOKMARK [2][-]{subsection.5.2}{Option types}{section.5}
\BOOKMARK [1][-]{section.6}{Option specification}{}
\BOOKMARK [2][-]{subsection.6.1}{Paper size}{section.6}
\BOOKMARK [2][-]{subsection.6.2}{Body size}{section.6}
\BOOKMARK [2][-]{subsection.6.3}{Margin size}{section.6}
\BOOKMARK [2][-]{subsection.6.4}{Native dimensions}{section.6}
\BOOKMARK [2][-]{subsection.6.5}{drivers}{section.6}
\BOOKMARK [2][-]{subsection.6.6}{Other options}{section.6}
\BOOKMARK [1][-]{section.7}{Default settings}{}
\BOOKMARK [2][-]{subsection.7.1}{Default layout}{section.7}
\BOOKMARK [2][-]{subsection.7.2}{Configuration file}{section.7}
\BOOKMARK [1][-]{section.8}{Relations between options}{}
\BOOKMARK [2][-]{subsection.8.1}{Order dependence}{section.8}
\BOOKMARK [2][-]{subsection.8.2}{Priority}{section.8}
\BOOKMARK [1][-]{section.9}{Examples}{}
\BOOKMARK [1][-]{section.10}{Known problems}{}
\BOOKMARK [1][-]{section.11}{Acknowledgments}{}
\BOOKMARK [1][-]{section.12}{Implementation}{}
\BOOKMARK [1][-]{section.13}{Config file}{}
\BOOKMARK [1][-]{section.14}{Sample file}{}
