This is TeX, Version 3.14159 (preloaded format=LaTeX 1999.7.24)  3 APR 2002 14:38
**&LaTeX crop.dtx
(crop.dtx
LaTeX2e <1999/06/01> patch level 1

LaTeX Warning: File `crop.ins' already exists on the system.
               Not generating it from this source.

(:TeX:Inputs:LaTeX:base:ltxdoc.cls
Document Class: ltxdoc 1999/04/17 v2.0t Standard LaTeX documentation class
(:TeX:Inputs:LaTeX:base:article.cls
Document Class: article 1999/01/07 v1.4a Standard LaTeX document class
(:TeX:Inputs:LaTeX:base:size10.clo
File: size10.clo 1999/01/07 v1.4a Standard LaTeX file (size option)
)
\c@part=\count79
\c@section=\count80
\c@subsection=\count81
\c@subsubsection=\count82
\c@paragraph=\count83
\c@subparagraph=\count84
\c@figure=\count85
\c@table=\count86
\abovecaptionskip=\skip41
\belowcaptionskip=\skip42
\bibindent=\dimen102
) (:TeX:Inputs:LaTeX:base:doc.sty
Package: doc 1999/03/25 v2.0h Standard LaTeX documentation package (FMi)
\c@StandardModuleDepth=\count87
\guard@level=\count88
\MacrocodeTopsep=\skip43
\MacroIndent=\dimen103
\macro@cnt=\count89
\MacroTopsep=\skip44
\index@excludelist=\toks14

(:TeX:Inputs:LaTeX:tools:multicol.sty
Package: multicol 1999/06/18 v1.5u multicolumn formatting (FMi)
\c@tracingmulticols=\count90
\mult@box=\box26
\multicol@leftmargin=\dimen104
\c@unbalance=\count91
\c@collectmore=\count92
\doublecol@number=\count93
\multicoltolerance=\count94
\multicolpretolerance=\count95
\full@width=\dimen105
\page@free=\dimen106
\premulticols=\dimen107
\postmulticols=\dimen108
\multicolsep=\skip45
\multicolbaselineskip=\skip46
\partial@page=\box27
\last@line=\box28
\mult@rightbox=\box29
\mult@grightbox=\box30
\mult@gfirstbox=\box31
\mult@firstbox=\box32
\@tempa=\box33
\@tempa=\box34
\@tempa=\box35
\@tempa=\box36
\@tempa=\box37
\@tempa=\box38
\@tempa=\box39
\@tempa=\box40
\@tempa=\box41
\@tempa=\box42
\@tempa=\box43
\@tempa=\box44
\@tempa=\box45
\@tempa=\box46
\@tempa=\box47
\@tempa=\box48
\@tempa=\box49
\c@columnbadness=\count96
\c@finalcolumnbadness=\count97
\last@try=\dimen109
\multicolovershoot=\dimen110
\multicolundershoot=\dimen111
\mult@nat@firstbox=\box50
\colbreak@box=\box51
)
\IndexMin=\dimen112
\c@IndexColumns=\count98
\GlossaryMin=\dimen113
\c@GlossaryColumns=\count99
\check@sum=\count100
\bslash@cnt=\count101
\wrong@table=\toks15
\c@CodelineNo=\count102
)) (crop.sty
Package: crop 2001/11/16 v1.6 cropmarks (mf)
\CROP@width=\dimen114
\CROP@height=\dimen115
\CROP@index=\count103

(:TeX:Inputs:LaTeX:graphics:graphics.sty
Package: graphics 1999/02/16 v1.0l Standard LaTeX Graphics (DPC,SPQR)
 (:TeX:Inputs:LaTeX:graphics:trig.sty
Package: trig 1999/03/16 v1.09 sin cos tan (DPC)
)
(:TeX:Inputs:LaTeX:graphics:graphics.cfg)
Package graphics Info: Driver file: dvips.def on input line 80.
 (:TeX:Inputs:LaTeX:graphics:dvips.def
File: dvips.def 1999/02/16 v3.0i Driver-dependant file (DPC,SPQR)
))
\CROP@offset=\count104
)
Package crop Info: using dvips graphics driver on input line 84.
 (crop.aux)
LaTeX Font Info:    Checking defaults for OML/cmm/m/it on input line 103.
LaTeX Font Info:    ... okay on input line 103.
LaTeX Font Info:    Checking defaults for T1/cmr/m/n on input line 103.
LaTeX Font Info:    ... okay on input line 103.
LaTeX Font Info:    Checking defaults for OT1/cmr/m/n on input line 103.
LaTeX Font Info:    ... okay on input line 103.
LaTeX Font Info:    Checking defaults for OMS/cmsy/m/n on input line 103.
LaTeX Font Info:    ... okay on input line 103.
LaTeX Font Info:    Checking defaults for OMX/cmex/m/n on input line 103.
LaTeX Font Info:    ... okay on input line 103.
LaTeX Font Info:    Checking defaults for U/cmr/m/n on input line 103.
LaTeX Font Info:    ... okay on input line 103.
Package doc Info: Made | a short reference for \verb on input line 103.
 (crop.dtx
***************************
* Character table correct *
***************************
LaTeX Font Info:    External font `cmex10' loaded for size
(Font)              <12> on input line 136.
LaTeX Font Info:    External font `cmex10' loaded for size
(Font)              <8> on input line 136.
LaTeX Font Info:    External font `cmex10' loaded for size
(Font)              <6> on input line 136.
LaTeX Font Info:    External font `cmex10' loaded for size
(Font)              <9> on input line 174.
LaTeX Font Info:    External font `cmex10' loaded for size
(Font)              <5> on input line 174.
(crop.toc
LaTeX Font Info:    External font `cmex10' loaded for size
(Font)              <7> on input line 4.
)
\tf@toc=\write3
 [1

] [2] [3] [4] [5] [6] [7] [8] [9] [10] [11] [12] [13] [14]
[15] [16] [17] [18]
*******************
* Checksum passed *
*******************
) [19] (crop.aux) ) 
Here is how much of TeX's memory you used:
 1010 strings out of 25909
 11302 string characters out of 68632
 69367 words of memory out of 200001
 3809 multiletter control sequences out of 10000
 13136 words of font info for 47 fonts, out of 80000 for 256
 14 hyphenation exceptions out of 2551
 30i,9n,21p,294b,754s stack positions out of 1000i,150n,200p,3000b,2000s

Output written on crop.dvi (19 pages, 55476 bytes).
