Latexmk: applying rule 'pdflatex'...
This is XeTeX, Version 3.14159265-2.6-0.99998 (TeX Live 2017/Debian) (preloaded format=xelatex)
 \write18 enabled.
entering extended mode
(./booksample-peerson.tex
LaTeX2e <2017-04-15>
Babel <3.18> and hyphenation patterns for 84 language(s) loaded.
(./newstyle-PearsonGeneric-7-38.cls
Document Class: newstyle-PearsonGeneric-7-38 1997/02/20 Prentice Hall Book Clas
s, February 1997
(/usr/share/texlive/texmf-dist/tex/latex/base/report.cls
Document Class: report 2014/09/29 v1.4h Standard LaTeX document class
(/usr/share/texlive/texmf-dist/tex/latex/base/size10.clo)))
(/usr/share/texlive/texmf-dist/tex/latex/geometry/geometry.sty
(/usr/share/texlive/texmf-dist/tex/latex/graphics/keyval.sty)
(/usr/share/texlive/texmf-dist/tex/generic/oberdiek/ifpdf.sty)
(/usr/share/texlive/texmf-dist/tex/generic/oberdiek/ifvtex.sty)
(/usr/share/texlive/texmf-dist/tex/generic/ifxetex/ifxetex.sty))

Package geometry Warning: Over-specification in `h'-direction.
    `width' (397.48499pt) is ignored.


Package geometry Warning: Over-specification in `v'-direction.
    `height' (534.79755pt) is ignored.

(/usr/share/texlive/texmf-dist/tex/latex/amsmath/amsmath.sty
For additional information on amsmath, use the `?' option.
(/usr/share/texlive/texmf-dist/tex/latex/amsmath/amstext.sty
(/usr/share/texlive/texmf-dist/tex/latex/amsmath/amsgen.sty))
(/usr/share/texlive/texmf-dist/tex/latex/amsmath/amsbsy.sty)
(/usr/share/texlive/texmf-dist/tex/latex/amsmath/amsopn.sty))
(/usr/share/texlive/texmf-dist/tex/latex/amsfonts/amsfonts.sty)
(/usr/share/texlive/texmf-dist/tex/latex/amsfonts/amssymb.sty)
(/usr/share/texlive/texmf-dist/tex/xelatex/mathspec/mathspec.sty
(/usr/share/texlive/texmf-dist/tex/latex/etoolbox/etoolbox.sty)
(/usr/share/texlive/texmf-dist/tex/latex/fontspec/fontspec.sty
(/usr/share/texlive/texmf-dist/tex/latex/l3packages/xparse/xparse.sty
(/usr/share/texlive/texmf-dist/tex/latex/l3kernel/expl3.sty
(/usr/share/texlive/texmf-dist/tex/latex/l3kernel/expl3-code.tex)
(/usr/share/texlive/texmf-dist/tex/latex/l3kernel/l3xdvipdfmx.def)))
(/usr/share/texlive/texmf-dist/tex/latex/fontspec/fontspec-xetex.sty
(/usr/share/texlive/texmf-dist/tex/latex/base/fontenc.sty
(/usr/share/texlive/texmf-dist/tex/latex/base/tuenc.def))
(/usr/share/texlive/texmf-dist/tex/latex/fontspec/fontspec.cfg)))
(/usr/share/texlive/texmf-dist/tex/latex/xkeyval/xkeyval.sty
(/usr/share/texlive/texmf-dist/tex/generic/xkeyval/xkeyval.tex
(/usr/share/texlive/texmf-dist/tex/generic/xkeyval/xkvutils.tex))))
*************************************************
* fontspec warning: "icu-feature-not-exist-in-font"
* 
* OpenType feature 'Ligatures=CommonOff' (liga) not available for font
* 'Cousine-Regular' with script '' and language ''.
*************************************************
*************************************************
* fontspec warning: "icu-feature-not-exist-in-font"
* 
* OpenType feature 'Ligatures=CommonOff' (liga) not available for font
* 'Cousine-Regular' with script '' and language ''.
*************************************************
*************************************************
* fontspec warning: "icu-feature-not-exist-in-font"
* 
* OpenType feature 'Ligatures=CommonOff' (liga) not available for font
* 'Cousine Bold' with script '' and language ''.
*************************************************
*************************************************
* fontspec warning: "icu-feature-not-exist-in-font"
* 
* OpenType feature 'Ligatures=CommonOff' (liga) not available for font
* 'Cousine-Regular/I' with script '' and language ''.
*************************************************
*************************************************
* fontspec warning: "icu-feature-not-exist-in-font"
* 
* OpenType feature 'Ligatures=CommonOff' (liga) not available for font
* 'Cousine-Italic' with script '' and language ''.
*************************************************
*************************************************
* fontspec warning: "icu-feature-not-exist-in-font"
* 
* OpenType feature 'Ligatures=CommonOff' (liga) not available for font
* 'Cousine Bold/I' with script '' and language ''.
*************************************************
*************************************************
* fontspec warning: "icu-feature-not-exist-in-font"
* 
* OpenType feature 'Ligatures=CommonOff' (liga) not available for font
* 'Cousine-Bold Italic' with script '' and language ''.
*************************************************
*************************************************
* fontspec warning: "icu-feature-not-exist-in-font"
* 
* OpenType feature 'Ligatures=CommonOff' (liga) not available for font
* 'Cousine-Bold' with script '' and language ''.
*************************************************
*************************************************
* fontspec warning: "icu-feature-not-exist-in-font"
* 
* OpenType feature 'Ligatures=CommonOff' (liga) not available for font
* 'Cousine-Bold' with script '' and language ''.
*************************************************
*************************************************
* fontspec warning: "icu-feature-not-exist-in-font"
* 
* OpenType feature 'Ligatures=CommonOff' (liga) not available for font
* 'Cousine-Bold' with script '' and language ''.
*************************************************
*************************************************
* fontspec warning: "icu-feature-not-exist-in-font"
* 
* OpenType feature 'Ligatures=CommonOff' (liga) not available for font
* 'Cousine-Bold' with script '' and language ''.
*************************************************
*************************************************
* fontspec warning: "icu-feature-not-exist-in-font"
* 
* OpenType feature 'Ligatures=CommonOff' (liga) not available for font
* 'Cousine-Bold' with script '' and language ''.
*************************************************
*************************************************
* fontspec warning: "icu-feature-not-exist-in-font"
* 
* OpenType feature 'Ligatures=CommonOff' (liga) not available for font
* 'Cousine-Bold' with script '' and language ''.
*************************************************
*************************************************
* fontspec warning: "icu-feature-not-exist-in-font"
* 
* OpenType feature 'Ligatures=CommonOff' (liga) not available for font
* 'Cousine-Bold' with script '' and language ''.
*************************************************
*************************************************
* fontspec warning: "icu-feature-not-exist-in-font"
* 
* OpenType feature 'Ligatures=CommonOff' (liga) not available for font
* 'Cousine-Bold' with script '' and language ''.
*************************************************
*************************************************
* fontspec warning: "icu-feature-not-exist-in-font"
* 
* OpenType feature 'Ligatures=CommonOff' (liga) not available for font
* 'Cousine-Regular' with script '' and language ''.
*************************************************
*************************************************
* fontspec warning: "icu-feature-not-exist-in-font"
* 
* OpenType feature 'Ligatures=CommonOff' (liga) not available for font
* 'Cousine-Regular' with script '' and language ''.
*************************************************
(./crop-AlteredCamMarks.sty

LaTeX Warning: You have requested package `crop-AlteredCamMarks',
               but the package provides `crop'.

(/usr/share/texlive/texmf-dist/tex/latex/graphics/color.sty
(/usr/share/texlive/texmf-dist/tex/latex/graphics-cfg/color.cfg)
(/usr/share/texlive/texmf-dist/tex/latex/graphics-def/xetex.def))
(/usr/share/texlive/texmf-dist/tex/latex/graphics/graphics.sty
(/usr/share/texlive/texmf-dist/tex/latex/graphics/trig.sty)
(/usr/share/texlive/texmf-dist/tex/latex/graphics-cfg/graphics.cfg))
(/usr/share/texlive/texmf-dist/tex/xelatex/xetexconfig/crop.cfg))
(/usr/share/texlive/texmf-dist/tex/latex/graphics/graphicx.sty)
(/usr/share/texlive/texmf-dist/tex/latex/float/float.sty)
(/usr/share/texlive/texmf-dist/tex/latex/wrapfig/wrapfig.sty)
(/usr/share/texlive/texmf-dist/tex/latex/outline/outline.sty)
(./framed-PearsonGeneric.sty)
(/usr/share/texlive/texmf-dist/tex/latex/listings/listings.sty
(/usr/share/texlive/texmf-dist/tex/latex/listings/lstmisc.sty)
(/usr/share/texlive/texmf-dist/tex/latex/listings/listings.cfg))
(/usr/share/texlive/texmf-dist/tex/latex/footmisc/footmisc.sty)
(/usr/share/texlive/texmf-dist/tex/latex/threeparttable/threeparttable.sty)
(/usr/share/texlive/texmf-dist/tex/latex/titleref/titleref.sty)
(/usr/share/texlive/texmf-dist/tex/latex/tools/xr.sty)
(/usr/share/texlive/texmf-dist/tex/latex/colortbl/colortbl.sty
(/usr/share/texlive/texmf-dist/tex/latex/tools/array.sty))
(/usr/share/texlive/texmf-dist/tex/latex/caption/caption.sty
(/usr/share/texlive/texmf-dist/tex/latex/caption/caption3.sty)

Package caption Warning: Unsupported document class (or package) detected,
(caption)                usage of the caption package is not recommended.
See the caption package documentation for explanation.

) (./tocloft-hacked-PearsonGeneric.sty

Package tocloft Note: The document has chapter divisions.

)
Writing index file booksample-peerson.idx
(./See-makeidx.sty) (./definitions-PearsonGeneric.tex)
\@input{common-peerson-preamble.aux}
(./common-peerson-preamble.tex) (./booksample-peerson.aux
(./booksample-half-title.aux) (./booksample-series.aux) (./booksample-title.aux
) (./booksample-CIP.aux) (./booksample-dedication.aux)
(./booksample-foreword.aux) (./booksample-preface.aux) (./booksample-ack.aux)
(./booksample-author.aux) (./booksample-p1.aux) (./booksample-ch1.aux)
(./booksample-ch2.aux) (./booksample-p2.aux) (./booksample-ch3.aux)
(./booksample-ch4.aux) (./booksample-appendix.aux))
*geometry* driver: auto-detecting
*geometry* detected driver: xetex

Package caption Warning: \caption will not be redefined since it's already
(caption)                redefined by a document class or package which is
(caption)                unknown to the caption package.
See the caption package documentation for explanation.

(./cft-definitions-PearsonGeneric.tex) (./booksample-half-title.tex) [1]
(./booksample-series.tex) [2] (./booksample-title.tex
(/usr/share/texlive/texmf-dist/tex/latex/amsfonts/umsa.fd)
(/usr/share/texlive/texmf-dist/tex/latex/amsfonts/umsb.fd)) [3]
(./booksample-CIP.tex
Underfull \hbox (badness 10000) in paragraph at lines 4--22


Underfull \hbox (badness 10000) in paragraph at lines 4--22


Underfull \hbox (badness 10000) in paragraph at lines 4--22


Underfull \hbox (badness 10000) in paragraph at lines 4--22


Underfull \hbox (badness 10000) in paragraph at lines 4--22


Underfull \hbox (badness 10000) in paragraph at lines 4--22


Underfull \hbox (badness 10000) in paragraph at lines 4--22


Underfull \hbox (badness 10000) in paragraph at lines 4--22

) [4] (./booksample-dedication.tex) [5] [6] (./booksample-peerson.toc) [7]
[8] (./booksample-foreword.tex) [9] (./booksample-preface.tex [10]) [11]
(./booksample-ack.tex [12]) [13] (./booksample-author.tex [14]) [15] [16]
(./booksample-p1.tex) [1] (./booksample-ch1.tex
Chapter 1.
(/usr/share/texlive/texmf-dist/tex/latex/listings/lstlang1.sty)
(/usr/share/texlive/texmf-dist/tex/latex/listings/lstlang1.sty)
(/usr/share/texlive/texmf-dist/tex/latex/listings/lstmisc.sty)
(/usr/share/texlive/texmf-dist/tex/latex/listings/lstlang1.sty)) [2]
(./booksample-ch2.tex
Chapter 2.
) [3] (./booksample-p2.tex) [4] (./booksample-ch3.tex
Chapter 3.
) [5] (./booksample-ch4.tex
Chapter 4.
) [6] (./booksample-peerson.bbl [7]) [8] (./booksample-peerson.ind)
(./booksample-appendix.tex
Appendix A.
[9]
Appendix B.
) [10]

Package caption Warning: Unused \captionsetup[table] on input line 82.
See the caption package documentation for explanation.

(./booksample-peerson.aux (./booksample-half-title.aux)
(./booksample-series.aux) (./booksample-title.aux) (./booksample-CIP.aux)
(./booksample-dedication.aux) (./booksample-foreword.aux)
(./booksample-preface.aux) (./booksample-ack.aux) (./booksample-author.aux)
(./booksample-p1.aux) (./booksample-ch1.aux) (./booksample-ch2.aux)
(./booksample-p2.aux) (./booksample-ch3.aux) (./booksample-ch4.aux)
(./booksample-appendix.aux)) )
(see the transcript file for additional information)
Output written on booksample-peerson.pdf (26 pages).
Transcript written on booksample-peerson.log.
Latexmk: All targets (booksample-peerson.pdf) are up-to-date
