This is pdfTeX, Version 3.14159265-2.6-1.40.17 (TeX Live 2016) (preloaded format=pdflatex 2016.11.20)  18 AUG 2020 12:41
entering extended mode
 \write18 enabled.
 %&-line parsing enabled.
**fancyhdr.dtx
(./fancyhdr.dtx
LaTeX2e <2016/03/31> patch level 3
Babel <3.9r> and hyphenation patterns for 83 language(s) loaded.
File: fancyhdr.dtx 
(/usr/local/texlive/2016/texmf-dist/tex/latex/base/ltxdoc.cls
Document Class: ltxdoc 2015/03/26 v2.0w Standard LaTeX documentation class
(/usr/local/texlive/2016/texmf-dist/tex/latex/base/article.cls
Document Class: article 2014/09/29 v1.4h Standard LaTeX document class
(/usr/local/texlive/2016/texmf-dist/tex/latex/base/size10.clo
File: size10.clo 2014/09/29 v1.4h Standard LaTeX file (size option)
)
\c@part=\count79
\c@section=\count80
\c@subsection=\count81
\c@subsubsection=\count82
\c@paragraph=\count83
\c@subparagraph=\count84
\c@figure=\count85
\c@table=\count86
\abovecaptionskip=\skip41
\belowcaptionskip=\skip42
\bibindent=\dimen102
)
(/usr/local/texlive/2016/texmf-dist/tex/latex/base/doc.sty
Package: doc 2016/02/15 v2.1g Standard LaTeX documentation package (FMi)
\c@StandardModuleDepth=\count87
\guard@level=\count88
\MacrocodeTopsep=\skip43
\MacroIndent=\dimen103
\macro@cnt=\count89
\MacroTopsep=\skip44
\index@excludelist=\toks14

(/usr/local/texlive/2016/texmf-dist/tex/latex/tools/multicol.sty
Package: multicol 2016/04/07 v1.8p multicolumn formatting (FMi)
\c@tracingmulticols=\count90
\mult@box=\box26
\multicol@leftmargin=\dimen104
\c@unbalance=\count91
\c@collectmore=\count92
\doublecol@number=\count93
\multicoltolerance=\count94
\multicolpretolerance=\count95
\full@width=\dimen105
\page@free=\dimen106
\premulticols=\dimen107
\postmulticols=\dimen108
\multicolsep=\skip45
\multicolbaselineskip=\skip46
\partial@page=\box27
\last@line=\box28
\maxbalancingoverflow=\dimen109
\mult@rightbox=\box29
\mult@grightbox=\box30
\mult@gfirstbox=\box31
\mult@firstbox=\box32
\@tempa=\box33
\@tempa=\box34
\@tempa=\box35
\@tempa=\box36
\@tempa=\box37
\@tempa=\box38
\@tempa=\box39
\@tempa=\box40
\@tempa=\box41
\@tempa=\box42
\@tempa=\box43
\@tempa=\box44
\@tempa=\box45
\@tempa=\box46
\@tempa=\box47
\@tempa=\box48
\@tempa=\box49
\c@columnbadness=\count96
\c@finalcolumnbadness=\count97
\last@try=\dimen110
\multicolovershoot=\dimen111
\multicolundershoot=\dimen112
\mult@nat@firstbox=\box50
\colbreak@box=\box51
\mc@col@check@num=\count98
)
\IndexMin=\dimen113
\c@IndexColumns=\count99
\GlossaryMin=\dimen114
\c@GlossaryColumns=\count100
\check@sum=\count101
\bslash@cnt=\count102
\wrong@table=\toks15
\c@CodelineNo=\count103
))
(./float.sty
Package: float 2001/11/08 v1.3d Float enhancements (AL)
\c@float@type=\count104
\float@exts=\toks16
\float@box=\box52
\@float@everytoks=\toks17
\@floatcapt=\box53
) (./makeidx.sty)
(/usr/local/texlive/2016/texmf-dist/tex/latex/tools/layout.sty
Package: layout 2014/10/28 v1.2c Show layout parameters
\oneinch=\count105
\cnt@paperwidth=\count106
\cnt@paperheight=\count107
\cnt@hoffset=\count108
\cnt@voffset=\count109
\cnt@textheight=\count110
\cnt@textwidth=\count111
\cnt@topmargin=\count112
\cnt@oddsidemargin=\count113
\cnt@evensidemargin=\count114
\cnt@headheight=\count115
\cnt@headsep=\count116
\cnt@marginparsep=\count117
\cnt@marginparwidth=\count118
\cnt@marginparpush=\count119
\cnt@footskip=\count120
\fheight=\count121
\ref@top=\count122
\ref@hoffset=\count123
\ref@voffset=\count124
\ref@head=\count125
\ref@body=\count126
\ref@foot=\count127
\ref@margin=\count128
\ref@marginwidth=\count129
\ref@marginpar=\count130
\Interval=\count131
\ExtraYPos=\count132
\PositionX=\count133
\PositionY=\count134
\ArrowLength=\count135
)
(/usr/local/texlive/2016/texmf-dist/tex/latex/tools/array.sty
Package: array 2014/10/28 v2.4c Tabular extension package (FMi)
\col@sep=\dimen115
\extrarowheight=\dimen116
\NC@list=\toks18
\extratabsurround=\skip47
\backup@length=\skip48
)
(/usr/local/texlive/2016/texmf-dist/tex/latex/booktabs/booktabs.sty
Package: booktabs 2016/04/27 v1.618033 publication quality tables
\heavyrulewidth=\dimen117
\lightrulewidth=\dimen118
\cmidrulewidth=\dimen119
\belowrulesep=\dimen120
\belowbottomsep=\dimen121
\aboverulesep=\dimen122
\abovetopsep=\dimen123
\cmidrulesep=\dimen124
\cmidrulekern=\dimen125
\defaultaddspace=\dimen126
\@cmidla=\count136
\@cmidlb=\count137
\@aboverulesep=\dimen127
\@belowrulesep=\dimen128
\@thisruleclass=\count138
\@lastruleclass=\count139
\@thisrulewidth=\dimen129
)
(/usr/local/texlive/2016/texmf-dist/tex/latex/boxedminipage/boxedminipage.sty)
(/usr/local/texlive/2016/texmf-dist/tex/latex/fourier/fourier-orns.sty
Package: fourier-orns 2004/01/30 1.1 fourier-ornaments package
)
(/usr/local/texlive/2016/texmf-dist/tex/latex/base/fontenc.sty
Package: fontenc 2016/06/19 v1.99m Standard LaTeX package

(/usr/local/texlive/2016/texmf-dist/tex/latex/base/t1enc.def
File: t1enc.def 2016/06/19 v1.99m Standard LaTeX file
LaTeX Font Info:    Redeclaring font encoding T1 on input line 48.
))
(/usr/local/texlive/2016/texmf-dist/tex/latex/url/url.sty
\Urlmuskip=\muskip10
Package: url 2013/09/16  ver 3.4  Verb mode for urls, etc.
)
(/usr/local/texlive/2016/texmf-dist/tex/latex/truncate/truncate.sty
Package: truncate 2001/08/20  ver 3.6
\@Trunc@RestHyph=\toks19
)
(./fancyhdr.sty
Package: fancyhdr 2019/01/31 v3.10 Extensive control of page headers and footer
s
\f@nch@headwidth=\skip49
\f@nch@O@elh=\skip50
\f@nch@O@erh=\skip51
\f@nch@O@olh=\skip52
\f@nch@O@orh=\skip53
\f@nch@O@elf=\skip54
\f@nch@O@erf=\skip55
\f@nch@O@olf=\skip56
\f@nch@O@orf=\skip57
)
\@indexfile=\write3
\openout3 = `fancyhdr.idx'.


Writing index file fancyhdr.idx
\@glossaryfile=\write4
\openout4 = `fancyhdr.glo'.

Writing glossary file fancyhdr.glo 
No file fancyhdr.aux.
\openout1 = `fancyhdr.aux'.

LaTeX Font Info:    Checking defaults for OML/cmm/m/it on input line 87.
LaTeX Font Info:    ... okay on input line 87.
LaTeX Font Info:    Checking defaults for T1/cmr/m/n on input line 87.
LaTeX Font Info:    ... okay on input line 87.
LaTeX Font Info:    Checking defaults for OT1/cmr/m/n on input line 87.
LaTeX Font Info:    ... okay on input line 87.
LaTeX Font Info:    Checking defaults for OMS/cmsy/m/n on input line 87.
LaTeX Font Info:    ... okay on input line 87.
LaTeX Font Info:    Checking defaults for OMX/cmex/m/n on input line 87.
LaTeX Font Info:    ... okay on input line 87.
LaTeX Font Info:    Checking defaults for U/cmr/m/n on input line 87.
LaTeX Font Info:    ... okay on input line 87.
Package doc Info: Made | a short reference for \verb on input line 87.
Package doc Info: Deleted | as a short reference for \verb(*) on input line 88.

(./fancyhdr.dtx
***************************
* Character table correct *
***************************
LaTeX Font Info:    Try loading font information for T1+cmss on input line 127.

(/usr/local/texlive/2016/texmf-dist/tex/latex/base/t1cmss.fd
File: t1cmss.fd 2014/09/29 v2.5h Standard LaTeX font definitions
)
LaTeX Font Info:    External font `cmex10' loaded for size
(Font)              <12> on input line 127.
LaTeX Font Info:    External font `cmex10' loaded for size
(Font)              <8> on input line 127.
LaTeX Font Info:    External font `cmex10' loaded for size
(Font)              <6> on input line 127.
LaTeX Font Info:    External font `cmex10' loaded for size
(Font)              <5> on input line 127.

No file fancyhdr.toc.
\tf@toc=\write5
\openout5 = `fancyhdr.toc'.

LaTeX Font Info:    External font `cmex10' loaded for size
(Font)              <7> on input line 151.
LaTeX Font Info:    Try loading font information for T1+cmtt on input line 164.

(/usr/local/texlive/2016/texmf-dist/tex/latex/base/t1cmtt.fd
File: t1cmtt.fd 2014/09/29 v2.5h Standard LaTeX font definitions
)
Underfull \hbox (badness 1048) in paragraph at lines 162--168
\T1/cmr/m/n/10 to a place where L[]T[]X can find it, prefer-ably in a di-rec-to
ry sim-i-lar to
 []

[1

{/usr/local/texlive/2016/texmf-var/fonts/map/pdftex/updmap/pdftex.map}]

LaTeX Warning: Marginpar on page 2 moved.


LaTeX Warning: Marginpar on page 2 moved.


LaTeX Warning: Marginpar on page 2 moved.


LaTeX Warning: Marginpar on page 2 moved.


LaTeX Warning: Reference `sec:book-examples' on page 2 undefined on input line 
201.


LaTeX Warning: Marginpar on page 2 moved.


LaTeX Warning: Marginpar on page 2 moved.


LaTeX Warning: Marginpar on page 2 moved.


LaTeX Warning: Marginpar on page 2 moved.


LaTeX Warning: Reference `sec:simple' on page 2 undefined on input line 220.


LaTeX Warning: Reference `sec:fancy' on page 2 undefined on input line 221.


LaTeX Warning: Reference `sec:book-examples' on page 2 undefined on input line 
221.


LaTeX Warning: Marginpar on page 2 moved.


LaTeX Warning: Marginpar on page 2 moved.


LaTeX Warning: Marginpar on page 2 moved.

[2]

LaTeX Warning: Reference `sec:float' on page 3 undefined on input line 238.


LaTeX Warning: Reference `sec:pagestyle-plain' on page 3 undefined on input lin
e 245.


LaTeX Warning: Marginpar on page 3 moved.


LaTeX Warning: Marginpar on page 3 moved.


LaTeX Warning: Marginpar on page 3 moved.


LaTeX Warning: Reference `sec:scoop' on page 3 undefined on input line 288.


LaTeX Warning: Reference `sec:xmarks' on page 3 undefined on input line 288.

[3] [4]
LaTeX Font Info:    External font `cmex10' loaded for size
(Font)              <20.74> on input line 291.
LaTeX Font Info:    External font `cmex10' loaded for size
(Font)              <14.4> on input line 291.


LaTeX Warning: Reference `fig:layout' on page 5 undefined on input line 297.

One-sided document style.

LaTeX Warning: Reference `sec:movie' on page 5 undefined on input line 342.


LaTeX Warning: Reference `sec:thumb' on page 5 undefined on input line 342.

[5] [6]

LaTeX Warning: Reference `sec:change' on page 7 undefined on input line 418.

LaTeX Font Info:    Try loading font information for OMS+cmr on input line 427.

(/usr/local/texlive/2016/texmf-dist/tex/latex/base/omscmr.fd
File: omscmr.fd 2014/09/29 v2.5h Standard LaTeX font definitions
)
LaTeX Font Info:    Font shape `OMS/cmr/m/n' in size <10> not available
(Font)              Font shape `OMS/cmsy/m/n' tried instead on input line 427.
 [7]

LaTeX Warning: Reference `sec:installation' on page 8 undefined on input line 4
41.

[8] [9]

LaTeX Warning: Reference `fig:sel' on page 10 undefined on input line 582.

LaTeX Font Info:    Font shape `T1/cmtt/bx/n' in size <14.4> not available
(Font)              Font shape `T1/cmtt/m/n' tried instead on input line 619.
[10]

LaTeX Warning: Reference `two-sided' on page 11 undefined on input line 661.

[11]

LaTeX Warning: Reference `default' on page 12 undefined on input line 748.

[12]

LaTeX Warning: Reference `fig:markers' on page 13 undefined on input line 779.


Underfull \hbox (badness 10000) in paragraph at lines 795--844

 []

[13]

LaTeX Warning: Reference `sec:xmarks' on page 14 undefined on input line 907.


LaTeX Warning: Reference `sec:xmarks' on page 14 undefined on input line 916.

[14] [15] [16]
LaTeX Font Info:    Try loading font information for U+futs on input line 1093.

 (/usr/local/texlive/2016/texmf-dist/tex/latex/fourier/ufuts.fd
File: ufuts.fd 2004/03/26 Fontinst v1.926 font definitions for U/futs.
)
[17] [18]

LaTeX Warning: Reference `sec:custom' on page 19 undefined on input line 1216.

[19] [20]
Underfull \hbox (badness 6910) in paragraph at lines 1296--1298
[]\T1/cmss/m/n/10 fancyhdr \T1/cmr/m/n/10 gives you the com-mands \T1/cmtt/m/n/
10 \iftopfloat\T1/cmr/m/n/10 , \T1/cmtt/m/n/10 \ifbotfloat \T1/cmr/m/n/10 and
 []

[21]
Overfull \hbox (32.4646pt too wide) in paragraph at lines 1385--1390
[]\T1/cmr/m/n/10 Basically this pack-age re-de-fines \T1/cmtt/m/n/10 \thepage \
T1/cmr/m/n/10 as \T1/cmtt/m/n/10 \thechapter\chappgsep\arabic{page}\T1/cmr/m/n/
10 ,
 []


Underfull \hbox (badness 2229) in paragraph at lines 1395--1399
[]\T1/cmr/m/n/10 To use a dif-fer-ent pre-fix, for ex-am-ple the sec-tion num-b
er, use the
 []

[22]

LaTeX Warning: Reference `sec:custom' on page 23 undefined on input line 1443.


LaTeX Warning: Reference `sec:xmarks' on page 23 undefined on input line 1443.


Overfull \hbox (23.29651pt too wide) in paragraph at lines 1441--1465
\T1/cmtt/m/n/10 \afterpage{\fancyhead[L]{new value}} \T1/cmr/m/n/10 or []\T1/cm
tt/m/n/10 \afterpage{\pagenumbering{roman}}\T1/cmr/m/n/10 .
 []

[23] [24] [25]

LaTeX Warning: Reference `sec:thumb' on page 26 undefined on input line 1615.

[26]

LaTeX Warning: Reference `fig:overview' on page 27 undefined on input line 1719
.


LaTeX Warning: Reference `fig:thumb' on page 27 undefined on input line 1720.

\c@line=\count140
[27] [28] [29] [30] [31] [32]

LaTeX Warning: Reference `tab:depr' on page 33 undefined on input line 2060.


LaTeX Warning: Reference `sec:pagestyle-plain' on page 33 undefined on input li
ne 2110.


Underfull \hbox (badness 10000) in paragraph at lines 2108--2111
[]\T1/cmr/m/n/10 The \T1/cmtt/m/n/10 \fancyplain \T1/cmr/m/n/10 com-mand is onl
y use-ful within the pagestyle
 []

[33] [34]

LaTeX Warning: Reference `sec:depr' on page 35 undefined on input line 2155.

[35]
Overfull \hbox (4.01233pt too wide) in paragraph at lines 2205--2205
[] \T1/cmtt/m/n/9 \section{This is a very long section title that will not fit 
in the header}[] 
 []


LaTeX Warning: Reference `sec:scoop' on page 36 undefined on input line 2222.


Overfull \hbox (4.01233pt too wide) in paragraph at lines 2234--2234
[]         \T1/cmtt/m/n/9 {This is a very long section title that will not fit 
in the header}[] 
 []


LaTeX Warning: Reference `sec:scoop' on page 36 undefined on input line 2245.

[36]
Overfull \hbox (4.01233pt too wide) in paragraph at lines 2254--2254
[] \T1/cmtt/m/n/9 \chapter{This is a very long chapter title that does not fit 
in the header}[] 
 []


Overfull \hbox (13.46002pt too wide) in paragraph at lines 2301--2301
[] \T1/cmtt/m/n/9 \newcommand{\Sectioniii}[3]{\section[#3]{#1\sectionmark{#2}}\
sectionmark{#2}}[] 
 []

[37] [38]
Underfull \hbox (badness 1189) in paragraph at lines 2564--2576
[]\T1/cmtt/m/n/10 \ifx\thecommand\undefined ... \T1/cmr/m/n/10 or []\T1/cmtt/m/
n/10 \ifx\thecommand\@undefined ... \T1/cmr/m/n/10 but
 []


Overfull \hbox (71.3652pt too wide) in paragraph at lines 2594--2594
 [][]\T1/cmtt/m/n/9 % \changes{fancyhdr v3.10}{2019/01/25}{Use \cs{\f@nch@ifund
efined} instead of \cs{ifx}.} 
 []


Overfull \hbox (33.57443pt too wide) in paragraph at lines 2594--2594
 [][]\T1/cmtt/m/n/9 % \changes{fancyhdr v3.10}{2019/01/25}{Use \cs{newcommand} 
instead of \cs{def}.} 
 []


Overfull \hbox (47.74597pt too wide) in paragraph at lines 2594--2594
 [][]  \T1/cmtt/m/n/9 \f@nch@ifundefined{PackageError}{\errmessage{#1}}{\Packag
eError{Fancyhdr}{#1}{}}} 
 []


Overfull \hbox (66.64136pt too wide) in paragraph at lines 2603--2603
 [][]  \T1/cmtt/m/n/9 \f@nch@ifundefined{PackageWarning}{\errmessage{#1}}{\Pack
ageWarning{Fancyhdr}{#1}{}}} 
 []

[39]
Overfull \hbox (33.57443pt too wide) in paragraph at lines 2617--2617
 [][]\T1/cmtt/m/n/9 % \changes{fancyhdr v3.10}{2019/01/25}{Use \cs{newcommand} 
instead of \cs{def}.} 
 []


Overfull \hbox (33.57443pt too wide) in paragraph at lines 2617--2617
 [][]\T1/cmtt/m/n/9 \newcommand{\f@nch@forc}[3]{\expandafter\f@rc\expandafter#1
\expandafter{#2}{#3}} 
 []


Underfull \hbox (badness 1189) in paragraph at lines 2683--2686
[]\T1/cmr/m/n/10 The com-mands for off-sets. Pick up the pa-ram-e-ters, and sup
-ply an 'h'
 []


Overfull \hbox (38.29828pt too wide) in paragraph at lines 2690--2690
 [][]\T1/cmtt/m/n/9 \newcommand{\fancyheadoffset}[2][]{\f@nch@fancyhfoffs\fancy
headoffset h[#1]{#2}}% 
 []


Overfull \hbox (38.29828pt too wide) in paragraph at lines 2690--2690
 [][]\T1/cmtt/m/n/9 \newcommand{\fancyfootoffset}[2][]{\f@nch@fancyhfoffs\fancy
footoffset f[#1]{#2}}% 
 []


Overfull \hbox (24.12674pt too wide) in paragraph at lines 2690--2690
 [][]\T1/cmtt/m/n/9 \newcommand{\fancyhfoffset}[2][]{\f@nch@fancyhfoffs\fancyhf
offset {}[#1]{#2}}% 
 []

[40]
Underfull \hbox (badness 3849) in paragraph at lines 2730--2742
\T1/cmr/m/n/10 (2) \T1/cmtt/m/n/10 h \T1/cmr/m/n/10 (for \T1/cmtt/m/n/10 \fancy
headoffset\T1/cmr/m/n/10 ), \T1/cmtt/m/n/10 f \T1/cmr/m/n/10 (for \T1/cmtt/m/n/
10 \fancyfootoffset\T1/cmr/m/n/10 ), or \T1/cmtt/m/n/10 {} \T1/cmr/m/n/10 (for
 []

[41] [42] [43] [44] [45]
Overfull \hbox (9.9552pt too wide) in paragraph at lines 3153--3153
 [][]    \T1/cmtt/m/n/9 \global\advance\headwidth123456789sp\global\advance\hea
dwidth\textwidth 
 []


Overfull \hbox (38.29828pt too wide) in paragraph at lines 3186--3186
 [][]  \T1/cmtt/m/n/9 \def\@oddhead{\f@nch@head\f@nch@Oolh\f@nch@olh\f@nch@och\
f@nch@orh\f@nch@Oorh}% 
 []


Overfull \hbox (38.29828pt too wide) in paragraph at lines 3186--3186
 [][]  \T1/cmtt/m/n/9 \def\@oddfoot{\f@nch@foot\f@nch@Oolf\f@nch@olf\f@nch@ocf\
f@nch@orf\f@nch@Oorf}% 
 []


Overfull \hbox (43.02213pt too wide) in paragraph at lines 3186--3186
 [][]  \T1/cmtt/m/n/9 \def\@evenhead{\f@nch@head\f@nch@Oelh\f@nch@elh\f@nch@ech
\f@nch@erh\f@nch@Oerh}% 
 []


Overfull \hbox (43.02213pt too wide) in paragraph at lines 3186--3186
 [][]  \T1/cmtt/m/n/9 \def\@evenfoot{\f@nch@foot\f@nch@Oelf\f@nch@elf\f@nch@ecf
\f@nch@erf\f@nch@Oerf}% 
 []

[46]
Underfull \hbox (badness 10000) in paragraph at lines 3222--3226
[]\T1/cmr/m/n/10 New def-i-ni-tions for the use of \T1/cmtt/m/n/10 \fancyhfoffs
et\T1/cmr/m/n/10 , \T1/cmtt/m/n/10 \fancyheadoffset\T1/cmr/m/n/10 ,
 []


Underfull \hbox (badness 3601) in paragraph at lines 3222--3226
\T1/cmtt/m/n/10 \fancyfootoffset\T1/cmr/m/n/10 . These cal-cu-late the \T1/cmtt
/m/n/10 \headwidth \T1/cmr/m/n/10 from \T1/cmtt/m/n/10 \textwidth
 []

[47]
Overfull \hbox (24.12674pt too wide) in paragraph at lines 3282--3282
 [][]  \T1/cmtt/m/n/9 \def\@makecol{\ifvoid\footins\f@nch@footnotefalse\else\f@
nch@footnotetrue\fi 
 []

[48]
Overfull \hbox (24.12674pt too wide) in paragraph at lines 3377--3377
 [][]  \T1/cmtt/m/n/9 \unrestored@protected@xdef\@themark{{\the\@temptokena}{#5
}\the\@temptokenb}} 
 []

[49]
No file fancyhdr.gls.
No file fancyhdr.ind.
*******************
* Checksum passed *
*******************
) [50] (./fancyhdr.aux)

LaTeX Warning: There were undefined references.


LaTeX Warning: Label(s) may have changed. Rerun to get cross-references right.

 ) 
Here is how much of TeX's memory you used:
 1524 strings out of 493013
 18795 string characters out of 6133342
 87846 words of memory out of 5000000
 5046 multiletter control sequences out of 15000+600000
 29320 words of font info for 62 fonts, out of 8000000 for 9000
 1141 hyphenation exceptions out of 8191
 30i,14n,43p,390b,729s stack positions out of 5000i,500n,10000p,200000b,80000s
{/usr/local/texlive/2016/texmf-dist/fonts/enc/dvips/cm-super/cm-super-t1.enc}
</usr/local/texlive/2016/texmf-dist/fonts/type1/public/amsfonts/cm/cmmi10.pfb><
/usr/local/texlive/2016/texmf-dist/fonts/type1/public/amsfonts/cm/cmr10.pfb></u
sr/local/texlive/2016/texmf-dist/fonts/type1/public/amsfonts/cm/cmr7.pfb></usr/
local/texlive/2016/texmf-dist/fonts/type1/public/amsfonts/cm/cmsy10.pfb></usr/l
ocal/texlive/2016/texmf-dist/fonts/type1/public/amsfonts/cm/cmsy6.pfb></usr/loc
al/texlive/2016/texmf-dist/fonts/type1/public/amsfonts/cm/cmsy8.pfb></usr/local
/texlive/2016/texmf-dist/fonts/type1/public/fourier/fourier-orns.pfb></usr/loca
l/texlive/2016/texmf-dist/fonts/type1/public/amsfonts/latxfont/lcircle1.pfb></u
sr/local/texlive/2016/texmf-dist/fonts/type1/public/amsfonts/latxfont/line10.pf
b></usr/local/texlive/2016/texmf-dist/fonts/type1/public/cm-super/sfbi1000.pfb>
</usr/local/texlive/2016/texmf-dist/fonts/type1/public/cm-super/sfbx0900.pfb></
usr/local/texlive/2016/texmf-dist/fonts/type1/public/cm-super/sfbx1000.pfb></us
r/local/texlive/2016/texmf-dist/fonts/type1/public/cm-super/sfbx1200.pfb></usr/
local/texlive/2016/texmf-dist/fonts/type1/public/cm-super/sfbx1440.pfb></usr/lo
cal/texlive/2016/texmf-dist/fonts/type1/public/cm-super/sfbx2074.pfb></usr/loca
l/texlive/2016/texmf-dist/fonts/type1/public/cm-super/sfcc1000.pfb></usr/local/
texlive/2016/texmf-dist/fonts/type1/public/cm-super/sfrm0500.pfb></usr/local/te
xlive/2016/texmf-dist/fonts/type1/public/cm-super/sfrm0600.pfb></usr/local/texl
ive/2016/texmf-dist/fonts/type1/public/cm-super/sfrm0700.pfb></usr/local/texliv
e/2016/texmf-dist/fonts/type1/public/cm-super/sfrm0800.pfb></usr/local/texlive/
2016/texmf-dist/fonts/type1/public/cm-super/sfrm0900.pfb></usr/local/texlive/20
16/texmf-dist/fonts/type1/public/cm-super/sfrm1000.pfb></usr/local/texlive/2016
/texmf-dist/fonts/type1/public/cm-super/sfrm1200.pfb></usr/local/texlive/2016/t
exmf-dist/fonts/type1/public/cm-super/sfrm1728.pfb></usr/local/texlive/2016/tex
mf-dist/fonts/type1/public/cm-super/sfsl1000.pfb></usr/local/texlive/2016/texmf
-dist/fonts/type1/public/cm-super/sfss0800.pfb></usr/local/texlive/2016/texmf-d
ist/fonts/type1/public/cm-super/sfss0900.pfb></usr/local/texlive/2016/texmf-dis
t/fonts/type1/public/cm-super/sfss1000.pfb></usr/local/texlive/2016/texmf-dist/
fonts/type1/public/cm-super/sfss1728.pfb></usr/local/texlive/2016/texmf-dist/fo
nts/type1/public/cm-super/sfsx1440.pfb></usr/local/texlive/2016/texmf-dist/font
s/type1/public/cm-super/sfti0600.pfb></usr/local/texlive/2016/texmf-dist/fonts/
type1/public/cm-super/sfti0700.pfb></usr/local/texlive/2016/texmf-dist/fonts/ty
pe1/public/cm-super/sfti0800.pfb></usr/local/texlive/2016/texmf-dist/fonts/type
1/public/cm-super/sfti1000.pfb></usr/local/texlive/2016/texmf-dist/fonts/type1/
public/cm-super/sftt0800.pfb></usr/local/texlive/2016/texmf-dist/fonts/type1/pu
blic/cm-super/sftt0900.pfb></usr/local/texlive/2016/texmf-dist/fonts/type1/publ
ic/cm-super/sftt1000.pfb></usr/local/texlive/2016/texmf-dist/fonts/type1/public
/cm-super/sftt1440.pfb>
Output written on fancyhdr.pdf (50 pages, 665378 bytes).
PDF statistics:
 321 PDF objects out of 1000 (max. 8388607)
 228 compressed objects within 3 object streams
 0 named destinations out of 1000 (max. 500000)
 1 words of extra memory for PDF output out of 10000 (max. 10000000)

