This is XeTeX, Version 3.14159265-2.6-0.999992 (TeX Live 2020) (preloaded format=xelatex 2020.4.7)  30 OCT 2020 10:00
entering extended mode
 restricted \write18 enabled.
 %&-line parsing enabled.
**tableerror.tex
(./tableerror.tex
LaTeX2e <2020-02-02> patch level 5
L3 programming layer <2020-03-06> (./newstyle-PearsonGeneric-7-38-ROMEO.cls
Document Class: newstyle-PearsonGeneric-7-38-ROMEO 1997/02/20 Prentice Hall Boo
k Class, February 1997
(/usr/local/texlive/2020/texmf-dist/tex/latex/base/report.cls
Document Class: report 2019/12/20 v1.4l Standard LaTeX document class
(/usr/local/texlive/2020/texmf-dist/tex/latex/base/size10.clo
File: size10.clo 2019/12/20 v1.4l Standard LaTeX file (size option)
)
\c@part=\count163
\c@chapter=\count164
\c@section=\count165
\c@subsection=\count166
\c@subsubsection=\count167
\c@paragraph=\count168
\c@subparagraph=\count169
\c@figure=\count170
\c@table=\count171
\abovecaptionskip=\skip47
\belowcaptionskip=\skip48
\bibindent=\dimen134
)
\TestCount=\count172
\c@exercisectr=\count173
\c@computerctr=\count174
\captsize=\skip49
\captwidth=\skip50
\beforetableskip=\skip51
\c@probnum=\count175
)
(/usr/local/texlive/2020/texmf-dist/tex/latex/geometry/geometry.sty
Package: geometry 2020/01/02 v5.9 Page Geometry

(./keyval.sty
Package: keyval 1999/03/16 v1.13 key=value parser (DPC)
\KV@toks@=\toks15
) (/usr/local/texlive/2020/texmf-dist/tex/generic/iftex/ifvtex.sty
Package: ifvtex 2019/10/25 v1.7 ifvtex legacy package. Use iftex instead.
(/usr/local/texlive/2020/texmf-dist/tex/generic/iftex/iftex.sty
Package: iftex 2020/03/06 v1.0d TeX engine tests
))
\Gm@cnth=\count176
\Gm@cntv=\count177
\c@Gm@tempcnt=\count178
\Gm@bindingoffset=\dimen135
\Gm@wd@mp=\dimen136
\Gm@odd@mp=\dimen137
\Gm@even@mp=\dimen138
\Gm@layoutwidth=\dimen139
\Gm@layoutheight=\dimen140
\Gm@layouthoffset=\dimen141
\Gm@layoutvoffset=\dimen142
\Gm@dimlist=\toks16
)

Package geometry Warning: Over-specification in `h'-direction.
    `width' (397.48499pt) is ignored.


Package geometry Warning: Over-specification in `v'-direction.
    `height' (534.79755pt) is ignored.

(./crop-AlteredCamMarks.sty

LaTeX Warning: You have requested package `crop-AlteredCamMarks',
               but the package provides `crop'.

Package: crop 2003/05/20 v1.9 crop marks (mf)
\stockwidth=\dimen143
\stockheight=\dimen144
\CROP@index=\count179
(./color.sty
Package: color 2005/11/14 v1.0j Standard LaTeX Color (DPC)

(/usr/local/texlive/2020/texmf-dist/tex/latex/graphics-cfg/color.cfg
File: color.cfg 2016/01/02 v1.6 sample color configuration
)
Package color Info: Driver file: xetex.def on input line 130.

(/usr/local/texlive/2020/texmf-dist/tex/latex/graphics-def/xetex.def
File: xetex.def 2017/06/24 v5.0h Graphics/color driver for xetex
))
(/usr/local/texlive/2020/texmf-dist/tex/latex/graphics/graphics.sty
Package: graphics 2019/11/30 v1.4a Standard LaTeX Graphics (DPC,SPQR)

(/usr/local/texlive/2020/texmf-dist/tex/latex/graphics/trig.sty
Package: trig 2016/01/03 v1.10 sin cos tan (DPC)
)
(/usr/local/texlive/2020/texmf-dist/tex/latex/graphics-cfg/graphics.cfg
File: graphics.cfg 2016/06/04 v1.11 sample graphics configuration
)
Package graphics Info: Driver file: xetex.def on input line 105.
)
\CROP@offset=\count180
Package crop Info: Local config file crop.cfg used on input line 611.

(/usr/local/texlive/2020/texmf-dist/tex/xelatex/xetexconfig/crop.cfg))
(./graphicx.sty
Package: graphicx 1999/02/16 v1.0f Enhanced LaTeX Graphics (DPC,SPQR)
\Gin@req@height=\dimen145
\Gin@req@width=\dimen146
) (./fancyhdr.sty
Package: fancyhdr 2019/01/31 v3.10 Extensive control of page headers and footer
s
\f@nch@headwidth=\skip52
\f@nch@O@elh=\skip53
\f@nch@O@erh=\skip54
\f@nch@O@olh=\skip55
\f@nch@O@orh=\skip56
\f@nch@O@elf=\skip57
\f@nch@O@erf=\skip58
\f@nch@O@olf=\skip59
\f@nch@O@orf=\skip60
) (./extramarks.sty
Package: extramarks 2019/01/31 v3.10 Extra marks for LaTeX
\@temptokenb=\toks17
)
\c@cppxx=\count181
 (./amsmath.sty
Package: amsmath 1996/11/01 v1.2c AMS math features
\@mathmargin=\skip61

(/usr/local/texlive/2020/texmf-dist/tex/latex/amsmath/amstext.sty
Package: amstext 2000/06/29 v2.01 AMS text

(/usr/local/texlive/2020/texmf-dist/tex/latex/amsmath/amsgen.sty
File: amsgen.sty 1999/11/30 v2.0 generic functions
\@emptytoks=\toks18
\ex@=\dimen147
))
(/usr/local/texlive/2020/texmf-dist/tex/latex/amsmath/amsbsy.sty
Package: amsbsy 1999/11/29 v1.2d Bold Symbols
\pmbraise@=\dimen148
)
(/usr/local/texlive/2020/texmf-dist/tex/latex/amsmath/amsopn.sty
Package: amsopn 2016/03/08 v2.02 operator names
)
LaTeX Info: Redefining \frac on input line 187.
\uproot@=\count182
\leftroot@=\count183
\classnum@=\count184
\DOTSCASE@=\count185
LaTeX Info: Redefining \dots on input line 334.
LaTeX Info: Redefining \ldots on input line 417.
LaTeX Info: Redefining \cdots on input line 421.
\Mathstrutbox@=\box45
\strutbox@=\box46
\big@size=\dimen149
LaTeX Font Info:    Redeclaring font encoding OML on input line 499.
LaTeX Font Info:    Redeclaring font encoding OMS on input line 500.
\skewcharcount@=\count186
\familycount@=\count187
\pointcount@=\count188
\accentdimen@=\dimen150
\accentmu@=\count189
\minaw@=\dimen151
\c@MaxMatrixCols=\count190
\dotsspace@=\muskip16
\c@parentequation=\count191
\dspbrk@lvl=\count192
\tag@help=\toks19
\row@=\count193
\column@=\count194
\maxfields@=\count195
\andhelp@=\toks20
\eqnshift@=\dimen152
\alignsep@=\dimen153
\tagshift@=\dimen154
\tagwidth@=\dimen155
\totwidth@=\dimen156
\lineht@=\dimen157
\@envbody=\toks21
\multlinegap=\skip62
\multlinetaggap=\skip63
)
(/usr/local/texlive/2020/texmf-dist/tex/xelatex/mathspec/mathspec.sty
Package: mathspec 2016/12/22 v0.2b LaTeX Package (Mathematics font selection fo
r XeLaTeX)

(/usr/local/texlive/2020/texmf-dist/tex/latex/etoolbox/etoolbox.sty
Package: etoolbox 2019/09/21 v2.5h e-TeX tools for LaTeX (JAW)
\etb@tempcnta=\count196
)
(/usr/local/texlive/2020/texmf-dist/tex/generic/iftex/ifxetex.sty
Package: ifxetex 2019/10/25 v0.7 ifxetex legacy package. Use iftex instead.
)
(/usr/local/texlive/2020/texmf-dist/tex/latex/fontspec/fontspec.sty
(/usr/local/texlive/2020/texmf-dist/tex/latex/l3packages/xparse/xparse.sty
(/usr/local/texlive/2020/texmf-dist/tex/latex/l3kernel/expl3.sty
Package: expl3 2020-03-06 L3 programming layer (loader) 

(/usr/local/texlive/2020/texmf-dist/tex/latex/l3backend/l3backend-xdvipdfmx.def
File: l3backend-xdvipdfmx.def 2020-03-12 L3 backend support: xdvipdfmx
\g__graphics_track_int=\count197
\l__pdf_internal_box=\box47
\g__pdf_backend_object_int=\count198
\g__pdf_backend_annotation_int=\count199
))
Package: xparse 2020-03-06 L3 Experimental document command parser
\l__xparse_current_arg_int=\count266
\g__xparse_grabber_int=\count267
\l__xparse_m_args_int=\count268
\l__xparse_v_nesting_int=\count269
)
Package: fontspec 2020/02/21 v2.7i Font selection for XeLaTeX and LuaLaTeX
 (/usr/local/texlive/2020/texmf-dist/tex/latex/fontspec/fontspec-xetex.sty
Package: fontspec-xetex 2020/02/21 v2.7i Font selection for XeLaTeX and LuaLaTe
X
\l__fontspec_script_int=\count270
\l__fontspec_language_int=\count271
\l__fontspec_strnum_int=\count272
\l__fontspec_tmp_int=\count273
\l__fontspec_tmpa_int=\count274
\l__fontspec_tmpb_int=\count275
\l__fontspec_tmpc_int=\count276
\l__fontspec_em_int=\count277
\l__fontspec_emdef_int=\count278
\l__fontspec_strong_int=\count279
\l__fontspec_strongdef_int=\count280
\l__fontspec_tmpa_dim=\dimen158
\l__fontspec_tmpb_dim=\dimen159
\l__fontspec_tmpc_dim=\dimen160

(/usr/local/texlive/2020/texmf-dist/tex/latex/base/fontenc.sty
Package: fontenc 2020/02/11 v2.0o Standard LaTeX package
)
(/usr/local/texlive/2020/texmf-dist/tex/latex/fontspec/fontspec.cfg)))
(/usr/local/texlive/2020/texmf-dist/tex/latex/xkeyval/xkeyval.sty
Package: xkeyval 2014/12/03 v2.7a package option processing (HA)

(/usr/local/texlive/2020/texmf-dist/tex/generic/xkeyval/xkeyval.tex
(/usr/local/texlive/2020/texmf-dist/tex/generic/xkeyval/xkvutils.tex
\XKV@toks=\toks22
\XKV@tempa@toks=\toks23
)
\XKV@depth=\count281
File: xkeyval.tex 2014/12/03 v2.7a key=value parser (HA)
))
\c@eu@=\count282
\c@eu@i=\count283
\c@mkern=\count284
)

Package fontspec Warning: OpenType feature 'Ligatures=CommonOff' (liga) not
(fontspec)                available for font 'Cousine Regular' with script
(fontspec)                'CustomDefault' and language 'Default'.


Package fontspec Warning: OpenType feature 'Ligatures=CommonOff' (liga) not
(fontspec)                available for font 'Cousine Regular' with script
(fontspec)                'CustomDefault' and language 'Default'.


Package fontspec Warning: OpenType feature 'Ligatures=CommonOff' (liga) not
(fontspec)                available for font 'Cousine Bold' with script
(fontspec)                'CustomDefault' and language 'Default'.


Package fontspec Warning: OpenType feature 'Ligatures=CommonOff' (liga) not
(fontspec)                available for font 'Cousine Regular/I' with script
(fontspec)                'CustomDefault' and language 'Default'.


Package fontspec Warning: OpenType feature 'Ligatures=CommonOff' (liga) not
(fontspec)                available for font 'Cousine Italic' with script
(fontspec)                'CustomDefault' and language 'Default'.


Package fontspec Warning: OpenType feature 'Ligatures=CommonOff' (liga) not
(fontspec)                available for font 'Cousine Bold/I' with script
(fontspec)                'CustomDefault' and language 'Default'.


Package fontspec Warning: OpenType feature 'Ligatures=CommonOff' (liga) not
(fontspec)                available for font 'Cousine Bold Italic' with script
(fontspec)                'CustomDefault' and language 'Default'.


Package fontspec Info: Font family 'CousineRegular(0)' created for font
(fontspec)             'Cousine Regular' with options
(fontspec)             [WordSpace={1,0,0},HyphenChar=None,PunctuationSpace=Word
Space,Ligatures=NoCommon,Scale=.9,SlantedFont={Cousine
(fontspec)             Italic},BoldFont={Cousine
(fontspec)             Bold},BoldSlantedFont={Cousine Bold Italic}].
(fontspec)              
(fontspec)              This font family consists of the following NFSS
(fontspec)             series/shapes:
(fontspec)              
(fontspec)             - 'normal' (m/n) with NFSS spec.: <->s*[.9]"Cousine
(fontspec)             Regular/OT:language=dflt;"
(fontspec)             - 'small caps'  (m/sc) with NFSS spec.: 
(fontspec)             and font adjustment code:
(fontspec)             \fontdimen 2\font =1\fontdimen 2\font \fontdimen 3\font
(fontspec)             =0\fontdimen 3\font \fontdimen 4\font =0\fontdimen
(fontspec)             4\font \fontdimen 7\font =0\fontdimen 2\font
(fontspec)             \tex_hyphenchar:D \font =-1\scan_stop: 
(fontspec)             - 'bold' (b/n) with NFSS spec.: <->s*[.9]"Cousine
(fontspec)             Bold/OT:language=dflt;"
(fontspec)             - 'bold small caps'  (b/sc) with NFSS spec.: 
(fontspec)             and font adjustment code:
(fontspec)             \fontdimen 2\font =1\fontdimen 2\font \fontdimen 3\font
(fontspec)             =0\fontdimen 3\font \fontdimen 4\font =0\fontdimen
(fontspec)             4\font \fontdimen 7\font =0\fontdimen 2\font
(fontspec)             \tex_hyphenchar:D \font =-1\scan_stop: 
(fontspec)             - 'italic' (m/it) with NFSS spec.: <->s*[.9]"Cousine
(fontspec)             Regular/I/OT:language=dflt;"
(fontspec)             - 'italic small caps'  (m/scit) with NFSS spec.: 
(fontspec)             and font adjustment code:
(fontspec)             \fontdimen 2\font =1\fontdimen 2\font \fontdimen 3\font
(fontspec)             =0\fontdimen 3\font \fontdimen 4\font =0\fontdimen
(fontspec)             4\font \fontdimen 7\font =0\fontdimen 2\font
(fontspec)             \tex_hyphenchar:D \font =-1\scan_stop: 
(fontspec)             - 'slanted' (m/sl) with NFSS spec.: <->s*[.9]"Cousine
(fontspec)             Italic/OT:language=dflt;"
(fontspec)             - 'slanted small caps'  (m/scsl) with NFSS spec.: 
(fontspec)             and font adjustment code:
(fontspec)             \fontdimen 2\font =1\fontdimen 2\font \fontdimen 3\font
(fontspec)             =0\fontdimen 3\font \fontdimen 4\font =0\fontdimen
(fontspec)             4\font \fontdimen 7\font =0\fontdimen 2\font
(fontspec)             \tex_hyphenchar:D \font =-1\scan_stop: 
(fontspec)             - 'bold italic' (b/it) with NFSS spec.:
(fontspec)             <->s*[.9]"Cousine Bold/I/OT:language=dflt;"
(fontspec)             - 'bold italic small caps'  (b/scit) with NFSS spec.: 
(fontspec)             and font adjustment code:
(fontspec)             \fontdimen 2\font =1\fontdimen 2\font \fontdimen 3\font
(fontspec)             =0\fontdimen 3\font \fontdimen 4\font =0\fontdimen
(fontspec)             4\font \fontdimen 7\font =0\fontdimen 2\font
(fontspec)             \tex_hyphenchar:D \font =-1\scan_stop: 
(fontspec)             - 'bold slanted' (b/sl) with NFSS spec.:
(fontspec)             <->s*[.9]"Cousine Bold Italic/OT:language=dflt;"
(fontspec)             - 'bold slanted small caps'  (b/scsl) with NFSS spec.: 
(fontspec)             and font adjustment code:
(fontspec)             \fontdimen 2\font =1\fontdimen 2\font \fontdimen 3\font
(fontspec)             =0\fontdimen 3\font \fontdimen 4\font =0\fontdimen
(fontspec)             4\font \fontdimen 7\font =0\fontdimen 2\font
(fontspec)             \tex_hyphenchar:D \font =-1\scan_stop: 


Package fontspec Warning: OpenType feature 'Ligatures=CommonOff' (liga) not
(fontspec)                available for font 'Cousine Bold' with script
(fontspec)                'CustomDefault' and language 'Default'.


Package fontspec Warning: OpenType feature 'Ligatures=CommonOff' (liga) not
(fontspec)                available for font 'Cousine Bold' with script
(fontspec)                'CustomDefault' and language 'Default'.


Package fontspec Info: Font family 'CousineBold(0)' created for font 'Cousine
(fontspec)             Bold' with options
(fontspec)             [BoldFont={},ItalicFont={},SmallCapsFont={},Ligatures=No
Common,Scale=1.3].
(fontspec)              
(fontspec)              This font family consists of the following NFSS
(fontspec)             series/shapes:
(fontspec)              
(fontspec)             - 'normal' (m/n) with NFSS spec.: <->s*[1.3]"Cousine
(fontspec)             Bold/OT:language=dflt;"
(fontspec)             - 'small caps'  (m/sc) with NFSS spec.: 


Package fontspec Warning: OpenType feature 'Ligatures=CommonOff' (liga) not
(fontspec)                available for font 'Cousine Bold' with script
(fontspec)                'CustomDefault' and language 'Default'.


Package fontspec Warning: OpenType feature 'Ligatures=CommonOff' (liga) not
(fontspec)                available for font 'Cousine Bold' with script
(fontspec)                'CustomDefault' and language 'Default'.


Package fontspec Info: Font family 'CousineBold(1)' created for font 'Cousine
(fontspec)             Bold' with options
(fontspec)             [BoldFont={},ItalicFont={},SmallCapsFont={},Ligatures=No
Common,Scale=1.1].
(fontspec)              
(fontspec)              This font family consists of the following NFSS
(fontspec)             series/shapes:
(fontspec)              
(fontspec)             - 'normal' (m/n) with NFSS spec.: <->s*[1.1]"Cousine
(fontspec)             Bold/OT:language=dflt;"
(fontspec)             - 'small caps'  (m/sc) with NFSS spec.: 


Package fontspec Warning: OpenType feature 'Ligatures=CommonOff' (liga) not
(fontspec)                available for font 'Cousine Bold' with script
(fontspec)                'CustomDefault' and language 'Default'.


Package fontspec Warning: OpenType feature 'Ligatures=CommonOff' (liga) not
(fontspec)                available for font 'Cousine Bold' with script
(fontspec)                'CustomDefault' and language 'Default'.


Package fontspec Info: Font family 'CousineBold(2)' created for font 'Cousine
(fontspec)             Bold' with options
(fontspec)             [BoldFont={},ItalicFont={},SmallCapsFont={},Ligatures=No
Common,Scale=.99].
(fontspec)              
(fontspec)              This font family consists of the following NFSS
(fontspec)             series/shapes:
(fontspec)              
(fontspec)             - 'normal' (m/n) with NFSS spec.: <->s*[.99]"Cousine
(fontspec)             Bold/OT:language=dflt;"
(fontspec)             - 'small caps'  (m/sc) with NFSS spec.: 


Package fontspec Warning: OpenType feature 'Ligatures=CommonOff' (liga) not
(fontspec)                available for font 'Cousine Bold' with script
(fontspec)                'CustomDefault' and language 'Default'.


Package fontspec Warning: OpenType feature 'Ligatures=CommonOff' (liga) not
(fontspec)                available for font 'Cousine Bold' with script
(fontspec)                'CustomDefault' and language 'Default'.


Package fontspec Info: Font family 'CousineBold(3)' created for font 'Cousine
(fontspec)             Bold' with options
(fontspec)             [BoldFont={},ItalicFont={},SmallCapsFont={},Ligatures=No
Common,Scale=.9].
(fontspec)              
(fontspec)              This font family consists of the following NFSS
(fontspec)             series/shapes:
(fontspec)              
(fontspec)             - 'normal' (m/n) with NFSS spec.: <->s*[.9]"Cousine
(fontspec)             Bold/OT:language=dflt;"
(fontspec)             - 'small caps'  (m/sc) with NFSS spec.: 


Package fontspec Warning: OpenType feature 'Ligatures=CommonOff' (liga) not
(fontspec)                available for font 'Cousine Regular' with script
(fontspec)                'CustomDefault' and language 'Default'.


Package fontspec Warning: OpenType feature 'Ligatures=CommonOff' (liga) not
(fontspec)                available for font 'Cousine Regular' with script
(fontspec)                'CustomDefault' and language 'Default'.


Package fontspec Info: Font family 'CousineRegular(1)' created for font
(fontspec)             'Cousine Regular' with options
(fontspec)             [BoldFont={},ItalicFont={},SmallCapsFont={},Ligatures=No
Common,Scale=.9].
(fontspec)              
(fontspec)              This font family consists of the following NFSS
(fontspec)             series/shapes:
(fontspec)              
(fontspec)             - 'normal' (m/n) with NFSS spec.: <->s*[.9]"Cousine
(fontspec)             Regular/OT:language=dflt;"
(fontspec)             - 'small caps'  (m/sc) with NFSS spec.: 


Package fontspec Warning: OpenType feature 'Ligatures=CommonOff' (liga) not
(fontspec)                available for font 'Cousine Regular' with script
(fontspec)                'CustomDefault' and language 'Default'.


Package fontspec Warning: OpenType feature 'Ligatures=CommonOff' (liga) not
(fontspec)                available for font 'Cousine Regular' with script
(fontspec)                'CustomDefault' and language 'Default'.


Package fontspec Info: Font family 'CousineRegular(2)' created for font
(fontspec)             'Cousine Regular' with options
(fontspec)             [BoldFont={},ItalicFont={},SmallCapsFont={},Ligatures=No
Common,Scale=.81].
(fontspec)              
(fontspec)              This font family consists of the following NFSS
(fontspec)             series/shapes:
(fontspec)              
(fontspec)             - 'normal' (m/n) with NFSS spec.: <->s*[.81]"Cousine
(fontspec)             Regular/OT:language=dflt;"
(fontspec)             - 'small caps'  (m/sc) with NFSS spec.: 


Package fontspec Info: Font family 'GillSansNovaMedium(0)' created for font
(fontspec)             'Gill Sans Nova Medium' with options
(fontspec)             [Ligatures=TeX,Ligatures=Common,Scale=1,SlantedFont={Gil
l
(fontspec)             Sans Nova Medium Italic},BoldFont={Gill Sans Nova
(fontspec)             Bold},BoldSlantedFont={Gill Sans Nova Bold Italic}].
(fontspec)              
(fontspec)              This font family consists of the following NFSS
(fontspec)             series/shapes:
(fontspec)              
(fontspec)             - 'normal' (m/n) with NFSS spec.: <->s*[1]"Gill Sans
(fontspec)             Nova
(fontspec)             Medium/OT:script=latn;language=dflt;+liga;mapping=tex-te
xt;"
(fontspec)             - 'small caps'  (m/sc) with NFSS spec.: <->s*[1]"Gill
(fontspec)             Sans Nova
(fontspec)             Medium/OT:script=latn;language=dflt;+liga;+smcp;mapping=
tex-text;"
(fontspec)             - 'bold' (b/n) with NFSS spec.: <->s*[1]"Gill Sans Nova
(fontspec)             Bold/OT:script=latn;language=dflt;+liga;mapping=tex-text
;"
(fontspec)             - 'bold small caps'  (b/sc) with NFSS spec.:
(fontspec)             <->s*[1]"Gill Sans Nova
(fontspec)             Bold/OT:script=latn;language=dflt;+liga;+smcp;mapping=te
x-text;"
(fontspec)             - 'italic' (m/it) with NFSS spec.: <->s*[1]"Gill Sans
(fontspec)             Nova
(fontspec)             Medium/I/OT:script=latn;language=dflt;+liga;mapping=tex-
text;"
(fontspec)             - 'italic small caps'  (m/scit) with NFSS spec.:
(fontspec)             <->s*[1]"Gill Sans Nova
(fontspec)             Medium/I/OT:script=latn;language=dflt;+liga;+smcp;mappin
g=tex-text;"
(fontspec)             - 'slanted' (m/sl) with NFSS spec.: <->s*[1]"Gill Sans
(fontspec)             Nova Medium
(fontspec)             Italic/OT:script=latn;language=dflt;+liga;mapping=tex-te
xt;"
(fontspec)             - 'slanted small caps'  (m/scsl) with NFSS spec.:
(fontspec)             <->s*[1]"Gill Sans Nova Medium
(fontspec)             Italic/OT:script=latn;language=dflt;+liga;+smcp;mapping=
tex-text;"
(fontspec)             - 'bold italic' (b/it) with NFSS spec.: <->s*[1]"Gill
(fontspec)             Sans Nova
(fontspec)             Bold/I/OT:script=latn;language=dflt;+liga;mapping=tex-te
xt;"
(fontspec)             - 'bold italic small caps'  (b/scit) with NFSS spec.:
(fontspec)             <->s*[1]"Gill Sans Nova
(fontspec)             Bold/I/OT:script=latn;language=dflt;+liga;+smcp;mapping=
tex-text;"
(fontspec)             - 'bold slanted' (b/sl) with NFSS spec.: <->s*[1]"Gill
(fontspec)             Sans Nova Bold
(fontspec)             Italic/OT:script=latn;language=dflt;+liga;mapping=tex-te
xt;"
(fontspec)             - 'bold slanted small caps'  (b/scsl) with NFSS spec.:
(fontspec)             <->s*[1]"Gill Sans Nova Bold
(fontspec)             Italic/OT:script=latn;language=dflt;+liga;+smcp;mapping=
tex-text;"


Package fontspec Info: Font family 'GillSansNovaBold(0)' created for font
(fontspec)             'Gill Sans Nova Bold' with options
(fontspec)             [BoldFont={},ItalicFont={},SmallCapsFont={},Ligatures=Co
mmon,Scale=2.5].
(fontspec)              
(fontspec)              This font family consists of the following NFSS
(fontspec)             series/shapes:
(fontspec)              
(fontspec)             - 'normal' (m/n) with NFSS spec.: <->s*[2.5]"Gill Sans
(fontspec)             Nova Bold/OT:script=latn;language=dflt;+liga;"
(fontspec)             - 'small caps'  (m/sc) with NFSS spec.: 


Package fontspec Info: Font family 'GillSansNovaBold(1)' created for font
(fontspec)             'Gill Sans Nova Bold' with options
(fontspec)             [BoldFont={},ItalicFont={},SmallCapsFont={},Ligatures=Co
mmon,Scale=1.2].
(fontspec)              
(fontspec)              This font family consists of the following NFSS
(fontspec)             series/shapes:
(fontspec)              
(fontspec)             - 'normal' (m/n) with NFSS spec.: <->s*[1.2]"Gill Sans
(fontspec)             Nova Bold/OT:script=latn;language=dflt;+liga;"
(fontspec)             - 'small caps'  (m/sc) with NFSS spec.: 


Package fontspec Info: Font family 'GillSansNovaBold(2)' created for font
(fontspec)             'Gill Sans Nova Bold' with options
(fontspec)             [BoldFont={},ItalicFont={},SmallCapsFont={},Ligatures=Co
mmon,Scale=1.4].
(fontspec)              
(fontspec)              This font family consists of the following NFSS
(fontspec)             series/shapes:
(fontspec)              
(fontspec)             - 'normal' (m/n) with NFSS spec.: <->s*[1.4]"Gill Sans
(fontspec)             Nova Bold/OT:script=latn;language=dflt;+liga;"
(fontspec)             - 'small caps'  (m/sc) with NFSS spec.: 


Package fontspec Info: Font family 'GillSansNovaBold(3)' created for font
(fontspec)             'Gill Sans Nova Bold' with options
(fontspec)             [BoldFont={},ItalicFont={},SmallCapsFont={},Ligatures=Co
mmon,Scale=1.1].
(fontspec)              
(fontspec)              This font family consists of the following NFSS
(fontspec)             series/shapes:
(fontspec)              
(fontspec)             - 'normal' (m/n) with NFSS spec.: <->s*[1.1]"Gill Sans
(fontspec)             Nova Bold/OT:script=latn;language=dflt;+liga;"
(fontspec)             - 'small caps'  (m/sc) with NFSS spec.: 


Package fontspec Info: Font family 'GillSansNovaBold(4)' created for font
(fontspec)             'Gill Sans Nova Bold' with options
(fontspec)             [BoldFont={},ItalicFont={},SmallCapsFont={},Ligatures=Co
mmon,Scale=1].
(fontspec)              
(fontspec)              This font family consists of the following NFSS
(fontspec)             series/shapes:
(fontspec)              
(fontspec)             - 'normal' (m/n) with NFSS spec.: <->s*[1]"Gill Sans
(fontspec)             Nova Bold/OT:script=latn;language=dflt;+liga;"
(fontspec)             - 'small caps'  (m/sc) with NFSS spec.: 


Package fontspec Info: Font family 'GillSansNovaBold(5)' created for font
(fontspec)             'Gill Sans Nova Bold' with options
(fontspec)             [BoldFont={},ItalicFont={},SmallCapsFont={},Ligatures=Co
mmon,Scale=3.0].
(fontspec)              
(fontspec)              This font family consists of the following NFSS
(fontspec)             series/shapes:
(fontspec)              
(fontspec)             - 'normal' (m/n) with NFSS spec.: <->s*[3.0]"Gill Sans
(fontspec)             Nova Bold/OT:script=latn;language=dflt;+liga;"
(fontspec)             - 'small caps'  (m/sc) with NFSS spec.: 


Package fontspec Info: Font family 'GillSansNovaMedium(1)' created for font
(fontspec)             'Gill Sans Nova Medium' with options
(fontspec)             [BoldFont={},ItalicFont={},SmallCapsFont={},Ligatures=Co
mmon,Scale=2.6].
(fontspec)              
(fontspec)              This font family consists of the following NFSS
(fontspec)             series/shapes:
(fontspec)              
(fontspec)             - 'normal' (m/n) with NFSS spec.: <->s*[2.6]"Gill Sans
(fontspec)             Nova Medium/OT:script=latn;language=dflt;+liga;"
(fontspec)             - 'small caps'  (m/sc) with NFSS spec.: 


Package fontspec Info: Font family 'GillSansNovaBold(6)' created for font
(fontspec)             'Gill Sans Nova Bold' with options
(fontspec)             [BoldFont={},ItalicFont={},SmallCapsFont={},Ligatures=Co
mmon,Scale=4.4].
(fontspec)              
(fontspec)              This font family consists of the following NFSS
(fontspec)             series/shapes:
(fontspec)              
(fontspec)             - 'normal' (m/n) with NFSS spec.: <->s*[4.4]"Gill Sans
(fontspec)             Nova Bold/OT:script=latn;language=dflt;+liga;"
(fontspec)             - 'small caps'  (m/sc) with NFSS spec.: 


Package fontspec Info: Font family 'GillSansNovaMedium(2)' created for font
(fontspec)             'Gill Sans Nova Medium' with options
(fontspec)             [BoldFont={},ItalicFont={},SmallCapsFont={},Ligatures=Co
mmon,Scale=3.4].
(fontspec)              
(fontspec)              This font family consists of the following NFSS
(fontspec)             series/shapes:
(fontspec)              
(fontspec)             - 'normal' (m/n) with NFSS spec.: <->s*[3.4]"Gill Sans
(fontspec)             Nova Medium/OT:script=latn;language=dflt;+liga;"
(fontspec)             - 'small caps'  (m/sc) with NFSS spec.: 


Package fontspec Info: Font family 'GillSansNovaMediumItalic(0)' created for
(fontspec)             font 'Gill Sans Nova Medium Italic' with options
(fontspec)             [BoldFont={},ItalicFont={},SmallCapsFont={},Ligatures=Co
mmon,Scale=2.5].
(fontspec)              
(fontspec)              This font family consists of the following NFSS
(fontspec)             series/shapes:
(fontspec)              
(fontspec)             - 'normal' (m/n) with NFSS spec.: <->s*[2.5]"Gill Sans
(fontspec)             Nova Medium Italic/OT:script=latn;language=dflt;+liga;"
(fontspec)             - 'small caps'  (m/sc) with NFSS spec.: 


Package fontspec Info: Font family 'GillSansNovaMediumItalic(1)' created for
(fontspec)             font 'Gill Sans Nova Medium Italic' with options
(fontspec)             [BoldFont={},ItalicFont={},SmallCapsFont={},Ligatures=Co
mmon,Scale=2.4].
(fontspec)              
(fontspec)              This font family consists of the following NFSS
(fontspec)             series/shapes:
(fontspec)              
(fontspec)             - 'normal' (m/n) with NFSS spec.: <->s*[2.4]"Gill Sans
(fontspec)             Nova Medium Italic/OT:script=latn;language=dflt;+liga;"
(fontspec)             - 'small caps'  (m/sc) with NFSS spec.: 


Package fontspec Info: Font family 'GillSansNovaMediumItalic(2)' created for
(fontspec)             font 'Gill Sans Nova Medium Italic' with options
(fontspec)             [BoldFont={},ItalicFont={},SmallCapsFont={},Ligatures=Co
mmon,Scale=2.0].
(fontspec)              
(fontspec)              This font family consists of the following NFSS
(fontspec)             series/shapes:
(fontspec)              
(fontspec)             - 'normal' (m/n) with NFSS spec.: <->s*[2.0]"Gill Sans
(fontspec)             Nova Medium Italic/OT:script=latn;language=dflt;+liga;"
(fontspec)             - 'small caps'  (m/sc) with NFSS spec.: 


Package fontspec Info: Font family 'GillSansNovaMediumItalic(3)' created for
(fontspec)             font 'Gill Sans Nova Medium Italic' with options
(fontspec)             [BoldFont={},ItalicFont={},SmallCapsFont={},Ligatures=Co
mmon,Scale=1.6].
(fontspec)              
(fontspec)              This font family consists of the following NFSS
(fontspec)             series/shapes:
(fontspec)              
(fontspec)             - 'normal' (m/n) with NFSS spec.: <->s*[1.6]"Gill Sans
(fontspec)             Nova Medium Italic/OT:script=latn;language=dflt;+liga;"
(fontspec)             - 'small caps'  (m/sc) with NFSS spec.: 


Package fontspec Info: Font family 'GillSansNovaMedium(3)' created for font
(fontspec)             'Gill Sans Nova Medium' with options
(fontspec)             [BoldFont={},ItalicFont={},SmallCapsFont={},Ligatures=Co
mmon,Scale=.8].
(fontspec)              
(fontspec)              This font family consists of the following NFSS
(fontspec)             series/shapes:
(fontspec)              
(fontspec)             - 'normal' (m/n) with NFSS spec.: <->s*[.8]"Gill Sans
(fontspec)             Nova Medium/OT:script=latn;language=dflt;+liga;"
(fontspec)             - 'small caps'  (m/sc) with NFSS spec.: 


Package fontspec Info: Font family 'GillSansNovaMedium(4)' created for font
(fontspec)             'Gill Sans Nova Medium' with options
(fontspec)             [BoldFont={},ItalicFont={},SmallCapsFont={},Ligatures=Co
mmon,Scale=.9].
(fontspec)              
(fontspec)              This font family consists of the following NFSS
(fontspec)             series/shapes:
(fontspec)              
(fontspec)             - 'normal' (m/n) with NFSS spec.: <->s*[.9]"Gill Sans
(fontspec)             Nova Medium/OT:script=latn;language=dflt;+liga;"
(fontspec)             - 'small caps'  (m/sc) with NFSS spec.: 


Package fontspec Info: Font family 'GillSansNovaBold(7)' created for font
(fontspec)             'Gill Sans Nova Bold' with options
(fontspec)             [BoldFont={},ItalicFont={},SmallCapsFont={},Ligatures=Co
mmon,Scale=1.3].
(fontspec)              
(fontspec)              This font family consists of the following NFSS
(fontspec)             series/shapes:
(fontspec)              
(fontspec)             - 'normal' (m/n) with NFSS spec.: <->s*[1.3]"Gill Sans
(fontspec)             Nova Bold/OT:script=latn;language=dflt;+liga;"
(fontspec)             - 'small caps'  (m/sc) with NFSS spec.: 


Package fontspec Info: Font family 'GillSansNovaBoldItalic(0)' created for
(fontspec)             font 'Gill Sans Nova Bold Italic' with options
(fontspec)             [BoldFont={},ItalicFont={},SmallCapsFont={},Ligatures=Co
mmon,Scale=1.2].
(fontspec)              
(fontspec)              This font family consists of the following NFSS
(fontspec)             series/shapes:
(fontspec)              
(fontspec)             - 'normal' (m/n) with NFSS spec.: <->s*[1.2]"Gill Sans
(fontspec)             Nova Bold Italic/OT:script=latn;language=dflt;+liga;"
(fontspec)             - 'small caps'  (m/sc) with NFSS spec.: 


Package fontspec Info: Font family 'GillSansNovaBoldItalic(1)' created for
(fontspec)             font 'Gill Sans Nova Bold Italic' with options
(fontspec)             [BoldFont={},ItalicFont={},SmallCapsFont={},Ligatures=Co
mmon,Scale=1.1].
(fontspec)              
(fontspec)              This font family consists of the following NFSS
(fontspec)             series/shapes:
(fontspec)              
(fontspec)             - 'normal' (m/n) with NFSS spec.: <->s*[1.1]"Gill Sans
(fontspec)             Nova Bold Italic/OT:script=latn;language=dflt;+liga;"
(fontspec)             - 'small caps'  (m/sc) with NFSS spec.: 

(/usr/local/texlive/2020/texmf-dist/tex/latex/cprotect/cprotect.sty
Package: cprotect 2011/01/27 v1.0e (Bruno Le Floch)

(/usr/local/texlive/2020/texmf-dist/tex/latex/base/ifthen.sty
Package: ifthen 2014/09/29 v1.1c Standard LaTeX ifthen package (DPC)
)
(/usr/local/texlive/2020/texmf-dist/tex/latex/bigfoot/suffix.sty
Package: suffix 2006/07/15 1.5a Variant command support
)
\CPT@WriteOut=\write3
\c@CPT@WriteCount=\count285
\c@CPT@numB=\count286
\CPT@commandatend@toks=\toks24
)
(./amsfonts.sty
Package: amsfonts 1996/11/03 v2.2c
\symAMSa=\mathgroup4
\symAMSb=\mathgroup5
LaTeX Font Info:    Redeclaring math symbol \hbar on input line 119.
LaTeX Font Info:    Overwriting math alphabet `\mathfrak' in version `bold'
(Font)                  U/euf/m/n --> U/euf/b/n on input line 128.
) (./amssymb.sty
Package: amssymb 1996/11/03 v2.2b
LaTeX Font Info:    Redeclaring math symbol \digamma on input line 273.
LaTeX Font Info:    Redeclaring math symbol \varkappa on input line 274.
) (./float.sty
Package: float 2001/11/08 v1.3d Float enhancements (AL)
\c@float@type=\count287
\float@exts=\toks25
\float@box=\box48
\@float@everytoks=\toks26
\@floatcapt=\box49
) (./wrapfig.sty
\wrapoverhang=\dimen161
\WF@size=\dimen162
\c@WF@wrappedlines=\count288
\WF@box=\box50
\WF@everypar=\toks27
Package: wrapfig 2003/01/31  v 3.6
) (./outline.sty
Package: outline 2002/08/23 Simple Outline Package
\c@@outlndepth=\count289
\@outlndepth=\count290
\c@outlni=\count291
\c@outlnii=\count292
\c@outlniii=\count293
\c@outlniv=\count294
\c@outlnv=\count295
\c@outlnvi=\count296
)
(./framed-PearsonGeneric.sty
Package: framed-PearsonGeneric 2007/10/04 v 0.95: framed or shaded text with pa
ge breaks
\fb@frw=\dimen163
\fb@frh=\dimen164
\FrameRule=\dimen165
\FrameSep=\dimen166
)
(/usr/local/texlive/2020/texmf-dist/tex/latex/listings/listings.sty
\lst@mode=\count297
\lst@gtempboxa=\box51
\lst@token=\toks28
\lst@length=\count298
\lst@currlwidth=\dimen167
\lst@column=\count299
\lst@pos=\count300
\lst@lostspace=\dimen168
\lst@width=\dimen169
\lst@newlines=\count301
\lst@lineno=\count302
\lst@maxwidth=\dimen170

(/usr/local/texlive/2020/texmf-dist/tex/latex/listings/lstmisc.sty
File: lstmisc.sty 2020/03/24 1.8d (Carsten Heinz)
\c@lstnumber=\count303
\lst@skipnumbers=\count304
\lst@framebox=\box52
)
(/usr/local/texlive/2020/texmf-dist/tex/latex/listings/listings.cfg
File: listings.cfg 2020/03/24 1.8d listings configuration
))
Package: listings 2020/03/24 1.8d (Carsten Heinz)

(/usr/local/texlive/2020/texmf-dist/tex/latex/listings/lstlang1.sty
File: lstlang1.sty 2020/03/24 1.8d listings language file
)
(/usr/local/texlive/2020/texmf-dist/tex/latex/listings/lstlang1.sty
File: lstlang1.sty 2020/03/24 1.8d listings language file
)
(/usr/local/texlive/2020/texmf-dist/tex/latex/listings/lstmisc.sty
File: lstmisc.sty 2020/03/24 1.8d (Carsten Heinz)
)
(./footmisc.sty
Package: footmisc 2003/01/27 v5.2 a miscellany of footnote facilities
\FN@temptoken=\toks29
\footnotemargin=\dimen171


LaTeX Warning: Command \@makecol  has changed.
               Check if current package is valid.

) (./threeparttable.sty
Package: threeparttable 2003/06/13  v 3.0
\@tempboxb=\box53
) (./titleref.sty
Package: titleref 2001/04/05 v3.1  Cross-references with titles.
) (./xr.sty
Package: xr 1994/05/28 v5.02 eXternal References (DPC)
)
(/usr/local/texlive/2020/texmf-dist/tex/latex/colortbl/colortbl.sty
Package: colortbl 2020/01/04 v1.0e Color table columns (DPC)

(/usr/local/texlive/2020/texmf-dist/tex/latex/tools/array.sty
Package: array 2019/08/31 v2.4l Tabular extension package (FMi)
\col@sep=\dimen172
\ar@mcellbox=\box54
\extrarowheight=\dimen173
\NC@list=\toks30
\extratabsurround=\skip64
\backup@length=\skip65
\ar@cellbox=\box55
)
\everycr=\toks31
\minrowclearance=\skip66
) (./caption.sty
Package: caption 2010/01/09 v3.1m Customizing captions (AR)

(./caption3.sty
Package: caption3 2010/01/14 v3.1m caption3 kernel (AR)
\captionmargin=\dimen174
\captionmargin@=\dimen175
\captionwidth=\dimen176
\caption@indent=\dimen177
\caption@parindent=\dimen178
\caption@hangindent=\dimen179
Package caption Info: Unknown document class (or package),
(caption)             standard defaults will be used on input line 1084.
)

Package caption Warning: Unsupported document class (or package) detected,
(caption)                usage of the caption package is not recommended.
See the caption package documentation for explanation.

Package caption Info: \@makecaption = \long macro:#1#2->\vskip 10\p@ \setbox \@
tempboxa \hbox {\textbf { \small \textsf { #1}} \small \textbf {\textsf { #2}}}
\ifdim \wd \@tempboxa >\hsize \textbf {\textsf { \small #1}} \small \textsf {\t
extbf {#2}}\par \else \hbox to\hsize {\hfil \box \@tempboxa \hfil }\fi .
\c@ContinuedFloat=\count305
Package caption Info: float package is loaded.
Package caption Info: listings package is loaded.
Package caption Info: threeparttable package is loaded.
Package caption Info: wrapfig package is loaded.
) (./tocloft-hacked-PearsonGeneric-ROMEO.sty
Package: tocloft-hacked-PearsonGeneric-ROMEO 2009/09/04 v2.3d parameterised ToC
, etc., typesetting


Package tocloft Note: The document has chapter divisions.

\cftparskip=\skip67
\cftbeforetoctitleskip=\skip68
\cftaftertoctitleskip=\skip69
\cftbeforepartskip=\skip70
\cftpartnumwidth=\skip71
\cftpartindent=\skip72
\cftbeforechapskip=\skip73
\cftchapindent=\skip74
\cftchapnumwidth=\skip75
\cftbeforesecskip=\skip76
\cftsecindent=\skip77
\cftsecnumwidth=\skip78
\cftbeforesubsecskip=\skip79
\cftsubsecindent=\skip80
\cftsubsecnumwidth=\skip81
\cftbeforesubsubsecskip=\skip82
\cftsubsubsecindent=\skip83
\cftsubsubsecnumwidth=\skip84
\cftbeforeparaskip=\skip85
\cftparaindent=\skip86
\cftparanumwidth=\skip87
\cftbeforesubparaskip=\skip88
\cftsubparaindent=\skip89
\cftsubparanumwidth=\skip90
\cftbeforeloftitleskip=\skip91
\cftafterloftitleskip=\skip92
\cftbeforefigskip=\skip93
\cftfigindent=\skip94
\cftfignumwidth=\skip95
\c@lofdepth=\count306
\c@lotdepth=\count307
\cftbeforelottitleskip=\skip96
\cftafterlottitleskip=\skip97
\cftbeforetabskip=\skip98
\cfttabindent=\skip99
\cfttabnumwidth=\skip100
) (./definitions-PearsonGeneric-ROMEO.tex
\c@definitionctr=\count308
\mcltopsep=\skip101
) (./tableerror.aux)
\openout1 = `tableerror.aux'.

LaTeX Font Info:    Checking defaults for OML/cmm/m/it on input line 306.
LaTeX Font Info:    ... okay on input line 306.
LaTeX Font Info:    Checking defaults for OMS/cmsy/m/n on input line 306.
LaTeX Font Info:    ... okay on input line 306.
LaTeX Font Info:    Checking defaults for OT1/cmr/m/n on input line 306.
LaTeX Font Info:    ... okay on input line 306.
LaTeX Font Info:    Checking defaults for T1/cmr/m/n on input line 306.
LaTeX Font Info:    ... okay on input line 306.
LaTeX Font Info:    Checking defaults for TS1/cmr/m/n on input line 306.
LaTeX Font Info:    Trying to load font information for TS1+cmr on input line 3
06.

(/usr/local/texlive/2020/texmf-dist/tex/latex/base/ts1cmr.fd
File: ts1cmr.fd 2019/12/16 v2.5j Standard LaTeX font definitions
)
LaTeX Font Info:    ... okay on input line 306.
LaTeX Font Info:    Checking defaults for TU/lmr/m/n on input line 306.
LaTeX Font Info:    ... okay on input line 306.
LaTeX Font Info:    Checking defaults for OMX/cmex/m/n on input line 306.
LaTeX Font Info:    ... okay on input line 306.
LaTeX Font Info:    Checking defaults for U/cmr/m/n on input line 306.
LaTeX Font Info:    ... okay on input line 306.

*geometry* driver: auto-detecting
*geometry* detected driver: xetex
*geometry* verbose mode - [ preamble ] result:
* driver: xetex
* paper: custom
* layout: <same size as paper>
* layoutoffset:(h,v)=(0.0pt,0.0pt)
* modes: twoside 
* h-part:(L,W,R)=(72.26999pt, 397.48502pt, 63.23624pt)
* v-part:(T,H,B)=(68.65627pt, 543.83243pt, 46.97505pt)
* \paperwidth=532.99124pt
* \paperheight=659.46375pt
* \textwidth=397.48502pt
* \textheight=543.83243pt
* \oddsidemargin=0.0pt
* \evensidemargin=-9.03375pt
* \topmargin=-36.13498pt
* \headheight=14.45377pt
* \headsep=18.06749pt
* \topskip=10.0pt
* \footskip=1.8063pt
* \marginparwidth=0.0pt
* \marginparsep=0.0pt
* \columnsep=10.0pt
* \skip\footins=9.0pt plus 4.0pt minus 2.0pt
* \hoffset=0.0pt
* \voffset=0.0pt
* \mag=1000
* \@twocolumnfalse
* \@twosidetrue
* \@mparswitchtrue
* \@reversemarginfalse
* (1in=72.27pt=25.4mm, 1cm=28.453pt)

Package crop Info: using `pdftex' graphics driver on input line 306.
\c@lstlisting=\count309
Package caption Info: Begin \AtBeginDocument code.
Package caption Info: Incompatible package detected (regarding \@caption).
(caption)             \@caption = \long macro:#1[#2]#3->\TR@gettitle {#2}\TR@ol
d@caption {#1}[{#2}]{#3}.

Package caption Warning: \caption will not be redefined since it's already
(caption)                redefined by a document class or package which is
(caption)                unknown to the caption package.
See the caption package documentation for explanation.

Package caption Info: End \AtBeginDocument code.
(./cft-definitions-PearsonGeneric-ROMEO.tex)
LaTeX Font Info:    Trying to load font information for U+msa on input line 321
.

(/usr/local/texlive/2020/texmf-dist/tex/latex/amsfonts/umsa.fd
File: umsa.fd 2013/01/14 v3.01 AMS symbols A
)
LaTeX Font Info:    Trying to load font information for U+msb on input line 321
.

(/usr/local/texlive/2020/texmf-dist/tex/latex/amsfonts/umsb.fd
File: umsb.fd 2013/01/14 v3.01 AMS symbols B
)
LaTeX Font Info:    Font shape `TU/GillSansNovaMedium(0)/m/n' will be
(Font)              scaled to size 10.0pt on input line 325.
LaTeX Font Info:    Font shape `TU/GillSansNovaMedium(0)/b/n' will be
(Font)              scaled to size 10.0pt on input line 325.
LaTeX Font Info:    Font shape `TU/GillSansNovaMedium(0)/b/n' will be
(Font)              scaled to size 9.0pt on input line 325.


Package caption Warning: Unused \captionsetup[figure] on input line 233.
See the caption package documentation for explanation.


Package caption Warning: Unused \captionsetup[lstlisting] on input line 234.
See the caption package documentation for explanation.

LaTeX Font Info:    Font shape `TU/GillSansNovaMedium(4)/m/n' will be
(Font)              scaled to size 8.99994pt on input line 338.

Package Fancyhdr Warning: \footskip is too small (1.8063pt): 
Make it at least 12.0pt.
We now make it that large for the rest of the document.
This may cause the page layout to be inconsistent, however.

[1

] (./tableerror.aux)

LaTeX Warning: Label(s) may have changed. Rerun to get cross-references right.

 ) 
Here is how much of TeX's memory you used:
 9734 strings out of 479418
 199656 string characters out of 5884586
 684186 words of memory out of 5000000
 27056 multiletter control sequences out of 15000+600000
 542799 words of font info for 97 fonts, out of 8000000 for 9000
 1348 hyphenation exceptions out of 8191
 55i,16n,114p,972b,584s stack positions out of 5000i,500n,10000p,200000b,80000s

Output written on tableerror.pdf (1 page).
