This is XeTeX, Version 3.14159265-2.6-0.99996 (TeX Live 2016) (preloaded format=xelatex 2016.11.20)  29 JUN 2020 13:23
entering extended mode
 restricted \write18 enabled.
 %&-line parsing enabled.
**temp-29June2020.tex
(./temp-29June2020.tex
LaTeX2e <2016/03/31> patch level 3
Babel <3.9r> and hyphenation patterns for 83 language(s) loaded.
(./newstyle-PearsonGeneric-7-38.cls
Document Class: newstyle-PearsonGeneric-7-38 1997/02/20 Prentice Hall Book Clas
s, February 1997
(/usr/local/texlive/2016/texmf-dist/tex/latex/base/report.cls
Document Class: report 2014/09/29 v1.4h Standard LaTeX document class
(/usr/local/texlive/2016/texmf-dist/tex/latex/base/size10.clo
File: size10.clo 2014/09/29 v1.4h Standard LaTeX file (size option)
)
\c@part=\count79
\c@chapter=\count80
\c@section=\count81
\c@subsection=\count82
\c@subsubsection=\count83
\c@paragraph=\count84
\c@subparagraph=\count85
\c@figure=\count86
\c@table=\count87
\abovecaptionskip=\skip41
\belowcaptionskip=\skip42
\bibindent=\dimen102
)
\TestCount=\count88
\c@exercisectr=\count89
\c@computerctr=\count90
\captsize=\skip43
\captwidth=\skip44
\beforetableskip=\skip45
\c@probnum=\count91
\headrulewidth=\dimen103
\footrulewidth=\dimen104
\plainheadrulewidth=\dimen105
\plainfootrulewidth=\dimen106
\headwidth=\dimen107
)
(/usr/local/texlive/2016/texmf-dist/tex/latex/geometry/geometry.sty
Package: geometry 2010/09/12 v5.6 Page Geometry

(./keyval.sty
Package: keyval 1999/03/16 v1.13 key=value parser (DPC)
\KV@toks@=\toks14
)
(/usr/local/texlive/2016/texmf-dist/tex/generic/oberdiek/ifpdf.sty
Package: ifpdf 2016/05/14 v3.1 Provides the ifpdf switch
)
(/usr/local/texlive/2016/texmf-dist/tex/generic/oberdiek/ifvtex.sty
Package: ifvtex 2016/05/16 v1.6 Detect VTeX and its facilities (HO)
Package ifvtex Info: VTeX not detected.
)
(/usr/local/texlive/2016/texmf-dist/tex/generic/ifxetex/ifxetex.sty
Package: ifxetex 2010/09/12 v0.6 Provides ifxetex conditional
)
\Gm@cnth=\count92
\Gm@cntv=\count93
\c@Gm@tempcnt=\count94
\Gm@bindingoffset=\dimen108
\Gm@wd@mp=\dimen109
\Gm@odd@mp=\dimen110
\Gm@even@mp=\dimen111
\Gm@layoutwidth=\dimen112
\Gm@layoutheight=\dimen113
\Gm@layouthoffset=\dimen114
\Gm@layoutvoffset=\dimen115
\Gm@dimlist=\toks15
)

Package geometry Warning: Over-specification in `h'-direction.
    `width' (397.48499pt) is ignored.


Package geometry Warning: Over-specification in `v'-direction.
    `height' (534.79755pt) is ignored.

(./crop-AlteredCamMarks.sty

LaTeX Warning: You have requested package `crop-AlteredCamMarks',
               but the package provides `crop'.

Package: crop 2003/05/20 v1.9 crop marks (mf)
\stockwidth=\dimen116
\stockheight=\dimen117
\CROP@index=\count95
(./color.sty
Package: color 2005/11/14 v1.0j Standard LaTeX Color (DPC)

(/usr/local/texlive/2016/texmf-dist/tex/latex/graphics-cfg/color.cfg
File: color.cfg 2016/01/02 v1.6 sample color configuration
)
Package color Info: Driver file: xetex.def on input line 130.

(/usr/local/texlive/2016/texmf-dist/tex/latex/graphics-def/xetex.def
File: xetex.def 2016/07/11 v4.10 LaTeX color/graphics driver for XeTeX (L3/RRM/
JK)
))
(/usr/local/texlive/2016/texmf-dist/tex/latex/graphics/graphics.sty
Package: graphics 2016/07/10 v1.0t Standard LaTeX Graphics (DPC,SPQR)

(/usr/local/texlive/2016/texmf-dist/tex/latex/graphics/trig.sty
Package: trig 2016/01/03 v1.10 sin cos tan (DPC)
)
(/usr/local/texlive/2016/texmf-dist/tex/latex/graphics-cfg/graphics.cfg
File: graphics.cfg 2016/06/04 v1.11 sample graphics configuration
)
Package graphics Info: Driver file: xetex.def on input line 99.
)
\CROP@offset=\count96
Package crop Info: Local config file crop.cfg used on input line 611.

(/usr/local/texlive/2016/texmf-dist/tex/xelatex/xetexconfig/crop.cfg))
(./graphicx.sty
Package: graphicx 1999/02/16 v1.0f Enhanced LaTeX Graphics (DPC,SPQR)
\Gin@req@height=\dimen118
\Gin@req@width=\dimen119
)
(/usr/local/texlive/2016/texmf-dist/tex/xelatex/mathspec/mathspec.sty
Package: mathspec 2009/09/30 v0.2 LaTeX Package (Mathematics font selection for
 XeLaTeX)

(/usr/local/texlive/2016/texmf-dist/tex/latex/etoolbox/etoolbox.sty
Package: etoolbox 2015/08/02 v2.2a e-TeX tools for LaTeX (JAW)
\etb@tempcnta=\count97
)
(/usr/local/texlive/2016/texmf-dist/tex/latex/amsmath/amstext.sty
Package: amstext 2000/06/29 v2.01 AMS text

(/usr/local/texlive/2016/texmf-dist/tex/latex/amsmath/amsgen.sty
File: amsgen.sty 1999/11/30 v2.0 generic functions
\@emptytoks=\toks16
\ex@=\dimen120
))
(/usr/local/texlive/2016/texmf-dist/tex/latex/fontspec/fontspec.sty
(/usr/local/texlive/2016/texmf-dist/tex/latex/l3kernel/expl3.sty
Package: expl3 2016/10/19 v6730 L3 programming layer (loader) 

(/usr/local/texlive/2016/texmf-dist/tex/latex/l3kernel/expl3-code.tex
Package: expl3 2016/10/19 v6730 L3 programming layer (code)
L3 Module: l3bootstrap 2016/06/13 v6596 L3 Bootstrap code
L3 Module: l3names 2016/10/13 v6722 L3 Namespace for primitives
L3 Module: l3basics 2016/09/01 v6696 L3 Basic definitions
L3 Module: l3expan 2016/08/19 v6684 L3 Argument expansion
L3 Module: l3tl 2016/08/19 v6692 L3 Token lists
L3 Module: l3str 2016/08/19 v6692 L3 Strings
L3 Module: l3seq 2016/08/19 v6685 L3 Sequences and stacks
L3 Module: l3int 2016/09/07 v6700 L3 Integers
\c_max_int=\count98
\l_tmpa_int=\count99
\l_tmpb_int=\count100
\g_tmpa_int=\count101
\g_tmpb_int=\count102
L3 Module: l3quark 2016/08/19 v6685 L3 Quarks
L3 Module: l3prg 2016/08/18 v6679 L3 Control structures
\g__prg_map_int=\count103
L3 Module: l3clist 2016/08/19 v6685 L3 Comma separated lists
L3 Module: l3token 2016/09/01 v6695 L3 Experimental token manipulation
L3 Module: l3prop 2016/08/19 v6685 L3 Property lists
L3 Module: l3msg 2016/08/19 v6691 L3 Messages
L3 Module: l3file 2016/08/19 v6685 L3 File and I/O operations
\l_iow_line_count_int=\count104
\l__iow_target_count_int=\count105
\l__iow_current_line_int=\count106
\l__iow_current_word_int=\count107
\l__iow_current_indentation_int=\count108
L3 Module: l3skip 2016/08/19 v6692 L3 Dimensions and skips
\c_zero_dim=\dimen121
\c_max_dim=\dimen122
\l_tmpa_dim=\dimen123
\l_tmpb_dim=\dimen124
\g_tmpa_dim=\dimen125
\g_tmpb_dim=\dimen126
\c_zero_skip=\skip46
\c_max_skip=\skip47
\l_tmpa_skip=\skip48
\l_tmpb_skip=\skip49
\g_tmpa_skip=\skip50
\g_tmpb_skip=\skip51
\c_zero_muskip=\muskip10
\c_max_muskip=\muskip11
\l_tmpa_muskip=\muskip12
\l_tmpb_muskip=\muskip13
\g_tmpa_muskip=\muskip14
\g_tmpb_muskip=\muskip15
L3 Module: l3keys 2016/09/21 v6711 L3 Key-value interfaces
\l_keys_choice_int=\count109
L3 Module: l3fp 2016/08/19 v6685 L3 Floating points
\c__fp_leading_shift_int=\count110
\c__fp_middle_shift_int=\count111
\c__fp_trailing_shift_int=\count112
\c__fp_big_leading_shift_int=\count113
\c__fp_big_middle_shift_int=\count114
\c__fp_big_trailing_shift_int=\count115
\c__fp_Bigg_leading_shift_int=\count116
\c__fp_Bigg_middle_shift_int=\count117
\c__fp_Bigg_trailing_shift_int=\count118
L3 Module: l3box 2016/08/19 v6685 L3 Experimental boxes
\c_empty_box=\box26
\l_tmpa_box=\box27
\l_tmpb_box=\box28
\g_tmpa_box=\box29
\g_tmpb_box=\box30
L3 Module: l3coffins 2016/08/19 v6685 L3 Coffin code layer
\l__coffin_internal_box=\box31
\l__coffin_internal_dim=\dimen127
\l__coffin_offset_x_dim=\dimen128
\l__coffin_offset_y_dim=\dimen129
\l__coffin_x_dim=\dimen130
\l__coffin_y_dim=\dimen131
\l__coffin_x_prime_dim=\dimen132
\l__coffin_y_prime_dim=\dimen133
\c_empty_coffin=\box32
\l__coffin_aligned_coffin=\box33
\l__coffin_aligned_internal_coffin=\box34
\l_tmpa_coffin=\box35
\l_tmpb_coffin=\box36
\l__coffin_display_coffin=\box37
\l__coffin_display_coord_coffin=\box38
\l__coffin_display_pole_coffin=\box39
\l__coffin_display_offset_dim=\dimen134
\l__coffin_display_x_dim=\dimen135
\l__coffin_display_y_dim=\dimen136
L3 Module: l3color 2016/06/13 v6596 L3 Experimental color support
L3 Module: l3sys 2015/09/25 v6087 L3 Experimental system/runtime functions
L3 Module: l3candidates 2016/08/19 v6688 L3 Experimental additions to l3kernel
\l__box_top_dim=\dimen137
\l__box_bottom_dim=\dimen138
\l__box_left_dim=\dimen139
\l__box_right_dim=\dimen140
\l__box_top_new_dim=\dimen141
\l__box_bottom_new_dim=\dimen142
\l__box_left_new_dim=\dimen143
\l__box_right_new_dim=\dimen144
\l__box_internal_box=\box40
\l__coffin_bounding_shift_dim=\dimen145
\l__coffin_left_corner_dim=\dimen146
\l__coffin_right_corner_dim=\dimen147
\l__coffin_bottom_corner_dim=\dimen148
\l__coffin_top_corner_dim=\dimen149
\l__coffin_scaled_total_height_dim=\dimen150
\l__coffin_scaled_width_dim=\dimen151
L3 Module: l3luatex 2016/08/18 v6679 L3 Experimental LuaTeX-specific functions
)
(/usr/local/texlive/2016/texmf-dist/tex/latex/l3kernel/l3xdvipdfmx.def
File: l3xdvidpfmx.def 2016/08/18 v6679 L3 Experimental driver: xdvipdfmx
\l__driver_tmp_box=\box41
))
(/usr/local/texlive/2016/texmf-dist/tex/latex/l3packages/xparse/xparse.sty
Package: xparse 2016/10/19 v6730 L3 Experimental document command parser
\l__xparse_current_arg_int=\count119
\l__xparse_m_args_int=\count120
\l__xparse_mandatory_args_int=\count121
\l__xparse_processor_int=\count122
\l__xparse_v_nesting_int=\count123
)
Package: fontspec 2016/02/01 v2.5a Font selection for XeLaTeX and LuaLaTeX

(/usr/local/texlive/2016/texmf-dist/tex/latex/fontspec/fontspec-xetex.sty
Package: fontspec-xetex 2016/02/01 v2.5a Font selection for XeLaTeX and LuaLaTe
X
\l_fontspec_script_int=\count124
\l_fontspec_language_int=\count125
\l_fontspec_strnum_int=\count126
\l__fontspec_tmpa_dim=\dimen152
\l__fontspec_tmpb_dim=\dimen153
\l__fontspec_tmpc_dim=\dimen154
\g__file_internal_ior=\read1

(/usr/local/texlive/2016/texmf-dist/tex/latex/base/fontenc.sty
Package: fontenc 2016/06/19 v1.99m Standard LaTeX package

(/usr/local/texlive/2016/texmf-dist/tex/latex/euenc/eu1enc.def
File: eu1enc.def 2010/05/27 v0.1h Experimental Unicode font encodings
)
LaTeX Font Info:    Try loading font information for EU1+lmr on input line 105.


(/usr/local/texlive/2016/texmf-dist/tex/latex/euenc/eu1lmr.fd
File: eu1lmr.fd 2009/10/30 v1.6 Font defs for Latin Modern
))
(/usr/local/texlive/2016/texmf-dist/tex/xelatex/xunicode/xunicode.sty
File: xunicode.sty 2011/09/09 v0.981 provides access to latin accents and many 
other characters in Unicode lower plane

(/usr/local/texlive/2016/texmf-dist/tex/latex/tipa/t3enc.def
File: t3enc.def 2001/12/31 T3 encoding
LaTeX Font Info:    Try loading font information for EU1+lmss on input line 357
.

(/usr/local/texlive/2016/texmf-dist/tex/latex/euenc/eu1lmss.fd
File: eu1lmss.fd 2009/10/30 v1.6 Font defs for Latin Modern
))
\tipaTiiicode=\count127
\tipasavetokens=\toks17
\tipachecktokens=\toks18
)
.................................................
. LaTeX info: "xparse/define-command"
. 
. Defining command \__fontspec_post_arg:w with sig. 'mmO{}' on line 353.
.................................................
.................................................
. LaTeX info: "xparse/define-command"
. 
. Defining command \fontspec with sig. 'om' on line 355.
.................................................
.................................................
. LaTeX info: "xparse/define-command"
. 
. Defining command \setmainfont with sig. 'om' on line 365.
.................................................
.................................................
. LaTeX info: "xparse/define-command"
. 
. Defining command \setsansfont with sig. 'om' on line 375.
.................................................
.................................................
. LaTeX info: "xparse/define-command"
. 
. Defining command \setmonofont with sig. 'om' on line 385.
.................................................
.................................................
. LaTeX info: "xparse/define-command"
. 
. Defining command \setmathrm with sig. 'om' on line 399.
.................................................
.................................................
. LaTeX info: "xparse/define-command"
. 
. Defining command \setboldmathrm with sig. 'om' on line 407.
.................................................
.................................................
. LaTeX info: "xparse/define-command"
. 
. Defining command \setmathsf with sig. 'om' on line 415.
.................................................
.................................................
. LaTeX info: "xparse/define-command"
. 
. Defining command \setmathtt with sig. 'om' on line 423.
.................................................
.................................................
. LaTeX info: "xparse/define-command"
. 
. Defining command \newfontfamily with sig. 'mom' on line 437.
.................................................
.................................................
. LaTeX info: "xparse/define-command"
. 
. Defining command \newfontface with sig. 'mom' on line 453.
.................................................
.................................................
. LaTeX info: "xparse/define-command"
. 
. Defining command \defaultfontfeatures with sig. 't+om' on line 467.
.................................................
.................................................
. LaTeX info: "xparse/define-command"
. 
. Defining command \addfontfeatures with sig. 'm' on line 529.
.................................................
.................................................
. LaTeX info: "xparse/define-command"
. 
. Defining command \newfontfeature with sig. 'mm' on line 540.
.................................................
.................................................
. LaTeX info: "xparse/define-command"
. 
. Defining command \newAATfeature with sig. 'mmmm' on line 548.
.................................................
.................................................
. LaTeX info: "xparse/define-command"
. 
. Defining command \newopentypefeature with sig. 'mmm' on line 556.
.................................................
.................................................
. LaTeX info: "xparse/define-command"
. 
. Defining command \aliasfontfeature with sig. 'mm' on line 577.
.................................................
.................................................
. LaTeX info: "xparse/define-command"
. 
. Defining command \aliasfontfeatureoption with sig. 'mmm' on line 586.
.................................................
.................................................
. LaTeX info: "xparse/define-command"
. 
. Defining command \newfontscript with sig. 'mm' on line 590.
.................................................
.................................................
. LaTeX info: "xparse/define-command"
. 
. Defining command \newfontlanguage with sig. 'mm' on line 594.
.................................................
.................................................
. LaTeX info: "xparse/define-command"
. 
. Defining command \DeclareFontsExtensions with sig. 'm' on line 599.
.................................................
\l__fontspec_tmp_int=\count128

(/usr/local/texlive/2016/texmf-dist/tex/latex/fontspec/fontspec.cfg)
LaTeX Info: Redefining \itshape on input line 2705.
LaTeX Info: Redefining \slshape on input line 2710.
LaTeX Info: Redefining \scshape on input line 2715.
LaTeX Info: Redefining \upshape on input line 2720.
\l__fontspec_em_int=\count129
\l__fontspec_emdef_int=\count130
LaTeX Info: Redefining \em on input line 2736.
LaTeX Info: Redefining \emph on input line 2742.
LaTeX Info: Redefining \- on input line 2746.
.................................................
. LaTeX info: "xparse/redefine-command"
. 
. Redefining command \oldstylenums with sig. 'm' on line 2841.
.................................................
.................................................
. LaTeX info: "xparse/define-command"
. 
. Defining command \liningnums with sig. 'm' on line 2845.
.................................................
))
(/usr/local/texlive/2016/texmf-dist/tex/latex/xkeyval/xkeyval.sty
Package: xkeyval 2014/12/03 v2.7a package option processing (HA)

(/usr/local/texlive/2016/texmf-dist/tex/generic/xkeyval/xkeyval.tex
(/usr/local/texlive/2016/texmf-dist/tex/generic/xkeyval/xkvutils.tex
\XKV@toks=\toks19
\XKV@tempa@toks=\toks20
)
\XKV@depth=\count131
File: xkeyval.tex 2014/12/03 v2.7a key=value parser (HA)
))
\c@eu@=\count132
\c@eu@i=\count133
\c@mkern=\count134
)
.................................................
. fontspec info: "no-scripts"
. 
. Font Cousine Regular does not contain any OpenType `Script' information.
.................................................

*************************************************
* fontspec warning: "icu-feature-not-exist-in-font"
* 
* OpenType feature 'Ligatures=NoCommon' (-liga) not available for font
* 'Cousine Regular' with script '' and language ''.
*************************************************
\g__fontspec_family_CousineRegular_int=\count135
*************************************************
* fontspec warning: "icu-feature-not-exist-in-font"
* 
* OpenType feature 'Ligatures=NoCommon' (-liga) not available for font
* 'Cousine Regular' with script '' and language ''.
*************************************************
*************************************************
* fontspec warning: "icu-feature-not-exist-in-font"
* 
* OpenType feature 'Ligatures=NoCommon' (-liga) not available for font
* 'Cousine Bold' with script '' and language ''.
*************************************************
*************************************************
* fontspec warning: "icu-feature-not-exist-in-font"
* 
* OpenType feature 'Ligatures=NoCommon' (-liga) not available for font
* 'Cousine Regular/I' with script '' and language ''.
*************************************************
*************************************************
* fontspec warning: "icu-feature-not-exist-in-font"
* 
* OpenType feature 'Ligatures=NoCommon' (-liga) not available for font
* 'Cousine Italic' with script '' and language ''.
*************************************************
*************************************************
* fontspec warning: "icu-feature-not-exist-in-font"
* 
* OpenType feature 'Ligatures=NoCommon' (-liga) not available for font
* 'Cousine Bold/I' with script '' and language ''.
*************************************************
*************************************************
* fontspec warning: "icu-feature-not-exist-in-font"
* 
* OpenType feature 'Ligatures=NoCommon' (-liga) not available for font
* 'Cousine Bold Italic' with script '' and language ''.
*************************************************
.................................................
. fontspec info: "defining-font"
. 
. Font family 'CousineRegular(0)' created for font 'Cousine Regular' with
. options
. [WordSpace={1,0,0},PunctuationSpace=WordSpace,Ligatures=NoCommon,Scale=.9,Sla
ntedFont={Cousine
. Italic},BoldFont={Cousine Bold},BoldSlantedFont={Cousine Bold Italic}].
. 
. This font family consists of the following NFSS series/shapes:
. - 'normal' (m/n) with NFSS spec.: <->s*[.9]"Cousine Regular/OT:"
. - 'small caps'  (m/sc) with NFSS spec.: 
. and font adjustment code:
. \fontdimen 2\font =1\fontdimen 2\font \fontdimen 3\font =0\fontdimen 3\font
. \fontdimen 4\font =0\fontdimen 4\font \fontdimen 7\font =0\fontdimen 2\font
. - 'bold' (bx/n) with NFSS spec.: <->s*[.9]"Cousine Bold/OT:"
. - 'bold small caps'  (bx/sc) with NFSS spec.: 
. and font adjustment code:
. \fontdimen 2\font =1\fontdimen 2\font \fontdimen 3\font =0\fontdimen 3\font
. \fontdimen 4\font =0\fontdimen 4\font \fontdimen 7\font =0\fontdimen 2\font
. - 'italic' (m/it) with NFSS spec.: <->s*[.9]"Cousine Regular/I/OT:"
. - 'italic small caps'  (m/itsc) with NFSS spec.: 
. and font adjustment code:
. \fontdimen 2\font =1\fontdimen 2\font \fontdimen 3\font =0\fontdimen 3\font
. \fontdimen 4\font =0\fontdimen 4\font \fontdimen 7\font =0\fontdimen 2\font
. - 'slanted' (m/sl) with NFSS spec.: <->s*[.9]"Cousine Italic/OT:"
. - 'slanted small caps'  (m/slsc) with NFSS spec.: 
. and font adjustment code:
. \fontdimen 2\font =1\fontdimen 2\font \fontdimen 3\font =0\fontdimen 3\font
. \fontdimen 4\font =0\fontdimen 4\font \fontdimen 7\font =0\fontdimen 2\font
. - 'bold italic' (bx/it) with NFSS spec.: <->s*[.9]"Cousine Bold/I/OT:"
. - 'bold italic small caps'  (bx/itsc) with NFSS spec.: 
. and font adjustment code:
. \fontdimen 2\font =1\fontdimen 2\font \fontdimen 3\font =0\fontdimen 3\font
. \fontdimen 4\font =0\fontdimen 4\font \fontdimen 7\font =0\fontdimen 2\font
. - 'bold slanted' (bx/sl) with NFSS spec.: <->s*[.9]"Cousine Bold Italic/OT:"
. - 'bold slanted small caps'  (bx/slsc) with NFSS spec.: 
. and font adjustment code:
. \fontdimen 2\font =1\fontdimen 2\font \fontdimen 3\font =0\fontdimen 3\font
. \fontdimen 4\font =0\fontdimen 4\font \fontdimen 7\font =0\fontdimen 2\font 
.................................................
.................................................
. fontspec info: "no-scripts"
. 
. Font Cousine Bold does not contain any OpenType `Script' information.
.................................................
*************************************************
* fontspec warning: "icu-feature-not-exist-in-font"
* 
* OpenType feature 'Ligatures=NoCommon' (-liga) not available for font
* 'Cousine Bold' with script '' and language ''.
*************************************************
\g__fontspec_family_CousineBold_int=\count136
*************************************************
* fontspec warning: "icu-feature-not-exist-in-font"
* 
* OpenType feature 'Ligatures=NoCommon' (-liga) not available for font
* 'Cousine Bold' with script '' and language ''.
*************************************************
.................................................
. fontspec info: "defining-font"
. 
. Font family 'CousineBold(0)' created for font 'Cousine Bold' with options
. [BoldFont={},ItalicFont={},SmallCapsFont={},Ligatures=NoCommon,Scale=1.3].
. 
. This font family consists of the following NFSS series/shapes:
. - 'normal' (m/n) with NFSS spec.: <->s*[1.3]"Cousine Bold/OT:"
. - 'small caps'  (m/sc) with NFSS spec.: 
.................................................
.................................................
. fontspec info: "no-scripts"
. 
. Font Cousine Bold does not contain any OpenType `Script' information.
.................................................
*************************************************
* fontspec warning: "icu-feature-not-exist-in-font"
* 
* OpenType feature 'Ligatures=NoCommon' (-liga) not available for font
* 'Cousine Bold' with script '' and language ''.
*************************************************
*************************************************
* fontspec warning: "icu-feature-not-exist-in-font"
* 
* OpenType feature 'Ligatures=NoCommon' (-liga) not available for font
* 'Cousine Bold' with script '' and language ''.
*************************************************
.................................................
. fontspec info: "defining-font"
. 
. Font family 'CousineBold(1)' created for font 'Cousine Bold' with options
. [BoldFont={},ItalicFont={},SmallCapsFont={},Ligatures=NoCommon,Scale=1.1].
. 
. This font family consists of the following NFSS series/shapes:
. - 'normal' (m/n) with NFSS spec.: <->s*[1.1]"Cousine Bold/OT:"
. - 'small caps'  (m/sc) with NFSS spec.: 
.................................................
.................................................
. fontspec info: "no-scripts"
. 
. Font Cousine Bold does not contain any OpenType `Script' information.
.................................................
*************************************************
* fontspec warning: "icu-feature-not-exist-in-font"
* 
* OpenType feature 'Ligatures=NoCommon' (-liga) not available for font
* 'Cousine Bold' with script '' and language ''.
*************************************************
*************************************************
* fontspec warning: "icu-feature-not-exist-in-font"
* 
* OpenType feature 'Ligatures=NoCommon' (-liga) not available for font
* 'Cousine Bold' with script '' and language ''.
*************************************************
.................................................
. fontspec info: "defining-font"
. 
. Font family 'CousineBold(2)' created for font 'Cousine Bold' with options
. [BoldFont={},ItalicFont={},SmallCapsFont={},Ligatures=NoCommon,Scale=.91].
. 
. This font family consists of the following NFSS series/shapes:
. - 'normal' (m/n) with NFSS spec.: <->s*[.91]"Cousine Bold/OT:"
. - 'small caps'  (m/sc) with NFSS spec.: 
.................................................
.................................................
. fontspec info: "no-scripts"
. 
. Font Cousine Bold does not contain any OpenType `Script' information.
.................................................
*************************************************
* fontspec warning: "icu-feature-not-exist-in-font"
* 
* OpenType feature 'Ligatures=NoCommon' (-liga) not available for font
* 'Cousine Bold' with script '' and language ''.
*************************************************
*************************************************
* fontspec warning: "icu-feature-not-exist-in-font"
* 
* OpenType feature 'Ligatures=NoCommon' (-liga) not available for font
* 'Cousine Bold' with script '' and language ''.
*************************************************
.................................................
. fontspec info: "defining-font"
. 
. Font family 'CousineBold(3)' created for font 'Cousine Bold' with options
. [BoldFont={},ItalicFont={},SmallCapsFont={},Ligatures=NoCommon,Scale=.9].
. 
. This font family consists of the following NFSS series/shapes:
. - 'normal' (m/n) with NFSS spec.: <->s*[.9]"Cousine Bold/OT:"
. - 'small caps'  (m/sc) with NFSS spec.: 
.................................................
.................................................
. fontspec info: "no-scripts"
. 
. Font Cousine Regular does not contain any OpenType `Script' information.
.................................................
*************************************************
* fontspec warning: "icu-feature-not-exist-in-font"
* 
* OpenType feature 'Ligatures=NoCommon' (-liga) not available for font
* 'Cousine Regular' with script '' and language ''.
*************************************************
*************************************************
* fontspec warning: "icu-feature-not-exist-in-font"
* 
* OpenType feature 'Ligatures=NoCommon' (-liga) not available for font
* 'Cousine Regular' with script '' and language ''.
*************************************************
.................................................
. fontspec info: "defining-font"
. 
. Font family 'CousineRegular(1)' created for font 'Cousine Regular' with
. options
. [BoldFont={},ItalicFont={},SmallCapsFont={},Ligatures=NoCommon,Scale=.9].
. 
. This font family consists of the following NFSS series/shapes:
. - 'normal' (m/n) with NFSS spec.: <->s*[.9]"Cousine Regular/OT:"
. - 'small caps'  (m/sc) with NFSS spec.: 
.................................................
(/usr/local/texlive/2016/texmf-dist/tex/latex/cprotect/cprotect.sty
Package: cprotect 2011/01/27 v1.0e (Bruno Le Floch)

(/usr/local/texlive/2016/texmf-dist/tex/latex/base/ifthen.sty
Package: ifthen 2014/09/29 v1.1c Standard LaTeX ifthen package (DPC)
)
(/usr/local/texlive/2016/texmf-dist/tex/latex/bigfoot/suffix.sty
Package: suffix 2006/07/15 1.5a Variant command support
)
\CPT@WriteOut=\write3
\c@CPT@WriteCount=\count137
\c@CPT@numB=\count138
\CPT@commandatend@toks=\toks21
)
(./amsfonts.sty
Package: amsfonts 1996/11/03 v2.2c
\symAMSa=\mathgroup4
\symAMSb=\mathgroup5
LaTeX Font Info:    Overwriting math alphabet `\mathfrak' in version `bold'
(Font)                  U/euf/m/n --> U/euf/b/n on input line 128.
) (./amssymb.sty
Package: amssymb 1996/11/03 v2.2b
LaTeX Font Info:    Redeclaring math symbol \digamma on input line 273.
LaTeX Font Info:    Redeclaring math symbol \varkappa on input line 274.
) (./float.sty
Package: float 2001/11/08 v1.3d Float enhancements (AL)
\c@float@type=\count139
\float@exts=\toks22
\float@box=\box42
\@float@everytoks=\toks23
\@floatcapt=\box43
) (./wrapfig.sty
\wrapoverhang=\dimen155
\WF@size=\dimen156
\c@WF@wrappedlines=\count140
\WF@box=\box44
\WF@everypar=\toks24
Package: wrapfig 2003/01/31  v 3.6
) (./outline.sty
Package: outline 2002/08/23 Simple Outline Package
\c@@outlndepth=\count141
\@outlndepth=\count142
\c@outlni=\count143
\c@outlnii=\count144
\c@outlniii=\count145
\c@outlniv=\count146
\c@outlnv=\count147
\c@outlnvi=\count148
)
(./framed-PearsonGeneric.sty
Package: framed-PearsonGeneric 2007/10/04 v 0.95: framed or shaded text with pa
ge breaks
\fb@frw=\dimen157
\fb@frh=\dimen158
\FrameRule=\dimen159
\FrameSep=\dimen160
)
(/usr/local/texlive/2016/texmf-dist/tex/latex/listings/listings.sty
\lst@mode=\count149
\lst@gtempboxa=\box45
\lst@token=\toks25
\lst@length=\count150
\lst@currlwidth=\dimen161
\lst@column=\count151
\lst@pos=\count152
\lst@lostspace=\dimen162
\lst@width=\dimen163
\lst@newlines=\count153
\lst@lineno=\count154
\lst@maxwidth=\dimen164

(/usr/local/texlive/2016/texmf-dist/tex/latex/listings/lstmisc.sty
File: lstmisc.sty 2015/06/04 1.6 (Carsten Heinz)
\c@lstnumber=\count155
\lst@skipnumbers=\count156
\lst@framebox=\box46
)
(/usr/local/texlive/2016/texmf-dist/tex/latex/listings/listings.cfg
File: listings.cfg 2015/06/04 1.6 listings configuration
))
Package: listings 2015/06/04 1.6 (Carsten Heinz)

(/usr/local/texlive/2016/texmf-dist/tex/latex/listings/lstlang1.sty
File: lstlang1.sty 2015/06/04 1.6 listings language file
)
(/usr/local/texlive/2016/texmf-dist/tex/latex/listings/lstlang1.sty
File: lstlang1.sty 2015/06/04 1.6 listings language file
)
(/usr/local/texlive/2016/texmf-dist/tex/latex/listings/lstmisc.sty
File: lstmisc.sty 2015/06/04 1.6 (Carsten Heinz)
)
(./footmisc.sty
Package: footmisc 2003/01/27 v5.2 a miscellany of footnote facilities
\FN@temptoken=\toks26
\footnotemargin=\dimen165


LaTeX Warning: Command \@makecol  has changed.
               Check if current package is valid.

) (./threeparttable.sty
Package: threeparttable 2003/06/13  v 3.0
\@tempboxb=\box47
) (./titleref.sty
Package: titleref 2001/04/05 v3.1  Cross-references with titles.
) (./xr.sty
Package: xr 1994/05/28 v5.02 eXternal References (DPC)
) (./colortbl.sty
Package: colortbl 2001/02/13 v0.1j Color table columns (DPC)

(/usr/local/texlive/2016/texmf-dist/tex/latex/tools/array.sty
Package: array 2014/10/28 v2.4c Tabular extension package (FMi)
\col@sep=\dimen166
\extrarowheight=\dimen167
\NC@list=\toks27
\extratabsurround=\skip52
\backup@length=\skip53
)
\everycr=\toks28
\minrowclearance=\skip54
) (./caption.sty
Package: caption 2010/01/09 v3.1m Customizing captions (AR)

(./caption3.sty
Package: caption3 2010/01/14 v3.1m caption3 kernel (AR)
\captionmargin=\dimen168
\captionmargin@=\dimen169
\captionwidth=\dimen170
\caption@indent=\dimen171
\caption@parindent=\dimen172
\caption@hangindent=\dimen173
Package caption Info: Unknown document class (or package),
(caption)             standard defaults will be used on input line 1084.
)

Package caption Warning: Unsupported document class (or package) detected,
(caption)                usage of the caption package is not recommended.
See the caption package documentation for explanation.

Package caption Info: \@makecaption = \long macro:#1#2->\vskip 10\p@ \setbox \@
tempboxa \hbox {\textbf { \small \textsf { #1}} \small \textbf {\textsf { #2}}}
\ifdim \wd \@tempboxa >\hsize \textbf {\textsf { \small #1}} \small \textsf {\t
extbf {#2}}\par \else \hbox to\hsize {\hfil \box \@tempboxa \hfil }\fi .
\c@ContinuedFloat=\count157
Package caption Info: float package is loaded.
Package caption Info: listings package is loaded.
Package caption Info: threeparttable package is loaded.
Package caption Info: wrapfig package is loaded.
) (./tocloft-hacked-PearsonGeneric.sty
Package: tocloft-hacked-PearsonGeneric 2009/09/04 v2.3d parameterised ToC, etc.
, typesetting


Package tocloft Note: The document has chapter divisions.

\cftparskip=\skip55
\cftbeforetoctitleskip=\skip56
\cftaftertoctitleskip=\skip57
\cftbeforepartskip=\skip58
\cftpartnumwidth=\skip59
\cftpartindent=\skip60
\cftbeforechapskip=\skip61
\cftchapindent=\skip62
\cftchapnumwidth=\skip63
\cftbeforesecskip=\skip64
\cftsecindent=\skip65
\cftsecnumwidth=\skip66
\cftbeforesubsecskip=\skip67
\cftsubsecindent=\skip68
\cftsubsecnumwidth=\skip69
\cftbeforesubsubsecskip=\skip70
\cftsubsubsecindent=\skip71
\cftsubsubsecnumwidth=\skip72
\cftbeforeparaskip=\skip73
\cftparaindent=\skip74
\cftparanumwidth=\skip75
\cftbeforesubparaskip=\skip76
\cftsubparaindent=\skip77
\cftsubparanumwidth=\skip78
\cftbeforeloftitleskip=\skip79
\cftafterloftitleskip=\skip80
\cftbeforefigskip=\skip81
\cftfigindent=\skip82
\cftfignumwidth=\skip83
\c@lofdepth=\count158
\c@lotdepth=\count159
\cftbeforelottitleskip=\skip84
\cftafterlottitleskip=\skip85
\cftbeforetabskip=\skip86
\cfttabindent=\skip87
\cfttabnumwidth=\skip88
) (./definitions-PearsonGeneric.tex
\c@definitionctr=\count160
\mcltopsep=\skip89
) (./temp-29June2020.aux

LaTeX Warning: Label `description' multiply defined.


LaTeX Warning: Label `use-cases' multiply defined.


LaTeX Warning: Label `further-reading' multiply defined.


LaTeX Warning: Label `description' multiply defined.


LaTeX Warning: Label `use-cases' multiply defined.


LaTeX Warning: Label `potential-pitfalls' multiply defined.

(./index.aux))
\openout1 = `temp-29June2020.aux'.

LaTeX Font Info:    Checking defaults for OML/cmm/m/it on input line 185.
LaTeX Font Info:    ... okay on input line 185.
LaTeX Font Info:    Checking defaults for T1/cmr/m/n on input line 185.
LaTeX Font Info:    ... okay on input line 185.
LaTeX Font Info:    Checking defaults for OT1/cmr/m/n on input line 185.
LaTeX Font Info:    ... okay on input line 185.
LaTeX Font Info:    Checking defaults for OMS/cmsy/m/n on input line 185.
LaTeX Font Info:    ... okay on input line 185.
LaTeX Font Info:    Checking defaults for OMX/cmex/m/n on input line 185.
LaTeX Font Info:    ... okay on input line 185.
LaTeX Font Info:    Checking defaults for U/cmr/m/n on input line 185.
LaTeX Font Info:    ... okay on input line 185.
LaTeX Font Info:    Checking defaults for EU1/lmr/m/n on input line 185.
LaTeX Font Info:    ... okay on input line 185.
LaTeX Font Info:    Checking defaults for T3/cmr/m/n on input line 185.
LaTeX Font Info:    Try loading font information for T3+cmr on input line 185.
 (/usr/local/texlive/2016/texmf-dist/tex/latex/tipa/t3cmr.fd
File: t3cmr.fd 2001/12/31 TIPA font definitions
)
LaTeX Font Info:    ... okay on input line 185.

*geometry* driver: auto-detecting
*geometry* detected driver: xetex
*geometry* verbose mode - [ preamble ] result:
* driver: xetex
* paper: custom
* layout: <same size as paper>
* layoutoffset:(h,v)=(0.0pt,0.0pt)
* modes: twoside 
* h-part:(L,W,R)=(72.26999pt, 397.48502pt, 63.23624pt)
* v-part:(T,H,B)=(68.65627pt, 543.83243pt, 46.97505pt)
* \paperwidth=532.99124pt
* \paperheight=659.46375pt
* \textwidth=397.48502pt
* \textheight=543.83243pt
* \oddsidemargin=0.0pt
* \evensidemargin=-9.03375pt
* \topmargin=-36.13498pt
* \headheight=14.45377pt
* \headsep=18.06749pt
* \topskip=10.0pt
* \footskip=1.8063pt
* \marginparwidth=0.0pt
* \marginparsep=0.0pt
* \columnsep=10.0pt
* \skip\footins=9.0pt plus 4.0pt minus 2.0pt
* \hoffset=0.0pt
* \voffset=0.0pt
* \mag=1000
* \@twocolumnfalse
* \@twosidetrue
* \@mparswitchtrue
* \@reversemarginfalse
* (1in=72.27pt=25.4mm, 1cm=28.453pt)

Package crop Info: using `pdftex' graphics driver on input line 185.
\c@lstlisting=\count161
Package caption Info: Begin \AtBeginDocument code.
Package caption Info: Incompatible package detected (regarding \@caption).
(caption)             \@caption = \long macro:#1[#2]#3->\TR@gettitle {#2}\TR@ol
d@caption {#1}[{#2}]{#3}.

Package caption Warning: \caption will not be redefined since it's already
(caption)                redefined by a document class or package which is
(caption)                unknown to the caption package.
See the caption package documentation for explanation.

Package caption Info: End \AtBeginDocument code.
(./cft-definitions-PearsonGeneric.tex)
Chapter 1.
\openout3 = `temp-29June2020-1.cpt'.

LaTeX Font Info:    Try loading font information for U+msa on input line 232.
(/usr/local/texlive/2016/texmf-dist/tex/latex/amsfonts/umsa.fd
File: umsa.fd 2013/01/14 v3.01 AMS symbols A
)
LaTeX Font Info:    Try loading font information for U+msb on input line 232.

(/usr/local/texlive/2016/texmf-dist/tex/latex/amsfonts/umsb.fd
File: umsb.fd 2013/01/14 v3.01 AMS symbols B
)
(./temp-29June2020-1.cpt)
\openout3 = `temp-29June2020-2.cpt'.

 (./temp-29June2020-2.cpt)
LaTeX Font Info:    Font shape `EU1/CousineRegular(0)/m/n' will be
(Font)              scaled to size 8.99994pt on input line 248.
LaTeX Font Info:    Font shape `EU1/CousineRegular(0)/m/n' will be
(Font)              scaled to size 8.09995pt on input line 252.
LaTeX Font Info:    Font shape `EU1/CousineRegular(0)/m/it' will be
(Font)              scaled to size 8.09995pt on input line 260.
 [1



]
\openout3 = `temp-29June2020-3.cpt'.


(./temp-29June2020-3.cpt
LaTeX Font Info:    Font shape `EU1/CousineRegular(0)/m/n' will be
(Font)              scaled to size 7.19995pt on input line 3.
)
\openout3 = `temp-29June2020-4.cpt'.

 (./temp-29June2020-4.cpt
LaTeX Font Info:    Font shape `EU1/CousineRegular(0)/bx/n' will be
(Font)              scaled to size 7.19995pt on input line 10.
LaTeX Font Info:    Font shape `EU1/CousineRegular(0)/m/it' will be
(Font)              scaled to size 7.19995pt on input line 10.
) [2]
\openout3 = `temp-29June2020-5.cpt'.


(./temp-29June2020-5.cpt)
LaTeX Font Info:    Font shape `EU1/CousineRegular(0)/bx/n' will be
(Font)              scaled to size 8.09995pt on input line 392.
\openout3 = `temp-29June2020-6.cpt'.

 (./temp-29June2020-6.cpt)
\openout3 = `temp-29June2020-7.cpt'.

 (./temp-29June2020-7.cpt)
[3]
\openout3 = `temp-29June2020-8.cpt'.

 (./temp-29June2020-8.cpt)
\openout3 = `temp-29June2020-9.cpt'.

 (./temp-29June2020-9.cpt)
Overfull \hbox (77.63525pt too wide) in paragraph at lines 460--461
[][][][][][][][][][][][][][][][][][][][][][][][][][][][][][][][][][][][][][][][
][][][][][][][][][][][][][][][][][][][][][][][][][][][][][][][][][][][][][][][]
[][][][][][][][][][][][][][][][][][][][][][][] 
 []

\openout3 = `temp-29June2020-10.cpt'.

(./temp-29June2020-10.cpt) [4]
\openout3 = `temp-29June2020-11.cpt'.

 (./temp-29June2020-11.cpt)
Overfull \hbox (9.59503pt too wide) in paragraph at lines 558--559
[][][][][][][][][][][][][][][][][][][][][][][][][][][][][][][][][][][][] 
 []

[5]
\openout3 = `temp-29June2020-12.cpt'.

 (./temp-29June2020-12.cpt)
\openout3 = `temp-29June2020-13.cpt'.

 (./temp-29June2020-13.cpt)
\openout3 = `temp-29June2020-14.cpt'.


(./temp-29June2020-14.cpt)
\openout3 = `temp-29June2020-15.cpt'.

 (./temp-29June2020-15.cpt) [6] [7]
\openout3 = `temp-29June2020-16.cpt'.


(./temp-29June2020-16.cpt)
Underfull \hbox (badness 10000) in paragraph at lines 737--738
\EU1/lmr/m/n/10 https://gcc.gnu.org/onlinedocs/gcc/Common-Function-Attributes.h
tml#Common-
 []

[8]
\openout3 = `temp-29June2020-17.cpt'.

 (./temp-29June2020-17.cpt)
\openout3 = `temp-29June2020-18.cpt'.

 (./temp-29June2020-18.cpt)
\openout3 = `temp-29June2020-19.cpt'.


(./temp-29June2020-19.cpt)
\openout3 = `temp-29June2020-20.cpt'.

 (./temp-29June2020-20.cpt) [9] [10] [11] [12]
LaTeX Font Info:    Font shape `EU1/CousineBold(1)/m/n' will be
(Font)              scaled to size 11.00006pt on input line 974.
\openout3 = `temp-29June2020-21.cpt'.


(./temp-29June2020-21.cpt) [13]
\openout3 = `temp-29June2020-22.cpt'.

 (./temp-29June2020-22.cpt)
\openout3 = `temp-29June2020-23.cpt'.


(./temp-29June2020-23.cpt)
\openout3 = `temp-29June2020-24.cpt'.

 (./temp-29June2020-24.cpt) [14]
\openout3 = `temp-29June2020-25.cpt'.


(./temp-29June2020-25.cpt) [15]
\openout3 = `temp-29June2020-26.cpt'.

 (./temp-29June2020-26.cpt)
\openout3 = `temp-29June2020-27.cpt'.


(./temp-29June2020-27.cpt) [16]
\openout3 = `temp-29June2020-28.cpt'.

 (./temp-29June2020-28.cpt)
\openout3 = `temp-29June2020-29.cpt'.


(./temp-29June2020-29.cpt)
\openout3 = `temp-29June2020-30.cpt'.

 (./temp-29June2020-30.cpt) [17] [18

]
Underfull \hbox (badness 10000) in paragraph at lines 1311--1311

 []


Underfull \hbox (badness 10000) in paragraph at lines 1313--1313

 []


Underfull \hbox (badness 10000) in paragraph at lines 1315--1315

 []


Underfull \hbox (badness 10000) in paragraph at lines 1317--1317

 []

[19

] [20

]
No file temp-29June2020.bbl.
\openout2 = `index.aux'.

(./index.tex [21



] [22])

Package caption Warning: Unused \captionsetup[table] on input line 111.
See the caption package documentation for explanation.


Package caption Warning: Unused \captionsetup[figure] on input line 112.
See the caption package documentation for explanation.

(./temp-29June2020.aux (./index.aux))

LaTeX Warning: There were multiply-defined labels.

 ) 
Here is how much of TeX's memory you used:
 19376 strings out of 493589
 356172 string characters out of 6143511
 408317 words of memory out of 5000000
 22481 multiletter control sequences out of 15000+600000
 15455 words of font info for 86 fonts, out of 8000000 for 9000
 1347 hyphenation exceptions out of 8191
 53i,12n,97p,10578b,1660s stack positions out of 5000i,500n,10000p,200000b,80000s

Output written on temp-29June2020.pdf (22 pages).
