Latexmk: applying rule 'pdflatex'...
This is XeTeX, Version 3.14159265-2.6-0.99998 (TeX Live 2017/Debian) (preloaded format=xelatex)
 \write18 enabled.
entering extended mode
(./cawp-peerson.tex
LaTeX2e <2017-04-15>
Babel <3.18> and hyphenation patterns for 84 language(s) loaded.
(./newstyle-PearsonGeneric-7-38.cls
Document Class: newstyle-PearsonGeneric-7-38 1997/02/20 Prentice Hall Book Clas
s, February 1997
(/usr/share/texlive/texmf-dist/tex/latex/base/report.cls
Document Class: report 2014/09/29 v1.4h Standard LaTeX document class
(/usr/share/texlive/texmf-dist/tex/latex/base/size10.clo)))
(/usr/share/texlive/texmf-dist/tex/latex/geometry/geometry.sty
(/usr/share/texlive/texmf-dist/tex/latex/graphics/keyval.sty)
(/usr/share/texlive/texmf-dist/tex/generic/oberdiek/ifpdf.sty)
(/usr/share/texlive/texmf-dist/tex/generic/oberdiek/ifvtex.sty)
(/usr/share/texlive/texmf-dist/tex/generic/ifxetex/ifxetex.sty))

Package geometry Warning: Over-specification in `h'-direction.
    `width' (397.48499pt) is ignored.


Package geometry Warning: Over-specification in `v'-direction.
    `height' (534.79755pt) is ignored.

(/usr/share/texlive/texmf-dist/tex/latex/amsmath/amsmath.sty
For additional information on amsmath, use the `?' option.
(/usr/share/texlive/texmf-dist/tex/latex/amsmath/amstext.sty
(/usr/share/texlive/texmf-dist/tex/latex/amsmath/amsgen.sty))
(/usr/share/texlive/texmf-dist/tex/latex/amsmath/amsbsy.sty)
(/usr/share/texlive/texmf-dist/tex/latex/amsmath/amsopn.sty))
(/usr/share/texlive/texmf-dist/tex/latex/amsfonts/amsfonts.sty)
(/usr/share/texlive/texmf-dist/tex/latex/amsfonts/amssymb.sty)
(/usr/share/texlive/texmf-dist/tex/xelatex/mathspec/mathspec.sty
(/usr/share/texlive/texmf-dist/tex/latex/etoolbox/etoolbox.sty)
(/usr/share/texlive/texmf-dist/tex/latex/fontspec/fontspec.sty
(/usr/share/texlive/texmf-dist/tex/latex/l3packages/xparse/xparse.sty
(/usr/share/texlive/texmf-dist/tex/latex/l3kernel/expl3.sty
(/usr/share/texlive/texmf-dist/tex/latex/l3kernel/expl3-code.tex)
(/usr/share/texlive/texmf-dist/tex/latex/l3kernel/l3xdvipdfmx.def)))
(/usr/share/texlive/texmf-dist/tex/latex/fontspec/fontspec-xetex.sty
(/usr/share/texlive/texmf-dist/tex/latex/base/fontenc.sty
(/usr/share/texlive/texmf-dist/tex/latex/base/tuenc.def))
(/usr/share/texlive/texmf-dist/tex/latex/fontspec/fontspec.cfg)))
(/usr/share/texlive/texmf-dist/tex/latex/xkeyval/xkeyval.sty
(/usr/share/texlive/texmf-dist/tex/generic/xkeyval/xkeyval.tex
(/usr/share/texlive/texmf-dist/tex/generic/xkeyval/xkvutils.tex))))
*************************************************
* fontspec warning: "icu-feature-not-exist-in-font"
* 
* OpenType feature 'Ligatures=CommonOff' (liga) not available for font
* 'Cousine-Regular' with script '' and language ''.
*************************************************
*************************************************
* fontspec warning: "icu-feature-not-exist-in-font"
* 
* OpenType feature 'Ligatures=CommonOff' (liga) not available for font
* 'Cousine-Regular' with script '' and language ''.
*************************************************
*************************************************
* fontspec warning: "icu-feature-not-exist-in-font"
* 
* OpenType feature 'Ligatures=CommonOff' (liga) not available for font
* 'Cousine Bold' with script '' and language ''.
*************************************************
*************************************************
* fontspec warning: "icu-feature-not-exist-in-font"
* 
* OpenType feature 'Ligatures=CommonOff' (liga) not available for font
* 'Cousine-Regular/I' with script '' and language ''.
*************************************************
*************************************************
* fontspec warning: "icu-feature-not-exist-in-font"
* 
* OpenType feature 'Ligatures=CommonOff' (liga) not available for font
* 'Cousine-Italic' with script '' and language ''.
*************************************************
*************************************************
* fontspec warning: "icu-feature-not-exist-in-font"
* 
* OpenType feature 'Ligatures=CommonOff' (liga) not available for font
* 'Cousine Bold/I' with script '' and language ''.
*************************************************
*************************************************
* fontspec warning: "icu-feature-not-exist-in-font"
* 
* OpenType feature 'Ligatures=CommonOff' (liga) not available for font
* 'Cousine-Bold Italic' with script '' and language ''.
*************************************************
*************************************************
* fontspec warning: "icu-feature-not-exist-in-font"
* 
* OpenType feature 'Ligatures=CommonOff' (liga) not available for font
* 'Cousine-Bold' with script '' and language ''.
*************************************************
*************************************************
* fontspec warning: "icu-feature-not-exist-in-font"
* 
* OpenType feature 'Ligatures=CommonOff' (liga) not available for font
* 'Cousine-Bold' with script '' and language ''.
*************************************************
*************************************************
* fontspec warning: "icu-feature-not-exist-in-font"
* 
* OpenType feature 'Ligatures=CommonOff' (liga) not available for font
* 'Cousine-Bold' with script '' and language ''.
*************************************************
*************************************************
* fontspec warning: "icu-feature-not-exist-in-font"
* 
* OpenType feature 'Ligatures=CommonOff' (liga) not available for font
* 'Cousine-Bold' with script '' and language ''.
*************************************************
*************************************************
* fontspec warning: "icu-feature-not-exist-in-font"
* 
* OpenType feature 'Ligatures=CommonOff' (liga) not available for font
* 'Cousine-Bold' with script '' and language ''.
*************************************************
*************************************************
* fontspec warning: "icu-feature-not-exist-in-font"
* 
* OpenType feature 'Ligatures=CommonOff' (liga) not available for font
* 'Cousine-Bold' with script '' and language ''.
*************************************************
*************************************************
* fontspec warning: "icu-feature-not-exist-in-font"
* 
* OpenType feature 'Ligatures=CommonOff' (liga) not available for font
* 'Cousine-Bold' with script '' and language ''.
*************************************************
*************************************************
* fontspec warning: "icu-feature-not-exist-in-font"
* 
* OpenType feature 'Ligatures=CommonOff' (liga) not available for font
* 'Cousine-Bold' with script '' and language ''.
*************************************************
*************************************************
* fontspec warning: "icu-feature-not-exist-in-font"
* 
* OpenType feature 'Ligatures=CommonOff' (liga) not available for font
* 'Cousine-Regular' with script '' and language ''.
*************************************************
*************************************************
* fontspec warning: "icu-feature-not-exist-in-font"
* 
* OpenType feature 'Ligatures=CommonOff' (liga) not available for font
* 'Cousine-Regular' with script '' and language ''.
*************************************************
(./crop-AlteredCamMarks.sty

LaTeX Warning: You have requested package `crop-AlteredCamMarks',
               but the package provides `crop'.

(/usr/share/texlive/texmf-dist/tex/latex/graphics/color.sty
(/usr/share/texlive/texmf-dist/tex/latex/graphics-cfg/color.cfg)
(/usr/share/texlive/texmf-dist/tex/latex/graphics-def/xetex.def))
(/usr/share/texlive/texmf-dist/tex/latex/graphics/graphics.sty
(/usr/share/texlive/texmf-dist/tex/latex/graphics/trig.sty)
(/usr/share/texlive/texmf-dist/tex/latex/graphics-cfg/graphics.cfg))
(/usr/share/texlive/texmf-dist/tex/xelatex/xetexconfig/crop.cfg))
(/usr/share/texlive/texmf-dist/tex/latex/graphics/graphicx.sty)
(/usr/share/texlive/texmf-dist/tex/latex/float/float.sty)
(/usr/share/texlive/texmf-dist/tex/latex/wrapfig/wrapfig.sty)
(/usr/share/texlive/texmf-dist/tex/latex/outline/outline.sty)
(./framed-PearsonGeneric.sty)
(/usr/share/texlive/texmf-dist/tex/latex/listings/listings.sty
(/usr/share/texlive/texmf-dist/tex/latex/listings/lstmisc.sty)
(/usr/share/texlive/texmf-dist/tex/latex/listings/listings.cfg))
(/usr/share/texlive/texmf-dist/tex/latex/footmisc/footmisc.sty)
(/usr/share/texlive/texmf-dist/tex/latex/threeparttable/threeparttable.sty)
(/usr/share/texlive/texmf-dist/tex/latex/titleref/titleref.sty)
(/usr/share/texlive/texmf-dist/tex/latex/tools/xr.sty)
(/usr/share/texlive/texmf-dist/tex/latex/colortbl/colortbl.sty
(/usr/share/texlive/texmf-dist/tex/latex/tools/array.sty))
(/usr/share/texlive/texmf-dist/tex/latex/caption/caption.sty
(/usr/share/texlive/texmf-dist/tex/latex/caption/caption3.sty)

Package caption Warning: Unsupported document class (or package) detected,
(caption)                usage of the caption package is not recommended.
See the caption package documentation for explanation.

) (./tocloft-hacked-PearsonGeneric.sty

Package tocloft Note: The document has chapter divisions.

)
Writing index file cawp-peerson.idx
(./See-makeidx.sty) (./definitions-PearsonGeneric.tex)
\@input{common-peerson-preamble.aux}
(./common-peerson-preamble.tex) (./cawp-peerson.aux)
*geometry* driver: auto-detecting
*geometry* detected driver: xetex

Package caption Warning: \caption will not be redefined since it's already
(caption)                redefined by a document class or package which is
(caption)                unknown to the caption package.
See the caption package documentation for explanation.

(./cft-definitions-PearsonGeneric.tex)

Package xr Warning: 
No file cawp-application-developers.aux
LABELS NOT IMPORTED.
 on input line 111.


Package xr Warning: 
No file cawp-library-writers.aux
LABELS NOT IMPORTED.
 on input line 112.


Package xr Warning: 
No file cawp-writing-allocators.aux
LABELS NOT IMPORTED.
 on input line 113.


Package xr Warning: 
No file cawp-advanced.aux
LABELS NOT IMPORTED.
 on input line 114.

(./cawp-half-title.tex) [1] (./cawp-series.tex) [2] (./cawp-title.tex
(/usr/share/texlive/texmf-dist/tex/latex/amsfonts/umsa.fd)
(/usr/share/texlive/texmf-dist/tex/latex/amsfonts/umsb.fd)) [3] (./cawp-CIP.tex

Underfull \hbox (badness 10000) in paragraph at lines 4--22


Underfull \hbox (badness 10000) in paragraph at lines 4--22


Underfull \hbox (badness 10000) in paragraph at lines 4--22


Underfull \hbox (badness 10000) in paragraph at lines 4--22


Underfull \hbox (badness 10000) in paragraph at lines 4--22


Underfull \hbox (badness 10000) in paragraph at lines 4--22


Underfull \hbox (badness 10000) in paragraph at lines 4--22


Underfull \hbox (badness 10000) in paragraph at lines 4--22

) [4] (./cawp-dedication.tex) [5] [6]
No file cawp-peerson.toc.
[7] [8] (./cawp-foreword.tex) [9] (./cawp-preface.tex [10]
Underfull \vbox (badness 10000) has occurred while \output is active [11]
Underfull \vbox (badness 10000) has occurred while \output is active [12])
[13] (./cawp-ack.tex [14]) [15] (./cawp-author.tex [16]
Underfull \hbox (badness 10000) in paragraph at lines 6--7


LaTeX Warning: Citation `wg21P1332R0' on page xvii undefined on input line 34.

) [17] [18] (./cawp-application-developers.tex
Chapter 1.
) [1] (./cawp-library-writers.tex
Chapter 2.
) [2] (./cawp-writing-allocators.tex
Chapter 3.
) [3] (./cawp-advanced.tex
Chapter 4.
) [4]
No file cawp-peerson.bbl.
No file cawp-peerson.ind.
(./cawp-appendix.tex
Appendix A.
[5]
Appendix B.
) [6]

Package caption Warning: Unused \captionsetup[table] on input line 82.
See the caption package documentation for explanation.


Package caption Warning: Unused \captionsetup[lstlisting] on input line 84.
See the caption package documentation for explanation.

(./cawp-peerson.aux (./cawp-half-title.aux) (./cawp-series.aux)
(./cawp-title.aux) (./cawp-CIP.aux) (./cawp-dedication.aux)
(./cawp-foreword.aux) (./cawp-preface.aux) (./cawp-ack.aux) (./cawp-author.aux)
(./cawp-application-developers.aux) (./cawp-library-writers.aux)
(./cawp-writing-allocators.aux) (./cawp-advanced.aux) (./cawp-appendix.aux)) )
(see the transcript file for additional information)
Output written on cawp-peerson.pdf (24 pages).
Transcript written on cawp-peerson.log.
Latexmk: applying rule 'makeindex cawp-peerson.idx'...
Latexmk: applying rule 'bibtex cawp-peerson'...
For rule 'bibtex cawp-peerson', running '&run_bibtex(  )' ...
This is BibTeX, Version 0.99d (TeX Live 2017/Debian)
The top-level auxiliary file: cawp-peerson.aux
A level-1 auxiliary file: cawp-half-title.aux
A level-1 auxiliary file: cawp-series.aux
A level-1 auxiliary file: cawp-title.aux
A level-1 auxiliary file: cawp-CIP.aux
A level-1 auxiliary file: cawp-dedication.aux
A level-1 auxiliary file: cawp-foreword.aux
A level-1 auxiliary file: cawp-preface.aux
A level-1 auxiliary file: cawp-ack.aux
A level-1 auxiliary file: cawp-author.aux
A level-1 auxiliary file: cawp-application-developers.aux
A level-1 auxiliary file: cawp-library-writers.aux
A level-1 auxiliary file: cawp-writing-allocators.aux
A level-1 auxiliary file: cawp-advanced.aux
The style file: ieeetr-hacked.bst
A level-1 auxiliary file: cawp-appendix.aux
Database file #1: cawp-bib.bib
Database file #2: wg21-bib.bib
Latexmk: applying rule 'pdflatex'...
This is XeTeX, Version 3.14159265-2.6-0.99998 (TeX Live 2017/Debian) (preloaded format=xelatex)
 \write18 enabled.
entering extended mode
(./cawp-peerson.tex
LaTeX2e <2017-04-15>
Babel <3.18> and hyphenation patterns for 84 language(s) loaded.
(./newstyle-PearsonGeneric-7-38.cls
Document Class: newstyle-PearsonGeneric-7-38 1997/02/20 Prentice Hall Book Clas
s, February 1997
(/usr/share/texlive/texmf-dist/tex/latex/base/report.cls
Document Class: report 2014/09/29 v1.4h Standard LaTeX document class
(/usr/share/texlive/texmf-dist/tex/latex/base/size10.clo)))
(/usr/share/texlive/texmf-dist/tex/latex/geometry/geometry.sty
(/usr/share/texlive/texmf-dist/tex/latex/graphics/keyval.sty)
(/usr/share/texlive/texmf-dist/tex/generic/oberdiek/ifpdf.sty)
(/usr/share/texlive/texmf-dist/tex/generic/oberdiek/ifvtex.sty)
(/usr/share/texlive/texmf-dist/tex/generic/ifxetex/ifxetex.sty))

Package geometry Warning: Over-specification in `h'-direction.
    `width' (397.48499pt) is ignored.


Package geometry Warning: Over-specification in `v'-direction.
    `height' (534.79755pt) is ignored.

(/usr/share/texlive/texmf-dist/tex/latex/amsmath/amsmath.sty
For additional information on amsmath, use the `?' option.
(/usr/share/texlive/texmf-dist/tex/latex/amsmath/amstext.sty
(/usr/share/texlive/texmf-dist/tex/latex/amsmath/amsgen.sty))
(/usr/share/texlive/texmf-dist/tex/latex/amsmath/amsbsy.sty)
(/usr/share/texlive/texmf-dist/tex/latex/amsmath/amsopn.sty))
(/usr/share/texlive/texmf-dist/tex/latex/amsfonts/amsfonts.sty)
(/usr/share/texlive/texmf-dist/tex/latex/amsfonts/amssymb.sty)
(/usr/share/texlive/texmf-dist/tex/xelatex/mathspec/mathspec.sty
(/usr/share/texlive/texmf-dist/tex/latex/etoolbox/etoolbox.sty)
(/usr/share/texlive/texmf-dist/tex/latex/fontspec/fontspec.sty
(/usr/share/texlive/texmf-dist/tex/latex/l3packages/xparse/xparse.sty
(/usr/share/texlive/texmf-dist/tex/latex/l3kernel/expl3.sty
(/usr/share/texlive/texmf-dist/tex/latex/l3kernel/expl3-code.tex)
(/usr/share/texlive/texmf-dist/tex/latex/l3kernel/l3xdvipdfmx.def)))
(/usr/share/texlive/texmf-dist/tex/latex/fontspec/fontspec-xetex.sty
(/usr/share/texlive/texmf-dist/tex/latex/base/fontenc.sty
(/usr/share/texlive/texmf-dist/tex/latex/base/tuenc.def))
(/usr/share/texlive/texmf-dist/tex/latex/fontspec/fontspec.cfg)))
(/usr/share/texlive/texmf-dist/tex/latex/xkeyval/xkeyval.sty
(/usr/share/texlive/texmf-dist/tex/generic/xkeyval/xkeyval.tex
(/usr/share/texlive/texmf-dist/tex/generic/xkeyval/xkvutils.tex))))
*************************************************
* fontspec warning: "icu-feature-not-exist-in-font"
* 
* OpenType feature 'Ligatures=CommonOff' (liga) not available for font
* 'Cousine-Regular' with script '' and language ''.
*************************************************
*************************************************
* fontspec warning: "icu-feature-not-exist-in-font"
* 
* OpenType feature 'Ligatures=CommonOff' (liga) not available for font
* 'Cousine-Regular' with script '' and language ''.
*************************************************
*************************************************
* fontspec warning: "icu-feature-not-exist-in-font"
* 
* OpenType feature 'Ligatures=CommonOff' (liga) not available for font
* 'Cousine Bold' with script '' and language ''.
*************************************************
*************************************************
* fontspec warning: "icu-feature-not-exist-in-font"
* 
* OpenType feature 'Ligatures=CommonOff' (liga) not available for font
* 'Cousine-Regular/I' with script '' and language ''.
*************************************************
*************************************************
* fontspec warning: "icu-feature-not-exist-in-font"
* 
* OpenType feature 'Ligatures=CommonOff' (liga) not available for font
* 'Cousine-Italic' with script '' and language ''.
*************************************************
*************************************************
* fontspec warning: "icu-feature-not-exist-in-font"
* 
* OpenType feature 'Ligatures=CommonOff' (liga) not available for font
* 'Cousine Bold/I' with script '' and language ''.
*************************************************
*************************************************
* fontspec warning: "icu-feature-not-exist-in-font"
* 
* OpenType feature 'Ligatures=CommonOff' (liga) not available for font
* 'Cousine-Bold Italic' with script '' and language ''.
*************************************************
*************************************************
* fontspec warning: "icu-feature-not-exist-in-font"
* 
* OpenType feature 'Ligatures=CommonOff' (liga) not available for font
* 'Cousine-Bold' with script '' and language ''.
*************************************************
*************************************************
* fontspec warning: "icu-feature-not-exist-in-font"
* 
* OpenType feature 'Ligatures=CommonOff' (liga) not available for font
* 'Cousine-Bold' with script '' and language ''.
*************************************************
*************************************************
* fontspec warning: "icu-feature-not-exist-in-font"
* 
* OpenType feature 'Ligatures=CommonOff' (liga) not available for font
* 'Cousine-Bold' with script '' and language ''.
*************************************************
*************************************************
* fontspec warning: "icu-feature-not-exist-in-font"
* 
* OpenType feature 'Ligatures=CommonOff' (liga) not available for font
* 'Cousine-Bold' with script '' and language ''.
*************************************************
*************************************************
* fontspec warning: "icu-feature-not-exist-in-font"
* 
* OpenType feature 'Ligatures=CommonOff' (liga) not available for font
* 'Cousine-Bold' with script '' and language ''.
*************************************************
*************************************************
* fontspec warning: "icu-feature-not-exist-in-font"
* 
* OpenType feature 'Ligatures=CommonOff' (liga) not available for font
* 'Cousine-Bold' with script '' and language ''.
*************************************************
*************************************************
* fontspec warning: "icu-feature-not-exist-in-font"
* 
* OpenType feature 'Ligatures=CommonOff' (liga) not available for font
* 'Cousine-Bold' with script '' and language ''.
*************************************************
*************************************************
* fontspec warning: "icu-feature-not-exist-in-font"
* 
* OpenType feature 'Ligatures=CommonOff' (liga) not available for font
* 'Cousine-Bold' with script '' and language ''.
*************************************************
*************************************************
* fontspec warning: "icu-feature-not-exist-in-font"
* 
* OpenType feature 'Ligatures=CommonOff' (liga) not available for font
* 'Cousine-Regular' with script '' and language ''.
*************************************************
*************************************************
* fontspec warning: "icu-feature-not-exist-in-font"
* 
* OpenType feature 'Ligatures=CommonOff' (liga) not available for font
* 'Cousine-Regular' with script '' and language ''.
*************************************************
(./crop-AlteredCamMarks.sty

LaTeX Warning: You have requested package `crop-AlteredCamMarks',
               but the package provides `crop'.

(/usr/share/texlive/texmf-dist/tex/latex/graphics/color.sty
(/usr/share/texlive/texmf-dist/tex/latex/graphics-cfg/color.cfg)
(/usr/share/texlive/texmf-dist/tex/latex/graphics-def/xetex.def))
(/usr/share/texlive/texmf-dist/tex/latex/graphics/graphics.sty
(/usr/share/texlive/texmf-dist/tex/latex/graphics/trig.sty)
(/usr/share/texlive/texmf-dist/tex/latex/graphics-cfg/graphics.cfg))
(/usr/share/texlive/texmf-dist/tex/xelatex/xetexconfig/crop.cfg))
(/usr/share/texlive/texmf-dist/tex/latex/graphics/graphicx.sty)
(/usr/share/texlive/texmf-dist/tex/latex/float/float.sty)
(/usr/share/texlive/texmf-dist/tex/latex/wrapfig/wrapfig.sty)
(/usr/share/texlive/texmf-dist/tex/latex/outline/outline.sty)
(./framed-PearsonGeneric.sty)
(/usr/share/texlive/texmf-dist/tex/latex/listings/listings.sty
(/usr/share/texlive/texmf-dist/tex/latex/listings/lstmisc.sty)
(/usr/share/texlive/texmf-dist/tex/latex/listings/listings.cfg))
(/usr/share/texlive/texmf-dist/tex/latex/footmisc/footmisc.sty)
(/usr/share/texlive/texmf-dist/tex/latex/threeparttable/threeparttable.sty)
(/usr/share/texlive/texmf-dist/tex/latex/titleref/titleref.sty)
(/usr/share/texlive/texmf-dist/tex/latex/tools/xr.sty)
(/usr/share/texlive/texmf-dist/tex/latex/colortbl/colortbl.sty
(/usr/share/texlive/texmf-dist/tex/latex/tools/array.sty))
(/usr/share/texlive/texmf-dist/tex/latex/caption/caption.sty
(/usr/share/texlive/texmf-dist/tex/latex/caption/caption3.sty)

Package caption Warning: Unsupported document class (or package) detected,
(caption)                usage of the caption package is not recommended.
See the caption package documentation for explanation.

) (./tocloft-hacked-PearsonGeneric.sty

Package tocloft Note: The document has chapter divisions.

)
Writing index file cawp-peerson.idx
(./See-makeidx.sty) (./definitions-PearsonGeneric.tex)
\@input{common-peerson-preamble.aux}
(./common-peerson-preamble.tex) (./cawp-peerson.aux (./cawp-half-title.aux)
(./cawp-series.aux) (./cawp-title.aux) (./cawp-CIP.aux) (./cawp-dedication.aux)
(./cawp-foreword.aux) (./cawp-preface.aux) (./cawp-ack.aux) (./cawp-author.aux)
(./cawp-application-developers.aux) (./cawp-library-writers.aux)
(./cawp-writing-allocators.aux) (./cawp-advanced.aux) (./cawp-appendix.aux))
*geometry* driver: auto-detecting
*geometry* detected driver: xetex

Package caption Warning: \caption will not be redefined since it's already
(caption)                redefined by a document class or package which is
(caption)                unknown to the caption package.
See the caption package documentation for explanation.

(./cft-definitions-PearsonGeneric.tex) (./cawp-half-title.tex) [1]
(./cawp-series.tex) [2] (./cawp-title.tex
(/usr/share/texlive/texmf-dist/tex/latex/amsfonts/umsa.fd)
(/usr/share/texlive/texmf-dist/tex/latex/amsfonts/umsb.fd)) [3] (./cawp-CIP.tex

Underfull \hbox (badness 10000) in paragraph at lines 4--22


Underfull \hbox (badness 10000) in paragraph at lines 4--22


Underfull \hbox (badness 10000) in paragraph at lines 4--22


Underfull \hbox (badness 10000) in paragraph at lines 4--22


Underfull \hbox (badness 10000) in paragraph at lines 4--22


Underfull \hbox (badness 10000) in paragraph at lines 4--22


Underfull \hbox (badness 10000) in paragraph at lines 4--22


Underfull \hbox (badness 10000) in paragraph at lines 4--22

) [4] (./cawp-dedication.tex) [5] [6] (./cawp-peerson.toc [7]) [8]
(./cawp-foreword.tex) [9] (./cawp-preface.tex [10]
Underfull \vbox (badness 10000) has occurred while \output is active [11]
Underfull \vbox (badness 10000) has occurred while \output is active [12])
[13] (./cawp-ack.tex [14]) [15] (./cawp-author.tex [16]
Underfull \hbox (badness 10000) in paragraph at lines 6--7


LaTeX Warning: Citation `wg21P1332R0' on page xvii undefined on input line 34.

) [17] [18] (./cawp-application-developers.tex
Chapter 1.
) [1] (./cawp-library-writers.tex
Chapter 2.
) [2] (./cawp-writing-allocators.tex
Chapter 3.
) [3] (./cawp-advanced.tex
Chapter 4.
) [4] (./cawp-peerson.bbl) [5] [6] (./cawp-peerson.ind) (./cawp-appendix.tex
Appendix A.
[7]
Appendix B.
) [8]

Package caption Warning: Unused \captionsetup[table] on input line 82.
See the caption package documentation for explanation.


Package caption Warning: Unused \captionsetup[lstlisting] on input line 84.
See the caption package documentation for explanation.

(./cawp-peerson.aux (./cawp-half-title.aux) (./cawp-series.aux)
(./cawp-title.aux) (./cawp-CIP.aux) (./cawp-dedication.aux)
(./cawp-foreword.aux) (./cawp-preface.aux) (./cawp-ack.aux) (./cawp-author.aux)
(./cawp-application-developers.aux) (./cawp-library-writers.aux)
(./cawp-writing-allocators.aux) (./cawp-advanced.aux) (./cawp-appendix.aux))

LaTeX Warning: Label(s) may have changed. Rerun to get cross-references right.

 )
(see the transcript file for additional information)
Output written on cawp-peerson.pdf (26 pages).
Transcript written on cawp-peerson.log.
Latexmk: applying rule 'bibtex cawp-peerson'...
For rule 'bibtex cawp-peerson', running '&run_bibtex(  )' ...
This is BibTeX, Version 0.99d (TeX Live 2017/Debian)
The top-level auxiliary file: cawp-peerson.aux
A level-1 auxiliary file: cawp-half-title.aux
A level-1 auxiliary file: cawp-series.aux
A level-1 auxiliary file: cawp-title.aux
A level-1 auxiliary file: cawp-CIP.aux
A level-1 auxiliary file: cawp-dedication.aux
A level-1 auxiliary file: cawp-foreword.aux
A level-1 auxiliary file: cawp-preface.aux
A level-1 auxiliary file: cawp-ack.aux
A level-1 auxiliary file: cawp-author.aux
A level-1 auxiliary file: cawp-application-developers.aux
A level-1 auxiliary file: cawp-library-writers.aux
A level-1 auxiliary file: cawp-writing-allocators.aux
A level-1 auxiliary file: cawp-advanced.aux
The style file: ieeetr-hacked.bst
A level-1 auxiliary file: cawp-appendix.aux
Database file #1: cawp-bib.bib
Database file #2: wg21-bib.bib
Latexmk: applying rule 'pdflatex'...
This is XeTeX, Version 3.14159265-2.6-0.99998 (TeX Live 2017/Debian) (preloaded format=xelatex)
 \write18 enabled.
entering extended mode
(./cawp-peerson.tex
LaTeX2e <2017-04-15>
Babel <3.18> and hyphenation patterns for 84 language(s) loaded.
(./newstyle-PearsonGeneric-7-38.cls
Document Class: newstyle-PearsonGeneric-7-38 1997/02/20 Prentice Hall Book Clas
s, February 1997
(/usr/share/texlive/texmf-dist/tex/latex/base/report.cls
Document Class: report 2014/09/29 v1.4h Standard LaTeX document class
(/usr/share/texlive/texmf-dist/tex/latex/base/size10.clo)))
(/usr/share/texlive/texmf-dist/tex/latex/geometry/geometry.sty
(/usr/share/texlive/texmf-dist/tex/latex/graphics/keyval.sty)
(/usr/share/texlive/texmf-dist/tex/generic/oberdiek/ifpdf.sty)
(/usr/share/texlive/texmf-dist/tex/generic/oberdiek/ifvtex.sty)
(/usr/share/texlive/texmf-dist/tex/generic/ifxetex/ifxetex.sty))

Package geometry Warning: Over-specification in `h'-direction.
    `width' (397.48499pt) is ignored.


Package geometry Warning: Over-specification in `v'-direction.
    `height' (534.79755pt) is ignored.

(/usr/share/texlive/texmf-dist/tex/latex/amsmath/amsmath.sty
For additional information on amsmath, use the `?' option.
(/usr/share/texlive/texmf-dist/tex/latex/amsmath/amstext.sty
(/usr/share/texlive/texmf-dist/tex/latex/amsmath/amsgen.sty))
(/usr/share/texlive/texmf-dist/tex/latex/amsmath/amsbsy.sty)
(/usr/share/texlive/texmf-dist/tex/latex/amsmath/amsopn.sty))
(/usr/share/texlive/texmf-dist/tex/latex/amsfonts/amsfonts.sty)
(/usr/share/texlive/texmf-dist/tex/latex/amsfonts/amssymb.sty)
(/usr/share/texlive/texmf-dist/tex/xelatex/mathspec/mathspec.sty
(/usr/share/texlive/texmf-dist/tex/latex/etoolbox/etoolbox.sty)
(/usr/share/texlive/texmf-dist/tex/latex/fontspec/fontspec.sty
(/usr/share/texlive/texmf-dist/tex/latex/l3packages/xparse/xparse.sty
(/usr/share/texlive/texmf-dist/tex/latex/l3kernel/expl3.sty
(/usr/share/texlive/texmf-dist/tex/latex/l3kernel/expl3-code.tex)
(/usr/share/texlive/texmf-dist/tex/latex/l3kernel/l3xdvipdfmx.def)))
(/usr/share/texlive/texmf-dist/tex/latex/fontspec/fontspec-xetex.sty
(/usr/share/texlive/texmf-dist/tex/latex/base/fontenc.sty
(/usr/share/texlive/texmf-dist/tex/latex/base/tuenc.def))
(/usr/share/texlive/texmf-dist/tex/latex/fontspec/fontspec.cfg)))
(/usr/share/texlive/texmf-dist/tex/latex/xkeyval/xkeyval.sty
(/usr/share/texlive/texmf-dist/tex/generic/xkeyval/xkeyval.tex
(/usr/share/texlive/texmf-dist/tex/generic/xkeyval/xkvutils.tex))))
*************************************************
* fontspec warning: "icu-feature-not-exist-in-font"
* 
* OpenType feature 'Ligatures=CommonOff' (liga) not available for font
* 'Cousine-Regular' with script '' and language ''.
*************************************************
*************************************************
* fontspec warning: "icu-feature-not-exist-in-font"
* 
* OpenType feature 'Ligatures=CommonOff' (liga) not available for font
* 'Cousine-Regular' with script '' and language ''.
*************************************************
*************************************************
* fontspec warning: "icu-feature-not-exist-in-font"
* 
* OpenType feature 'Ligatures=CommonOff' (liga) not available for font
* 'Cousine Bold' with script '' and language ''.
*************************************************
*************************************************
* fontspec warning: "icu-feature-not-exist-in-font"
* 
* OpenType feature 'Ligatures=CommonOff' (liga) not available for font
* 'Cousine-Regular/I' with script '' and language ''.
*************************************************
*************************************************
* fontspec warning: "icu-feature-not-exist-in-font"
* 
* OpenType feature 'Ligatures=CommonOff' (liga) not available for font
* 'Cousine-Italic' with script '' and language ''.
*************************************************
*************************************************
* fontspec warning: "icu-feature-not-exist-in-font"
* 
* OpenType feature 'Ligatures=CommonOff' (liga) not available for font
* 'Cousine Bold/I' with script '' and language ''.
*************************************************
*************************************************
* fontspec warning: "icu-feature-not-exist-in-font"
* 
* OpenType feature 'Ligatures=CommonOff' (liga) not available for font
* 'Cousine-Bold Italic' with script '' and language ''.
*************************************************
*************************************************
* fontspec warning: "icu-feature-not-exist-in-font"
* 
* OpenType feature 'Ligatures=CommonOff' (liga) not available for font
* 'Cousine-Bold' with script '' and language ''.
*************************************************
*************************************************
* fontspec warning: "icu-feature-not-exist-in-font"
* 
* OpenType feature 'Ligatures=CommonOff' (liga) not available for font
* 'Cousine-Bold' with script '' and language ''.
*************************************************
*************************************************
* fontspec warning: "icu-feature-not-exist-in-font"
* 
* OpenType feature 'Ligatures=CommonOff' (liga) not available for font
* 'Cousine-Bold' with script '' and language ''.
*************************************************
*************************************************
* fontspec warning: "icu-feature-not-exist-in-font"
* 
* OpenType feature 'Ligatures=CommonOff' (liga) not available for font
* 'Cousine-Bold' with script '' and language ''.
*************************************************
*************************************************
* fontspec warning: "icu-feature-not-exist-in-font"
* 
* OpenType feature 'Ligatures=CommonOff' (liga) not available for font
* 'Cousine-Bold' with script '' and language ''.
*************************************************
*************************************************
* fontspec warning: "icu-feature-not-exist-in-font"
* 
* OpenType feature 'Ligatures=CommonOff' (liga) not available for font
* 'Cousine-Bold' with script '' and language ''.
*************************************************
*************************************************
* fontspec warning: "icu-feature-not-exist-in-font"
* 
* OpenType feature 'Ligatures=CommonOff' (liga) not available for font
* 'Cousine-Bold' with script '' and language ''.
*************************************************
*************************************************
* fontspec warning: "icu-feature-not-exist-in-font"
* 
* OpenType feature 'Ligatures=CommonOff' (liga) not available for font
* 'Cousine-Bold' with script '' and language ''.
*************************************************
*************************************************
* fontspec warning: "icu-feature-not-exist-in-font"
* 
* OpenType feature 'Ligatures=CommonOff' (liga) not available for font
* 'Cousine-Regular' with script '' and language ''.
*************************************************
*************************************************
* fontspec warning: "icu-feature-not-exist-in-font"
* 
* OpenType feature 'Ligatures=CommonOff' (liga) not available for font
* 'Cousine-Regular' with script '' and language ''.
*************************************************
(./crop-AlteredCamMarks.sty

LaTeX Warning: You have requested package `crop-AlteredCamMarks',
               but the package provides `crop'.

(/usr/share/texlive/texmf-dist/tex/latex/graphics/color.sty
(/usr/share/texlive/texmf-dist/tex/latex/graphics-cfg/color.cfg)
(/usr/share/texlive/texmf-dist/tex/latex/graphics-def/xetex.def))
(/usr/share/texlive/texmf-dist/tex/latex/graphics/graphics.sty
(/usr/share/texlive/texmf-dist/tex/latex/graphics/trig.sty)
(/usr/share/texlive/texmf-dist/tex/latex/graphics-cfg/graphics.cfg))
(/usr/share/texlive/texmf-dist/tex/xelatex/xetexconfig/crop.cfg))
(/usr/share/texlive/texmf-dist/tex/latex/graphics/graphicx.sty)
(/usr/share/texlive/texmf-dist/tex/latex/float/float.sty)
(/usr/share/texlive/texmf-dist/tex/latex/wrapfig/wrapfig.sty)
(/usr/share/texlive/texmf-dist/tex/latex/outline/outline.sty)
(./framed-PearsonGeneric.sty)
(/usr/share/texlive/texmf-dist/tex/latex/listings/listings.sty
(/usr/share/texlive/texmf-dist/tex/latex/listings/lstmisc.sty)
(/usr/share/texlive/texmf-dist/tex/latex/listings/listings.cfg))
(/usr/share/texlive/texmf-dist/tex/latex/footmisc/footmisc.sty)
(/usr/share/texlive/texmf-dist/tex/latex/threeparttable/threeparttable.sty)
(/usr/share/texlive/texmf-dist/tex/latex/titleref/titleref.sty)
(/usr/share/texlive/texmf-dist/tex/latex/tools/xr.sty)
(/usr/share/texlive/texmf-dist/tex/latex/colortbl/colortbl.sty
(/usr/share/texlive/texmf-dist/tex/latex/tools/array.sty))
(/usr/share/texlive/texmf-dist/tex/latex/caption/caption.sty
(/usr/share/texlive/texmf-dist/tex/latex/caption/caption3.sty)

Package caption Warning: Unsupported document class (or package) detected,
(caption)                usage of the caption package is not recommended.
See the caption package documentation for explanation.

) (./tocloft-hacked-PearsonGeneric.sty

Package tocloft Note: The document has chapter divisions.

)
Writing index file cawp-peerson.idx
(./See-makeidx.sty) (./definitions-PearsonGeneric.tex)
\@input{common-peerson-preamble.aux}
(./common-peerson-preamble.tex) (./cawp-peerson.aux (./cawp-half-title.aux)
(./cawp-series.aux) (./cawp-title.aux) (./cawp-CIP.aux) (./cawp-dedication.aux)
(./cawp-foreword.aux) (./cawp-preface.aux) (./cawp-ack.aux) (./cawp-author.aux)
(./cawp-application-developers.aux) (./cawp-library-writers.aux)
(./cawp-writing-allocators.aux) (./cawp-advanced.aux) (./cawp-appendix.aux))
*geometry* driver: auto-detecting
*geometry* detected driver: xetex

Package caption Warning: \caption will not be redefined since it's already
(caption)                redefined by a document class or package which is
(caption)                unknown to the caption package.
See the caption package documentation for explanation.

(./cft-definitions-PearsonGeneric.tex) (./cawp-half-title.tex) [1]
(./cawp-series.tex) [2] (./cawp-title.tex
(/usr/share/texlive/texmf-dist/tex/latex/amsfonts/umsa.fd)
(/usr/share/texlive/texmf-dist/tex/latex/amsfonts/umsb.fd)) [3] (./cawp-CIP.tex

Underfull \hbox (badness 10000) in paragraph at lines 4--22


Underfull \hbox (badness 10000) in paragraph at lines 4--22


Underfull \hbox (badness 10000) in paragraph at lines 4--22


Underfull \hbox (badness 10000) in paragraph at lines 4--22


Underfull \hbox (badness 10000) in paragraph at lines 4--22


Underfull \hbox (badness 10000) in paragraph at lines 4--22


Underfull \hbox (badness 10000) in paragraph at lines 4--22


Underfull \hbox (badness 10000) in paragraph at lines 4--22

) [4] (./cawp-dedication.tex) [5] [6] (./cawp-peerson.toc [7]) [8]
(./cawp-foreword.tex) [9] (./cawp-preface.tex [10]
Underfull \vbox (badness 10000) has occurred while \output is active [11]
Underfull \vbox (badness 10000) has occurred while \output is active [12])
[13] (./cawp-ack.tex [14]) [15] (./cawp-author.tex [16]
Underfull \hbox (badness 10000) in paragraph at lines 6--7

) [17] [18] (./cawp-application-developers.tex
Chapter 1.
) [1] (./cawp-library-writers.tex
Chapter 2.
) [2] (./cawp-writing-allocators.tex
Chapter 3.
) [3] (./cawp-advanced.tex
Chapter 4.
) [4] (./cawp-peerson.bbl) [5] [6] (./cawp-peerson.ind) (./cawp-appendix.tex
Appendix A.
[7]
Appendix B.
) [8]

Package caption Warning: Unused \captionsetup[table] on input line 82.
See the caption package documentation for explanation.


Package caption Warning: Unused \captionsetup[lstlisting] on input line 84.
See the caption package documentation for explanation.

(./cawp-peerson.aux (./cawp-half-title.aux) (./cawp-series.aux)
(./cawp-title.aux) (./cawp-CIP.aux) (./cawp-dedication.aux)
(./cawp-foreword.aux) (./cawp-preface.aux) (./cawp-ack.aux) (./cawp-author.aux)
(./cawp-application-developers.aux) (./cawp-library-writers.aux)
(./cawp-writing-allocators.aux) (./cawp-advanced.aux) (./cawp-appendix.aux)) )
(see the transcript file for additional information)
Output written on cawp-peerson.pdf (26 pages).
Transcript written on cawp-peerson.log.
Latexmk: All targets (cawp-peerson.pdf) are up-to-date
