This is pdfTeXk, Version 3.1415926-1.40.9 (Web2C 7.5.7) (format=pdflatex 2008.12.28)  26 JAN 2010 21:58
entering extended mode
\write18 enabled.
 %&-line parsing enabled.
**geometry.dtx
(./geometry.dtx
LaTeX2e <2005/12/01>
Babel <v3.8l> and hyphenation patterns for english, usenglishmax, dumylang, noh
yphenation, german-x-2008-06-18, ngerman-x-2008-06-18, ancientgreek, ibycus, ar
abic, basque, bulgarian, catalan, pinyin, coptic, croatian, czech, danish, dutc
h, esperanto, estonian, farsi, finnish, french, galician, german, ngerman, mono
greek, greek, hungarian, icelandic, indonesian, interlingua, irish, italian, la
tin, lithuanian, mongolian, mongolian2a, bokmal, nynorsk, polish, portuguese, r
omanian, russian, sanskrit, serbian, slovak, slovenian, spanish, swedish, turki
sh, ukenglish, ukrainian, uppersorbian, welsh, loaded.
File: geometry.drv 
(/usr/local/texlive/2008/texmf-dist/tex/latex/base/ltxdoc.cls
Document Class: ltxdoc 1999/08/08 v2.0u Standard LaTeX documentation class
(/usr/local/texlive/2008/texmf-dist/tex/latex/base/article.cls
Document Class: article 2005/09/16 v1.4f Standard LaTeX document class
(/usr/local/texlive/2008/texmf-dist/tex/latex/base/size10.clo
File: size10.clo 2005/09/16 v1.4f Standard LaTeX file (size option)
)
\c@part=\count79
\c@section=\count80
\c@subsection=\count81
\c@subsubsection=\count82
\c@paragraph=\count83
\c@subparagraph=\count84
\c@figure=\count85
\c@table=\count86
\abovecaptionskip=\skip41
\belowcaptionskip=\skip42
\bibindent=\dimen102
)
(/usr/local/texlive/2008/texmf-dist/tex/latex/base/doc.sty
Package: doc 2006/02/02 v2.1d Standard LaTeX documentation package (FMi)
\c@StandardModuleDepth=\count87
\guard@level=\count88
\MacrocodeTopsep=\skip43
\MacroIndent=\dimen103
\macro@cnt=\count89
\MacroTopsep=\skip44
\index@excludelist=\toks14

(/usr/local/texlive/2008/texmf-dist/tex/latex/tools/multicol.sty
Package: multicol 2006/05/18 v1.6g multicolumn formatting (FMi)
\c@tracingmulticols=\count90
\mult@box=\box26
\multicol@leftmargin=\dimen104
\c@unbalance=\count91
\c@collectmore=\count92
\doublecol@number=\count93
\multicoltolerance=\count94
\multicolpretolerance=\count95
\full@width=\dimen105
\page@free=\dimen106
\premulticols=\dimen107
\postmulticols=\dimen108
\multicolsep=\skip45
\multicolbaselineskip=\skip46
\partial@page=\box27
\last@line=\box28
\mult@rightbox=\box29
\mult@grightbox=\box30
\mult@gfirstbox=\box31
\mult@firstbox=\box32
\@tempa=\box33
\@tempa=\box34
\@tempa=\box35
\@tempa=\box36
\@tempa=\box37
\@tempa=\box38
\@tempa=\box39
\@tempa=\box40
\@tempa=\box41
\@tempa=\box42
\@tempa=\box43
\@tempa=\box44
\@tempa=\box45
\@tempa=\box46
\@tempa=\box47
\@tempa=\box48
\@tempa=\box49
\c@columnbadness=\count96
\c@finalcolumnbadness=\count97
\last@try=\dimen109
\multicolovershoot=\dimen110
\multicolundershoot=\dimen111
\mult@nat@firstbox=\box50
\colbreak@box=\box51
)
\IndexMin=\dimen112
\c@IndexColumns=\count98
\GlossaryMin=\dimen113
\c@GlossaryColumns=\count99
\check@sum=\count100
\bslash@cnt=\count101
\wrong@table=\toks15
\c@CodelineNo=\count102
))
(/usr/local/texlive/2008/texmf-dist/tex/latex/hyperref/hyperref.sty
Package: hyperref 2009/02/22 v6.78p Hypertext links for LaTeX

(./keyval.sty
Package: keyval 1999/03/16 v1.13 key=value parser (DPC)
\KV@toks@=\toks16
)
(/usr/local/texlive/2008/texmf-dist/tex/generic/oberdiek/ifpdf.sty
Package: ifpdf 2007/12/12 v1.6 Provides the ifpdf switch (HO)
Package ifpdf Info: pdfTeX in pdf mode detected.
)
(/usr/local/texlive/2008/texmf-dist/tex/generic/oberdiek/ifvtex.sty
Package: ifvtex 2008/11/04 v1.4 Switches for detecting VTeX and its modes (HO)
Package ifvtex Info: VTeX not detected.
)
(/usr/local/texlive/2008/texmf-dist/tex/generic/ifxetex/ifxetex.sty
Package: ifxetex 2009/01/23 v0.5 Provides ifxetex conditional
)
(/usr/local/texlive/2008/texmf-dist/tex/latex/oberdiek/hycolor.sty
Package: hycolor 2008/09/08 v1.4 Code for color options of hyperref/bookmark (H
O)

(/usr/local/texlive/2008/texmf-dist/tex/latex/oberdiek/xcolor-patch.sty
Package: xcolor-patch 2008/09/08 xcolor patch
))
\@linkdim=\dimen114
\Hy@linkcounter=\count103
\Hy@pagecounter=\count104

(/usr/local/texlive/2008/texmf-dist/tex/latex/hyperref/pd1enc.def
File: pd1enc.def 2009/02/22 v6.78p Hyperref: PDFDocEncoding definition (HO)
)
(/usr/local/texlive/2008/texmf-dist/tex/generic/oberdiek/etexcmds.sty
Package: etexcmds 2007/12/12 v1.2 Prefix for e-TeX command names (HO)

(/usr/local/texlive/2008/texmf-dist/tex/generic/oberdiek/infwarerr.sty
Package: infwarerr 2007/09/09 v1.2 Providing info/warning/message (HO)
)
Package etexcmds Info: Could not find \expanded.
(etexcmds)             That can mean that you are not using pdfTeX 1.50 or
(etexcmds)             that some package has redefined \expanded.
(etexcmds)             In the latter case, load this package earlier.
)
(/usr/local/texlive/2008/texmf/tex/latex/config/hyperref.cfg
File: hyperref.cfg 2002/06/06 v1.2 hyperref configuration of TeXLive
)
(/usr/local/texlive/2008/texmf-dist/tex/latex/oberdiek/kvoptions.sty
Package: kvoptions 2007/10/18 v3.0 Keyval support for LaTeX options (HO)
)
Package hyperref Info: Option `colorlinks' set `true' on input line 2824.
Package hyperref Info: Hyper figures OFF on input line 2935.
Package hyperref Info: Link nesting OFF on input line 2940.
Package hyperref Info: Hyper index ON on input line 2943.
Package hyperref Info: Plain pages OFF on input line 2950.
Package hyperref Info: Backreferencing OFF on input line 2955.

Implicit mode ON; LaTeX internals redefined
Package hyperref Info: Bookmarks ON on input line 3145.
(/usr/local/texlive/2008/texmf-dist/tex/latex/ltxmisc/url.sty
\Urlmuskip=\muskip10
Package: url 2006/04/12  ver 3.3  Verb mode for urls, etc.
)
LaTeX Info: Redefining \url on input line 3382.

(/usr/local/texlive/2008/texmf-dist/tex/generic/oberdiek/bitset.sty
Package: bitset 2007/09/28 v1.0 Data type bit set (HO)

(/usr/local/texlive/2008/texmf-dist/tex/generic/oberdiek/intcalc.sty
Package: intcalc 2007/09/27 v1.1 Expandable integer calculations (HO)
)
(/usr/local/texlive/2008/texmf-dist/tex/generic/oberdiek/bigintcalc.sty
Package: bigintcalc 2007/11/11 v1.1 Expandable big integer calculations (HO)

(/usr/local/texlive/2008/texmf-dist/tex/generic/oberdiek/pdftexcmds.sty
Package: pdftexcmds 2007/12/12 v0.3 LuaTeX support for pdfTeX utility functions
 (HO)
Package pdftexcmds Info: LuaTeX not detected on input line 139.
)))
(/usr/local/texlive/2008/texmf-dist/tex/generic/oberdiek/kvsetkeys.sty
Package: kvsetkeys 2007/09/29 v1.3 Key value parser with default handler suppor
t (HO)
)
\Fld@menulength=\count105
\Field@Width=\dimen115
\Fld@charsize=\dimen116
\Field@toks=\toks17
Package hyperref Info: Hyper figures OFF on input line 4299.
Package hyperref Info: Link nesting OFF on input line 4304.
Package hyperref Info: Hyper index ON on input line 4307.
Package hyperref Info: backreferencing OFF on input line 4314.
Package hyperref Info: Link coloring ON on input line 4317.
Package hyperref Info: Link coloring with OCG OFF on input line 4324.
Package hyperref Info: PDF/A mode OFF on input line 4329.

(/usr/local/texlive/2008/texmf-dist/tex/generic/oberdiek/atbegshi.sty
Package: atbegshi 2008/07/31 v1.9 At begin shipout hook (HO)
)
\Hy@abspage=\count106
\c@Item=\count107
\c@Hfootnote=\count108
)
*hyperref using default driver hpdftex*
(/usr/local/texlive/2008/texmf-dist/tex/latex/hyperref/hpdftex.def
File: hpdftex.def 2009/02/22 v6.78p Hyperref driver for pdfTeX
\Fld@listcount=\count109
)
(/usr/local/texlive/2008/texmf-dist/tex/latex/geometry/geometry.sty
Package: geometry 2008/12/21 v4.2 Page Geometry
\Gm@cnth=\count110
\Gm@cntv=\count111
\c@Gm@tempcnt=\count112
\Gm@bindingoffset=\dimen117
\Gm@wd@mp=\dimen118
\Gm@odd@mp=\dimen119
\Gm@even@mp=\dimen120
\Gm@dimlist=\toks18

(/usr/local/texlive/2008/texmf-dist/tex/xelatex/xetexconfig/geometry.cfg))
(./geometry.aux)
\openout1 = `geometry.aux'.

LaTeX Font Info:    Checking defaults for OML/cmm/m/it on input line 123.
LaTeX Font Info:    ... okay on input line 123.
LaTeX Font Info:    Checking defaults for T1/cmr/m/n on input line 123.
LaTeX Font Info:    ... okay on input line 123.
LaTeX Font Info:    Checking defaults for OT1/cmr/m/n on input line 123.
LaTeX Font Info:    ... okay on input line 123.
LaTeX Font Info:    Checking defaults for OMS/cmsy/m/n on input line 123.
LaTeX Font Info:    ... okay on input line 123.
LaTeX Font Info:    Checking defaults for OMX/cmex/m/n on input line 123.
LaTeX Font Info:    ... okay on input line 123.
LaTeX Font Info:    Checking defaults for U/cmr/m/n on input line 123.
LaTeX Font Info:    ... okay on input line 123.
LaTeX Font Info:    Checking defaults for PD1/pdf/m/n on input line 123.
LaTeX Font Info:    ... okay on input line 123.
Package doc Info: Made | a short reference for \verb on input line 123.
 (./color.sty
Package: color 2005/11/14 v1.0j Standard LaTeX Color (DPC)

(/usr/local/texlive/2008/texmf/tex/latex/config/color.cfg
File: color.cfg 2007/01/18 v1.5 color configuration of teTeX/TeXLive
)
Package color Info: Driver file: pdftex.def on input line 130.

(/usr/local/texlive/2008/texmf-dist/tex/latex/pdftex-def/pdftex.def
File: pdftex.def 2008/09/08 v0.04l Graphics/color for pdfTeX
\Gread@gobject=\count113

(/usr/local/texlive/2008/texmf-dist/tex/context/base/supp-pdf.tex
[Loading MPS to PDF converter (version 2006.09.02).]
\scratchcounter=\count114
\scratchdimen=\dimen121
\scratchbox=\box52
\nofMPsegments=\count115
\nofMParguments=\count116
\everyMPshowfont=\toks19
\MPscratchCnt=\count117
\MPscratchDim=\dimen122
\MPnumerator=\count118
\everyMPtoPDFconversion=\toks20
)))
Package hyperref Info: Link coloring ON on input line 123.
 (/usr/local/texlive/2008/texmf-dist/tex/latex/hyperref/nameref.sty
Package: nameref 2007/05/29 v2.31 Cross-referencing by name of section

(/usr/local/texlive/2008/texmf-dist/tex/latex/oberdiek/refcount.sty
Package: refcount 2008/08/11 v3.1 Data extraction from references (HO)
)
\c@section@level=\count119
)
LaTeX Info: Redefining \ref on input line 123.
LaTeX Info: Redefining \pageref on input line 123.
\@outlinefile=\write3
\openout3 = `geometry.out'.

\AtBeginShipoutBox=\box53

*geometry auto-detecting driver*
*geometry detected driver: pdftex*
-------------------- Geometry parameters
paper: a4paper
landscape: --
twocolumn: --
twoside: --
asymmetric: --
h-parts: 108.12054pt, 446.7082pt, 42.67912pt
v-parts: 42.67912pt, 773.91498pt, 28.45274pt
hmarginratio: --
vmarginratio: --
lines: --
heightrounded: --
bindingoffset: 0.0pt
truedimen: --
includehead: true
includefoot: true
includemp: --
driver: pdftex
-------------------- Page layout dimensions and switches
\paperwidth  597.50787pt
\paperheight 845.04684pt
\textwidth  446.7082pt
\textheight 706.91498pt
\oddsidemargin  35.85056pt
\evensidemargin 35.85056pt
\topmargin  -29.59087pt
\headheight 12.0pt
\headsep    25.0pt
\footskip   30.0pt
\marginparwidth 99.58464pt
\marginparsep   11.0pt
\columnsep  10.0pt
\skip\footins  9.0pt plus 4.0pt minus 2.0pt
\hoffset 0.0pt
\voffset 0.0pt
\mag 1000
\@reversemargintrue 
(1in=72.27pt, 1cm=28.45pt)
-----------------------
(./geometry.dtx
***************************
* Character table correct *
***************************
LaTeX Font Info:    External font `cmex10' loaded for size
(Font)              <12> on input line 177.
LaTeX Font Info:    External font `cmex10' loaded for size
(Font)              <8> on input line 177.
LaTeX Font Info:    External font `cmex10' loaded for size
(Font)              <6> on input line 177.
Package doc Info: Made  a short reference for \verb on input line 178.
(./geometry.toc
LaTeX Font Info:    External font `cmex10' loaded for size
(Font)              <7> on input line 6.
LaTeX Font Info:    External font `cmex10' loaded for size
(Font)              <5> on input line 6.
)
\tf@toc=\write4
\openout4 = `geometry.toc'.

LaTeX Font Info:    Try loading font information for OMS+cmr on input line 204.

 (/usr/local/texlive/2008/texmf-dist/tex/latex/base/omscmr.fd
File: omscmr.fd 1999/05/25 v2.5h Standard LaTeX font definitions
)
LaTeX Font Info:    Font shape `OMS/cmr/m/n' in size <10> not available
(Font)              Font shape `OMS/cmsy/m/n' tried instead on input line 204.
LaTeX Font Info:    Font shape `OT1/cmtt/bx/n' in size <10> not available
(Font)              Font shape `OT1/cmtt/m/n' tried instead on input line 217.

[1

{/usr/local/texlive/2008/texmf-var/fonts/map/pdftex/updmap/pdftex.map}]
LaTeX Font Info:    Font shape `OMS/cmtt/m/n' in size <10> not available
(Font)              Font shape `OMS/cmsy/m/n' tried instead on input line 264.

[2] [3]
LaTeX Font Info:    External font `cmex10' loaded for size
(Font)              <9> on input line 539.
 [4] [5] [6] [7] [8] [9] [10] [11] [12] [13]
Overfull \hbox (0.33745pt too wide) in paragraph at lines 1312--1314
\OT1/cmr/m/n/10 the left(or in-ner) mar-gin is over-writ-ten by []\OT1/cmtt/m/n
/10 left=1cm\OT1/cmr/m/n/10 . As a re-sult, it is equiv-a-lent to []\OT1/cmtt/m
/n/10 hmargin={1cm,2cm}\OT1/cmr/m/n/10 . 
 []

[14] [15] [16] [17] [18] [19] [20] [21] [22] [23] [24] [25] [26] [27] [28]
[29] [30] [31] [32] [33] [34] [35] [36] [37]
*******************
* Checksum passed *
*******************
) [38] (./geometry.aux)

LaTeX Warning: Label(s) may have changed. Rerun to get cross-references right.

 ) 
Here is how much of TeX's memory you used:
 4807 strings out of 493876
 69578 string characters out of 1150567
 167589 words of memory out of 3000000
 7941 multiletter control sequences out of 10000+50000
 13000 words of font info for 46 fonts, out of 3000000 for 5000
 714 hyphenation exceptions out of 8191
 36i,13n,37p,279b,765s stack positions out of 5000i,500n,10000p,200000b,50000s
pdfTeX warning (dest): name{equation.12} has been referenced but does not exi
st, replaced by a fixed one

pdfTeX warning (dest): name{equation.1} has been referenced but does not exist,
 replaced by a fixed one

pdfTeX warning (dest): name{equation.3} has been referenced but does not exist,
 replaced by a fixed one

</usr/local/texlive/2008/texmf-dist/fonts/type1/bluesky/cm/cmbx10.pfb></usr/loc
al/texlive/2008/texmf-dist/fonts/type1/bluesky/cm/cmbx12.pfb></usr/local/texliv
e/2008/texmf-dist/fonts/type1/bluesky/cm/cmbx9.pfb></usr/local/texlive/2008/tex
mf-dist/fonts/type1/bluesky/cm/cmex10.pfb></usr/local/texlive/2008/texmf-dist/f
onts/type1/bluesky/cm/cmmi10.pfb></usr/local/texlive/2008/texmf-dist/fonts/type
1/bluesky/cm/cmmi9.pfb></usr/local/texlive/2008/texmf-dist/fonts/type1/bluesky/
cm/cmr10.pfb></usr/local/texlive/2008/texmf-dist/fonts/type1/bluesky/cm/cmr12.p
fb></usr/local/texlive/2008/texmf-dist/fonts/type1/bluesky/cm/cmr17.pfb></usr/l
ocal/texlive/2008/texmf-dist/fonts/type1/bluesky/cm/cmr6.pfb></usr/local/texliv
e/2008/texmf-dist/fonts/type1/bluesky/cm/cmr7.pfb></usr/local/texlive/2008/texm
f-dist/fonts/type1/bluesky/cm/cmr8.pfb></usr/local/texlive/2008/texmf-dist/font
s/type1/bluesky/cm/cmr9.pfb></usr/local/texlive/2008/texmf-dist/fonts/type1/blu
esky/cm/cmsl10.pfb></usr/local/texlive/2008/texmf-dist/fonts/type1/bluesky/cm/c
msl9.pfb></usr/local/texlive/2008/texmf-dist/fonts/type1/bluesky/cm/cmss10.pfb>
</usr/local/texlive/2008/texmf-dist/fonts/type1/bluesky/cm/cmss17.pfb></usr/loc
al/texlive/2008/texmf-dist/fonts/type1/bluesky/cm/cmss9.pfb></usr/local/texlive
/2008/texmf-dist/fonts/type1/bluesky/cm/cmsy10.pfb></usr/local/texlive/2008/tex
mf-dist/fonts/type1/bluesky/cm/cmsy9.pfb></usr/local/texlive/2008/texmf-dist/fo
nts/type1/bluesky/cm/cmti10.pfb></usr/local/texlive/2008/texmf-dist/fonts/type1
/bluesky/cm/cmti9.pfb></usr/local/texlive/2008/texmf-dist/fonts/type1/bluesky/c
m/cmtt10.pfb></usr/local/texlive/2008/texmf-dist/fonts/type1/bluesky/cm/cmtt12.
pfb></usr/local/texlive/2008/texmf-dist/fonts/type1/bluesky/cm/cmtt8.pfb></usr/
local/texlive/2008/texmf-dist/fonts/type1/bluesky/cm/cmtt9.pfb></usr/local/texl
ive/2008/texmf-dist/fonts/type1/bluesky/latex-fonts/line10.pfb>
Output written on geometry.pdf (38 pages, 307607 bytes).
PDF statistics:
 414 PDF objects out of 1000 (max. 8388607)
 90 named destinations out of 1000 (max. 131072)
 13 words of extra memory for PDF output out of 10000 (max. 10000000)

